[    0s] Memory limit set to 10955196KB
[    0s] Using BUILD_ROOT=/var/cache/obs/worker/root_2
[    0s] Using BUILD_ARCH=riscv64
[    0s] 
[    5s] 
[    5s] oe-RISCV-worker26 started "build _service:extract_file:apache-commons-pool2.spec" at Sat Apr 16 10:13:25 UTC 2022.
[    5s] 
[    5s] Building apache-commons-pool2 for project 'openEuler:Mainline:RISC-V' repository 'advanced_riscv64' arch 'riscv64' srcmd5 '8c814d436065f3f191a05a97990bbd75'
[    5s] 
[    5s] processing recipe /var/cache/obs/worker/root_2/.build-srcdir/_service:extract_file:apache-commons-pool2.spec ...
[   10s] running changelog2spec --target rpm --file /var/cache/obs/worker/root_2/.build-srcdir/_service:extract_file:apache-commons-pool2.spec
[   11s] init_buildsystem --configdir /var/run/obs/worker/2/build/configs --cachedir /var/cache/build --clean --rpmlist /var/cache/obs/worker/root_2/.build.rpmlist /var/cache/obs/worker/root_2/.build-srcdir/_service:extract_file:apache-commons-pool2.spec build ...
[  132s] cycle: bash -> coreutils
[  132s]   breaking dependency coreutils -> bash
[  132s] cycle: bash -> coreutils -> info
[  132s]   breaking dependency coreutils -> info
[  132s] cycle: glibc -> filesystem -> bash -> coreutils
[  132s]   breaking dependency filesystem -> bash
[  132s] cycle: glibc -> filesystem -> coreutils
[  132s]   breaking dependency coreutils -> glibc
[  132s] cycle: glibc -> filesystem -> coreutils -> libacl
[  132s]   breaking dependency coreutils -> libacl
[  132s] cycle: glibc -> filesystem -> coreutils -> attr
[  132s]   breaking dependency coreutils -> attr
[  132s] cycle: coreutils -> libcap -> bash
[  132s]   breaking dependency coreutils -> libcap
[  132s] cycle: glibc -> filesystem -> coreutils -> openssl-libs
[  132s]   breaking dependency coreutils -> openssl-libs
[  132s] cycle: glibc -> filesystem -> coreutils -> libselinux
[  132s]   breaking dependency libselinux -> glibc
[  132s] cycle: glibc -> filesystem -> coreutils -> libselinux -> pcre2
[  132s]   breaking dependency pcre2 -> glibc
[  132s] cycle: glibc -> filesystem -> coreutils -> libselinux -> pcre2 -> readline
[  132s]   breaking dependency readline -> glibc
[  132s] cycle: glibc -> filesystem -> coreutils -> libselinux -> pcre2 -> readline -> ncurses-libs
[  132s]   breaking dependency coreutils -> libselinux
[  132s] cycle: glibc -> filesystem -> coreutils -> ncurses
[  132s]   breaking dependency ncurses -> glibc
[  132s] cycle: glibc -> filesystem -> coreutils -> ncurses -> ncurses-libs
[  132s]   breaking dependency ncurses -> ncurses-libs
[  132s] cycle: filesystem -> coreutils -> ncurses -> libgcc
[  132s]   breaking dependency ncurses -> libgcc
[  132s] cycle: perl-Carp -> perl-libs
[  132s]   breaking dependency perl-libs -> perl-Carp
[  132s] cycle: perl-libs -> perl-Exporter
[  132s]   breaking dependency perl-libs -> perl-Exporter
[  132s] cycle: perl-Carp -> perl-Exporter
[  132s]   breaking dependency perl-Exporter -> perl-Carp
[  132s] cycle: nss-util -> nss
[  132s]   breaking dependency nss -> nss-util
[  132s] cycle: nss-softokn -> nss-util -> nss
[  132s]   breaking dependency nss -> nss-softokn
[  132s] cycle: systemd -> cryptsetup -> device-mapper
[  132s]   breaking dependency systemd -> cryptsetup
[  132s] cycle: audit -> systemd -> pam
[  132s]   breaking dependency systemd -> pam
[  132s] [1/84] preinstalling dbus...
[  133s] [2/84] preinstalling libffi-devel...
[  134s] [3/84] preinstalling nodejs-source-map...
[  135s] [4/84] preinstalling python3-pip...
[  140s] [5/84] preinstalling python3-setuptools_scm...
[  141s] [6/84] preinstalling ncurses...
[  148s] [7/84] preinstalling coreutils...
[  154s] [8/84] preinstalling filesystem...
[  159s] [9/84] preinstalling glibc...
[  163s] [10/84] preinstalling libgcc...
[  164s] [11/84] preinstalling diffutils...
[  166s] [12/84] preinstalling libcap-ng...
[  167s] [13/84] preinstalling libgpg-error...
[  168s] [14/84] preinstalling libpcap...
[  169s] [15/84] preinstalling libsmartcols...
[  171s] [16/84] preinstalling libuuid...
[  172s] [17/84] preinstalling libxcrypt...
[  173s] [18/84] preinstalling lz4...
[  174s] [19/84] preinstalling m4...
[  175s] [20/84] preinstalling ncurses-libs...
[  177s] [21/84] preinstalling nspr...
[  178s] [22/84] preinstalling xz-libs...
[  179s] [23/84] preinstalling zlib...
[  180s] [24/84] preinstalling attr...
[  181s] [25/84] preinstalling libdb...
[  186s] [26/84] preinstalling zstd...
[  188s] [27/84] preinstalling audit-libs...
[  189s] [28/84] preinstalling file...
[  191s] [29/84] preinstalling iptables-libs...
[  192s] [30/84] preinstalling libacl...
[  193s] [31/84] preinstalling libgcrypt...
[  194s] [32/84] preinstalling openssl-libs...
[  197s] [33/84] preinstalling readline...
[  198s] [34/84] preinstalling bash...
[  201s] [35/84] preinstalling cmake...
[  215s] [36/84] preinstalling perl-libs...
[  218s] [37/84] preinstalling dnf...
[  219s] [38/84] preinstalling pcre2...
[  220s] [39/84] preinstalling perl-Exporter...
[  222s] [40/84] preinstalling bzip2...
[  224s] [41/84] preinstalling elfutils...
[  226s] [42/84] preinstalling hostname...
[  227s] [43/84] preinstalling libcap...
[  227s] [44/84] preinstalling pcre...
[  229s] [45/84] preinstalling popt...
[  230s] [46/84] preinstalling acl...
[  230s] [47/84] preinstalling libblkid...
[  231s] [48/84] preinstalling openssl...
[  233s] [49/84] preinstalling sqlite...
[  235s] [50/84] preinstalling tar...
[  236s] [51/84] preinstalling info...
[  238s] [52/84] preinstalling libgcrypt-devel...
[  238s] [53/84] preinstalling lua...
[  240s] [54/84] preinstalling libselinux...
[  241s] [55/84] preinstalling perl-Carp...
[  242s] [56/84] preinstalling copy-jdk-configs...
[  243s] [57/84] preinstalling libfdisk...
[  244s] [58/84] preinstalling perl-Digest-MD5...
[  245s] [59/84] preinstalling grep...
[  246s] [60/84] preinstalling rpm-libs...
[  247s] [61/84] preinstalling chkconfig...
[  249s] [62/84] preinstalling sed...
[  251s] [63/84] preinstalling libmount...
[  253s] [64/84] preinstalling libsemanage...
[  254s] [65/84] preinstalling perl-constant...
[  255s] [66/84] preinstalling findutils...
[  257s] [67/84] preinstalling xz...
[  258s] [68/84] preinstalling perl-Getopt-Long...
[  259s] [69/84] preinstalling glib2...
[  263s] [70/84] preinstalling nss...
[  265s] [71/84] preinstalling perl-Data-Dumper...
[  266s] [72/84] preinstalling systemd-libs...
[  267s] [73/84] preinstalling systemd...
[  273s] [74/84] preinstalling dbus-libs...
[  274s] [75/84] preinstalling nss-util...
[  276s] [76/84] preinstalling audit...
[  278s] [77/84] preinstalling nss-softokn...
[  280s] [78/84] preinstalling pam...
[  282s] [79/84] preinstalling rpm...
[  284s] [80/84] preinstalling openEuler-rpm-config...
[  285s] [81/84] preinstalling util-linux...
[  290s] [82/84] preinstalling device-mapper...
[  291s] [83/84] preinstalling cryptsetup...
[  293s] [84/84] preinstalling lvm2...
[  296s] 
[  299s] initializing rpm db...
[  317s] reordering...cycle: bash -> coreutils
[  317s]   breaking dependency coreutils -> bash
[  317s] cycle: bash -> coreutils -> info
[  317s]   breaking dependency coreutils -> info
[  317s] cycle: glibc -> basesystem -> filesystem -> bash -> coreutils -> gmp
[  317s]   breaking dependency filesystem -> bash
[  317s] cycle: glibc -> basesystem -> filesystem -> coreutils -> gmp
[  317s]   breaking dependency coreutils -> gmp
[  317s] cycle: glibc -> basesystem -> filesystem -> coreutils
[  317s]   breaking dependency coreutils -> glibc
[  317s] cycle: glibc -> basesystem -> filesystem -> coreutils -> libacl
[  317s]   breaking dependency coreutils -> libacl
[  317s] cycle: glibc -> basesystem -> filesystem -> coreutils -> attr
[  317s]   breaking dependency coreutils -> attr
[  317s] cycle: coreutils -> libcap -> bash
[  317s]   breaking dependency coreutils -> libcap
[  317s] cycle: glibc -> basesystem -> filesystem -> coreutils -> openssl-libs
[  317s]   breaking dependency openssl-libs -> glibc
[  317s] cycle: coreutils -> openssl-libs -> ca-certificates -> bash
[  317s]   breaking dependency ca-certificates -> bash
[  317s] cycle: coreutils -> openssl-libs -> ca-certificates
[  317s]   breaking dependency ca-certificates -> coreutils
[  317s] cycle: coreutils -> openssl-libs -> ca-certificates -> grep -> bash
[  317s]   breaking dependency grep -> bash
[  317s] cycle: coreutils -> openssl-libs -> ca-certificates -> grep
[  317s]   breaking dependency ca-certificates -> grep
[  317s] cycle: glibc -> basesystem -> filesystem -> coreutils -> openssl-libs -> ca-certificates -> p11-kit
[  317s]   breaking dependency p11-kit -> glibc
[  317s] cycle: glibc -> basesystem -> filesystem -> coreutils -> openssl-libs -> ca-certificates -> p11-kit -> libffi
[  317s]   breaking dependency openssl-libs -> ca-certificates
[  317s] cycle: coreutils -> openssl-libs -> crypto-policies -> bash
[  317s]   breaking dependency crypto-policies -> bash
[  317s] cycle: coreutils -> openssl-libs -> crypto-policies
[  317s]   breaking dependency crypto-policies -> coreutils
[  317s] cycle: coreutils -> openssl-libs -> crypto-policies -> grep
[  317s]   breaking dependency grep -> coreutils
[  317s] cycle: glibc -> basesystem -> filesystem -> coreutils -> openssl-libs -> crypto-policies -> grep
[  317s]   breaking dependency glibc -> basesystem
[  317s] cycle: glibc -> glibc-common -> bash -> coreutils -> openssl-libs -> crypto-policies -> grep
[  317s]   breaking dependency glibc-common -> bash
[  317s] cycle: glibc -> glibc-common -> coreutils -> openssl-libs -> crypto-policies -> grep
[  317s]   breaking dependency glibc-common -> coreutils
[  317s] cycle: glibc -> glibc-common
[  317s]   breaking dependency glibc-common -> glibc
[  317s] cycle: glibc -> glibc-common -> libselinux
[  317s]   breaking dependency libselinux -> glibc
[  317s] cycle: glibc -> glibc-common -> libselinux -> pcre2
[  317s]   breaking dependency pcre2 -> glibc
[  317s] cycle: glibc -> glibc-common -> libselinux -> pcre2 -> readline
[  317s]   breaking dependency readline -> glibc
[  317s] cycle: glibc -> glibc-common -> libselinux -> pcre2 -> readline -> ncurses-libs
[  317s]   breaking dependency libselinux -> pcre2
[  317s] cycle: glibc -> glibc-common -> libselinux -> libsepol -> bash -> coreutils -> openssl-libs -> crypto-policies -> grep
[  317s]   breaking dependency bash -> coreutils
[  317s] cycle: glibc -> glibc-common -> libselinux -> libsepol -> bash -> filesystem -> coreutils -> openssl-libs -> crypto-policies -> grep
[  317s]   breaking dependency libsepol -> bash
[  317s] cycle: glibc -> glibc-common -> libselinux -> libsepol -> coreutils -> openssl-libs -> crypto-policies -> grep
[  317s]   breaking dependency coreutils -> openssl-libs
[  317s] cycle: libselinux -> libsepol -> coreutils
[  317s]   breaking dependency libsepol -> coreutils
[  317s] cycle: glibc -> glibc-common -> libselinux -> libsepol
[  317s]   breaking dependency glibc -> glibc-common
[  317s] cycle: glibc -> filesystem -> coreutils -> libselinux -> libsepol
[  317s]   breaking dependency filesystem -> coreutils
[  317s] cycle: filesystem -> setup
[  317s]   breaking dependency filesystem -> setup
[  317s] cycle: systemd -> cryptsetup -> device-mapper
[  317s]   breaking dependency systemd -> cryptsetup
[  317s] cycle: perl-libs -> perl-Carp
[  317s]   breaking dependency perl-libs -> perl-Carp
[  317s] cycle: perl-libs -> perl-Exporter
[  317s]   breaking dependency perl-libs -> perl-Exporter
[  317s] cycle: perl-Carp -> perl-Exporter
[  317s]   breaking dependency perl-Exporter -> perl-Carp
[  317s] cycle: perl -> perl-PathTools
[  317s]   breaking dependency perl -> perl-PathTools
[  317s] cycle: perl -> perl-ExtUtils-MakeMaker
[  317s]   breaking dependency perl -> perl-ExtUtils-MakeMaker
[  317s] cycle: perl -> perl-File-Path -> perl-PathTools
[  317s]   breaking dependency perl -> perl-File-Path
[  317s] cycle: perl -> perl-Getopt-Long -> perl-Pod-Usage
[  317s]   breaking dependency perl -> perl-Getopt-Long
[  317s] cycle: perl -> perl-Locale-Maketext
[  317s]   breaking dependency perl -> perl-Locale-Maketext
[  317s] cycle: perl -> perl-Pod-Simple
[  317s]   breaking dependency perl -> perl-Pod-Simple
[  317s] cycle: perl -> perl-Socket
[  317s]   breaking dependency perl -> perl-Socket
[  317s] cycle: perl -> perl-Storable
[  317s]   breaking dependency perl -> perl-Storable
[  317s] cycle: perl -> perl-Text-Tabs+Wrap
[  317s]   breaking dependency perl -> perl-Text-Tabs+Wrap
[  317s] cycle: perl -> perl-Time-Local -> perl-constant
[  317s]   breaking dependency perl -> perl-Time-Local
[  317s] cycle: perl -> perl-constant
[  317s]   breaking dependency perl -> perl-constant
[  317s] cycle: perl -> perl-threads
[  317s]   breaking dependency perl -> perl-threads
[  317s] cycle: perl -> perl-threads-shared
[  317s]   breaking dependency perl -> perl-threads-shared
[  317s] cycle: perl -> perl-Archive-Tar
[  317s]   breaking dependency perl -> perl-Archive-Tar
[  317s] cycle: perl -> perl-B-Debug
[  317s]   breaking dependency perl -> perl-B-Debug
[  317s] cycle: perl -> perl-CPAN-Meta -> perl-CPAN-Meta-Requirements
[  317s]   breaking dependency perl -> perl-CPAN-Meta
[  317s] cycle: perl -> perl-CPAN-Meta-Requirements
[  317s]   breaking dependency perl -> perl-CPAN-Meta-Requirements
[  317s] cycle: perl -> perl-CPAN-Meta-YAML
[  317s]   breaking dependency perl -> perl-CPAN-Meta-YAML
[  317s] cycle: perl -> perl-Compress-Raw-Bzip2
[  317s]   breaking dependency perl -> perl-Compress-Raw-Bzip2
[  317s] cycle: perl -> perl-Compress-Raw-Zlib
[  317s]   breaking dependency perl -> perl-Compress-Raw-Zlib
[  317s] cycle: perl -> perl-Config-Perl-V
[  317s]   breaking dependency perl -> perl-Config-Perl-V
[  317s] cycle: perl -> perl-DB_File
[  317s]   breaking dependency perl -> perl-DB_File
[  317s] cycle: perl -> perl-Data-Dumper
[  317s]   breaking dependency perl -> perl-Data-Dumper
[  317s] cycle: perl -> perl-Devel-PPPort
[  317s]   breaking dependency perl -> perl-Devel-PPPort
[  317s] cycle: perl -> perl-Digest -> perl-MIME-Base64
[  317s]   breaking dependency perl -> perl-Digest
[  317s] cycle: perl -> perl-Digest-MD5 -> perl-Digest -> perl-MIME-Base64
[  317s]   breaking dependency perl -> perl-Digest-MD5
[  317s] cycle: perl -> perl-Digest-SHA
[  317s]   breaking dependency perl -> perl-Digest-SHA
[  317s] cycle: perl -> perl-Encode
[  317s]   breaking dependency perl -> perl-Encode
[  317s] cycle: perl -> perl-Env
[  317s]   breaking dependency perl -> perl-Env
[  317s] cycle: perl -> perl-ExtUtils-Command
[  317s]   breaking dependency perl -> perl-ExtUtils-Command
[  317s] cycle: perl -> perl-ExtUtils-Install
[  317s]   breaking dependency perl -> perl-ExtUtils-Install
[  317s] cycle: perl -> perl-ExtUtils-Manifest
[  317s]   breaking dependency perl -> perl-ExtUtils-Manifest
[  317s] cycle: perl -> perl-ExtUtils-ParseXS
[  317s]   breaking dependency perl -> perl-ExtUtils-ParseXS
[  317s] cycle: perl -> perl-File-Fetch -> perl-PathTools
[  317s]   breaking dependency perl -> perl-File-Fetch
[  317s] cycle: perl -> perl-File-Temp -> perl-PathTools
[  317s]   breaking dependency perl -> perl-File-Temp
[  317s] cycle: perl -> perl-Filter
[  317s]   breaking dependency perl -> perl-Filter
[  317s] cycle: perl -> perl-Filter-Simple -> perl-Filter
[  317s]   breaking dependency perl -> perl-Filter-Simple
[  317s] cycle: perl -> perl-HTTP-Tiny
[  317s]   breaking dependency perl -> perl-HTTP-Tiny
[  317s] cycle: perl -> perl-IO-Compress
[  317s]   breaking dependency perl -> perl-IO-Compress
[  317s] cycle: perl -> perl-IO-Socket-IP
[  317s]   breaking dependency perl -> perl-IO-Socket-IP
[  317s] cycle: perl -> perl-IPC-Cmd -> perl-ExtUtils-MakeMaker
[  317s]   breaking dependency perl -> perl-IPC-Cmd
[  317s] cycle: perl -> perl-IPC-SysV
[  317s]   breaking dependency perl -> perl-IPC-SysV
[  317s] cycle: perl -> perl-JSON-PP
[  317s]   breaking dependency perl -> perl-JSON-PP
[  317s] cycle: perl -> perl-Locale-Codes -> perl-constant
[  317s]   breaking dependency perl -> perl-Locale-Codes
[  317s] cycle: perl -> perl-MIME-Base64
[  317s]   breaking dependency perl -> perl-MIME-Base64
[  317s] cycle: perl -> perl-Math-BigInt
[  317s]   breaking dependency perl -> perl-Math-BigInt
[  317s] cycle: perl -> perl-Math-BigInt-FastCalc -> perl-Math-BigInt
[  317s]   breaking dependency perl -> perl-Math-BigInt-FastCalc
[  317s] cycle: perl -> perl-Math-BigRat -> perl-Math-BigInt
[  317s]   breaking dependency perl -> perl-Math-BigRat
[  317s] cycle: perl -> perl-Module-CoreList
[  317s]   breaking dependency perl -> perl-Module-CoreList
[  317s] cycle: perl -> perl-Module-Load -> perl-PathTools
[  317s]   breaking dependency perl -> perl-Module-Load
[  317s] cycle: perl -> perl-Module-Load-Conditional
[  317s]   breaking dependency perl -> perl-Module-Load-Conditional
[  317s] cycle: perl -> perl-Module-Metadata
[  317s]   breaking dependency perl -> perl-Module-Metadata
[  317s] cycle: perl -> perl-Params-Check
[  317s]   breaking dependency perl -> perl-Params-Check
[  317s] cycle: perl -> perl-PerlIO-via-QuotedPrint -> perl-MIME-Base64
[  317s]   breaking dependency perl -> perl-PerlIO-via-QuotedPrint
[  317s] cycle: perl -> perl-Pod-Checker
[  317s]   breaking dependency perl -> perl-Pod-Checker
[  317s] cycle: perl -> perl-Pod-Escapes
[  317s]   breaking dependency perl -> perl-Pod-Escapes
[  317s] cycle: perl -> perl-Pod-Parser
[  317s]   breaking dependency perl -> perl-Pod-Parser
[  317s] cycle: perl -> perl-Pod-Perldoc
[  317s]   breaking dependency perl -> perl-Pod-Perldoc
[  317s] cycle: perl -> perl-Pod-Usage
[  317s]   breaking dependency perl -> perl-Pod-Usage
[  317s] cycle: perl -> perl-Sys-Syslog
[  317s]   breaking dependency perl -> perl-Sys-Syslog
[  317s] cycle: perl -> perl-Term-Cap
[  317s]   breaking dependency perl -> perl-Term-Cap
[  317s] cycle: perl -> perl-Test-Harness
[  317s]   breaking dependency perl -> perl-Test-Harness
[  317s] cycle: perl -> perl-Test-Simple
[  317s]   breaking dependency perl -> perl-Test-Simple
[  317s] cycle: perl -> perl-Text-Balanced
[  317s]   breaking dependency perl -> perl-Text-Balanced
[  317s] cycle: perl -> perl-Thread-Queue -> perl-threads-shared
[  317s]   breaking dependency perl -> perl-Thread-Queue
[  317s] cycle: perl -> perl-Unicode-Collate -> perl-PathTools
[  317s]   breaking dependency perl -> perl-Unicode-Collate
[  317s] cycle: perl -> perl-autodie
[  317s]   breaking dependency perl -> perl-autodie
[  317s] cycle: perl -> perl-bignum -> perl-Math-BigInt
[  317s]   breaking dependency perl -> perl-bignum
[  317s] cycle: perl -> perl-devel
[  317s]   breaking dependency perl -> perl-devel
[  317s] cycle: perl -> perl-Encode-devel
[  317s]   breaking dependency perl -> perl-Encode-devel
[  317s] cycle: perl -> perl-experimental
[  317s]   breaking dependency perl -> perl-experimental
[  317s] cycle: perl -> perl-libnet -> perl-Digest-MD5 -> perl-Digest -> perl-MIME-Base64
[  317s]   breaking dependency perl -> perl-libnet
[  317s] cycle: perl -> perl-podlators
[  317s]   breaking dependency perl -> perl-podlators
[  317s] cycle: perl -> perl-version
[  317s]   breaking dependency perl -> perl-version
[  317s] cycle: glib2 -> gamin
[  317s]   breaking dependency glib2 -> gamin
[  317s] cycle: systemd -> gnutls -> unbound-libs -> shadow -> pam -> audit
[  317s]   breaking dependency systemd -> gnutls
[  317s] cycle: systemd -> pam -> audit
[  317s]   breaking dependency systemd -> pam
[  317s] cycle: systemd -> shadow -> pam -> audit
[  317s]   breaking dependency systemd -> shadow
[  317s] cycle: pam -> libpwquality
[  317s]   breaking dependency pam -> libpwquality
[  317s] cycle: perl-Getopt-Long -> perl-Pod-Usage
[  317s]   breaking dependency perl-Pod-Usage -> perl-Getopt-Long
[  317s] cycle: perl-Getopt-Long -> perl-Pod-Usage -> perl-podlators -> perl-Encode
[  317s]   breaking dependency perl-podlators -> perl-Encode
[  317s] cycle: perl-Getopt-Long -> perl-Pod-Usage -> perl-podlators
[  317s]   breaking dependency perl-podlators -> perl-Getopt-Long
[  317s] cycle: perl-Getopt-Long -> perl-Pod-Usage -> perl-podlators -> perl-Pod-Simple -> perl-Encode
[  317s]   breaking dependency perl-Encode -> perl-Getopt-Long
[  317s] cycle: perl-Getopt-Long -> perl-Pod-Usage -> perl-podlators -> perl-Pod-Simple
[  317s]   breaking dependency perl-podlators -> perl-Pod-Simple
[  317s] cycle: perl-Pod-Usage -> perl-podlators
[  317s]   breaking dependency perl-podlators -> perl-Pod-Usage
[  317s] cycle: groff -> perl-Getopt-Long -> perl-Pod-Usage -> perl-Pod-Perldoc
[  317s]   breaking dependency groff -> perl-Getopt-Long
[  317s] cycle: nss -> nss-util
[  317s]   breaking dependency nss -> nss-util
[  317s] cycle: nss -> nss-softokn -> nss-util
[  317s]   breaking dependency nss -> nss-softokn
[  317s] cycle: libxcrypt-devel -> glibc-devel
[  317s]   breaking dependency glibc-devel -> libxcrypt-devel
[  317s] cycle: groovy-lib -> gpars
[  317s]   breaking dependency groovy-lib -> gpars
[  317s] cycle: batik-css -> batik
[  317s]   breaking dependency batik -> batik-css
[  317s] cycle: xalan-j2 -> xerces-j2
[  317s]   breaking dependency xerces-j2 -> xalan-j2
[  317s] cycle: cmake-data -> cmake
[  317s]   breaking dependency cmake -> cmake-data
[  317s] cycle: perl-Getopt-Long -> perl-Pod-Usage -> perl-Pod-Perldoc -> perl-Pod-Simple
[  317s]   breaking dependency perl-Pod-Perldoc -> perl-Pod-Simple
[  317s] cycle: openssh -> openssh-server
[  317s]   breaking dependency openssh-server -> openssh
[  317s] cycle: git -> perl-Git
[  317s]   breaking dependency git -> perl-Git
[  317s] cycle: perl-ExtUtils-Install -> perl-ExtUtils-MakeMaker
[  317s]   breaking dependency perl-ExtUtils-MakeMaker -> perl-ExtUtils-Install
[  318s] done
[  318s] querying package ids...
[  368s] [1/540] installing cmake-filesystem-3.22.0-1.oe1
[  370s] [2/540] installing fonts-filesystem-2.0.2-2.oe1
[  371s] [3/540] installing fuse-common-3.9.2-5.oe1
[  373s] [4/540] installing javapackages-filesystem-5.3.0-3.oe1
[  374s] [5/540] installing kernel-headers-5.10-3.oe1
[  382s] [6/540] installing libreport-filesystem-2.13.1-5.oe1
[  384s] [7/540] installing ncurses-base-6.1-14.oe1
[  385s] [8/540] installing openEuler-gpg-keys-1.0-2.5.oe1
[  386s] [9/540] installing python-setuptools-59.4.0-3.oe1
[  388s] [10/540] installing qt5-srpm-macros-5.15.2-1.oe1
[  389s] [11/540] installing tzdata-2021a-2.oe1
[  399s] [12/540] installing tzdata-java-2021a-2.oe1
[  403s] [13/540] installing dnf-data-4.10.0-1.oe1
[  404s] [14/540] installing openEuler-repos-1.0-2.5.oe1
[  405s] [15/540] installing wqy-zenhei-fonts-0.9.46-21.oe1
[  416s] [16/540] installing openEuler-release-20.03LTS-40.oe1
[  417s] [17/540] installing filesystem-3.9-3.oe1
[  429s] warning: group mail does not exist - using root
[  429s] [18/540] installing emacs-filesystem-1:27.1-5.oe1
[  430s] [19/540] installing libgcc-10.3.1-20220105.6.oe1
[  431s] [20/540] installing setup-2.13.3-4.oe1
[  433s] [21/540] installing glibc-2.34-64.oe1
[  443s] [22/540] installing brotli-1.0.9-2.oe1
[  445s] [23/540] installing chrpath-0.16-12.oe1
[  447s] [24/540] installing cpio-2.13-4.oe1
[  450s] [25/540] installing diffutils-3.7-4.oe1
[  453s] [26/540] installing expat-2.2.10-1.oe1
[  455s] [27/540] installing giflib-5.2.1-2.oe1
[  457s] [28/540] installing json-c-0.15-1.oe1
[  458s] [29/540] installing keyutils-libs-1.6.3-3.oe1
[  459s] [30/540] installing libICE-1.0.10-2.oe1
[  461s] [31/540] installing libXau-1.0.9-2.oe1
[  462s] [32/540] installing libaio-0.3.112-1.oe1
[  463s] [33/540] installing libargon2-20190702-1.oe1
[  465s] [34/540] installing libatomic-10.3.1-20220105.6.oe1
[  466s] [35/540] installing libcap-ng-0.7.11-1.oe1
[  468s] [36/540] installing libev-4.24-11.oe1
[  470s] [37/540] installing libffi-3.3-31.oe1
[  472s] [38/540] installing libgomp-10.3.1-20220105.6.oe1
[  474s] [39/540] installing libgpg-error-1.41-1.oe1
[  476s] [40/540] installing libjpeg-turbo-2.0.6-1.oe1
[  478s] [41/540] installing libnghttp2-1.42.0-1.oe1
[  480s] [42/540] installing libpcap-14:1.9.1-7.oe1
[  481s] [43/540] installing libpipeline-1.5.3-1.oe1
[  483s] [44/540] installing libsigsegv-2.11-10.oe1
[  484s] [45/540] installing libsmartcols-2.36.1-3.oe1
[  486s] [46/540] installing libtasn1-4.16.0-2.oe1
[  487s] [47/540] installing libtool-ltdl-2.4.6-34.oe1
[  489s] [48/540] installing libunistring-0.9.10-8.oe1
[  494s] [49/540] installing libuuid-2.36.1-3.oe1
[  496s] [50/540] installing libuv-1:1.40.0-1.oe1
[  497s] [51/540] installing libxcrypt-4.4.8-4.oe1
[  499s] [52/540] installing libyaml-0.2.5-1.oe1
[  501s] [53/540] installing lz4-1.9.3-1.oe1
[  503s] [54/540] installing m4-1.4.18-14.oe1
[  504s] [55/540] installing nspr-4.32.0-1.oe1
[  508s] [56/540] installing pkgconf-1.7.3-1.oe1
[  510s] [57/540] installing rhash-1.3.5-5.oe1
[  511s] [58/540] installing which-2.21-14.oe1
[  513s] [59/540] installing xz-libs-5.2.5-1.oe1
[  515s] [60/540] installing zlib-1.2.11-18.oe1
[  516s] [61/540] installing attr-2.4.48-12.oe1
[  518s] [62/540] installing basesystem-12-2.oe1
[  519s] [63/540] installing libstdc++-10.3.1-20220105.6.oe1
[  522s] [64/540] installing ncurses-libs-6.1-14.oe1
[  524s] [65/540] installing libsepol-3.1-4.oe1
[  525s] [66/540] installing libstdc++-devel-10.3.1-20220105.6.oe1
[  538s] [67/540] installing audit-libs-1:3.0-2.oe1
[  539s] [68/540] installing elfutils-libelf-0.185-3.oe1
[  541s] [69/540] installing file-libs-5.39-6.oe1
[  545s] [70/540] installing gmp-1:6.2.1-3.oe1
[  547s] [71/540] installing iptables-libs-1.8.1-4.oe1
[  548s] [72/540] installing less-563-2.oe1
[  550s] [73/540] installing libacl-2.2.53-7.oe1
[  551s] [74/540] installing libassuan-2.5.4-1.oe1
[  553s] [75/540] installing libedit-3.1-27.oe1
[  554s] [76/540] installing libffi-devel-3.3-31.oe1
[  555s] [77/540] installing libfontenc-1.1.4-2.oe1
[  558s] [78/540] installing libgcrypt-1.8.7-1.oe1
[  561s] [79/540] installing libpng-2:1.6.37-1.oe1
[  562s] [80/540] installing libxcb-1.14-1.oe1
[  564s] [81/540] installing readline-8.0-2.oe1
[  566s] [82/540] installing fuse-2.9.9-6.oe1
[  568s] [83/540] installing gc-8.0.4-2.oe1
[  570s] [84/540] installing libSM-1.2.3-2.oe1
[  571s] [85/540] installing libdb-5.3.28-35.oe1
[  577s] [86/540] installing libselinux-3.1-3.oe1
[  579s] [87/540] installing libxml2-2.9.12-5.oe1
[  583s] [88/540] installing bash-5.1-1.oe1
[  588s] [89/540] installing perl-libs-4:5.28.0-435.oe1
[  596s] [90/540] installing zstd-1.4.8-2.oe1
[  602s] [91/540] installing ncurses-6.1-14.oe1
[  619s] [92/540] installing thin-provisioning-tools-0.8.5-1.oe1
[  624s] [93/540] installing perl-parent-1:0.237-4.oe1
[  625s] [94/540] installing perl-perlfaq-5.20180915-5.oe1
[  628s] [95/540] installing libX11-1.6.9-2.oe1
[  632s] [96/540] installing mpfr-4.1.0-1.oe1
[  634s] [97/540] installing nettle-3.6-6.oe1
[  637s] [98/540] installing pcre2-10.36-1.oe1
[  640s] [99/540] installing perl-Exporter-5.74-1.oe1
[  641s] [100/540] installing file-5.39-6.oe1
[  642s] [101/540] installing gdbm-1:1.18.1-1.oe1
[  645s] [102/540] installing patch-2.7.6-12.oe1
[  646s] [103/540] installing qrencode-4.1.1-1
[  648s] [104/540] installing sed-4.8-2.oe1
[  650s] [105/540] installing acl-2.2.53-7.oe1
[  651s] [106/540] installing libcomps-0.1.15-1.oe1
[  656s] [107/540] installing pcre-8.44-1.oe1
[  658s] [108/540] installing glibc-common-2.34-64.oe1
[  676s] [109/540] installing coreutils-8.31-4.oe1
[  685s] [110/540] installing alsa-lib-1.2.4-1.oe1
[  688s] [111/540] installing crontabs-1.11-21.oe1
[  689s] [112/540] installing elfutils-default-yama-scope-0.185-3.oe1
[  690s] /usr/lib/systemd/systemd-sysctl: error while loading shared libraries: libkmod.so.2: cannot open shared object file: No such file or directory
[  691s] [113/540] installing libXcomposite-0.4.5-1.oe1
[  693s] [114/540] installing libXext-1.3.4-2.oe1
[  694s] [115/540] installing libXpm-3.5.12-11.oe1
[  697s] [116/540] installing libXrender-0.9.10-10.oe1
[  700s] [117/540] installing perl-Carp-1.50-418.oe1
[  701s] [118/540] installing perl-Perl-OSType-1.010-421.oe1
[  704s] [119/540] installing perl-Term-ANSIColor-4.06-511.oe1
[  711s] [120/540] installing publicsuffix-list-20200718-1.oe1
[  713s] [121/540] installing uname-build-checks-1.0-0.4.oe1
[  715s] [122/540] installing bzip2-1.0.8-3.oe1
[  717s] [123/540] installing gzip-1.10-1.oe1
[  719s] [124/540] installing hostname-3.21-2.oe1
[  722s] [125/540] installing libcap-2.32-2.oe1
[  724s] [126/540] installing libmpc-1.2.0-2.oe1
[  729s] [127/540] installing libseccomp-2.4.3-2.oe1
[  732s] [128/540] installing lksctp-tools-1.0.16-11.oe1
[  734s] [129/540] installing npth-1.5-7.oe1
[  736s] [130/540] installing popt-1.18-1.oe1
[  739s] [131/540] installing grep-3.6-1.oe1
[  742s] [132/540] installing libXt-1.2.0-0.oe1
[  744s] [133/540] installing libblkid-2.36.1-3.oe1
[  746s] [134/540] installing libidn2-2.3.0-1.oe1
[  749s] [135/540] installing libksba-1.3.5-12.oe1
[  751s] [136/540] installing tar-2:1.32-3.oe1
[  755s] [137/540] installing tcl-1:8.6.10-3.oe1
[  760s] [138/540] installing apr-1.7.0-4.oe1
[  765s] [139/540] installing info-6.7-2.oe1
[  768s] [140/540] installing jsoncpp-1.9.4-1.oe1
[  770s] [141/540] installing libgpg-error-devel-1.41-1.oe1
[  773s] [142/540] installing lua-5.3.5-6.oe1
[  775s] [143/540] installing slang-2.3.2-8.oe1
[  779s] [144/540] installing gawk-5.0.1-2.oe1
[  782s] [145/540] installing libxslt-1.1.32-7.oe1
[  785s] [146/540] installing guile-5:2.0.14-15.oe1
[  795s] [147/540] installing zip-3.0-29.oe1
[  797s] [148/540] installing libXi-1.7.10-1.oe1
[  799s] [149/540] installing libfdisk-2.36.1-3.oe1
[  801s] [150/540] installing newt-0.52.21-4.oe1
[  805s] [151/540] installing perl-Text-ParseWords-3.30-419.oe1
[  806s] [152/540] installing crypto-policies-20180925-3.git71ca85f.oe1
[  814s] [153/540] installing elfutils-libs-0.185-3.oe1
[  816s] [154/540] installing libXmu-1.1.3-1.oe1
[  819s] [155/540] installing libmount-2.36.1-3.oe1
[  822s] [156/540] installing lua-posix-33.3.1-12.oe1
[  824s] [157/540] installing unzip-6.0-47.oe1
[  825s] [158/540] installing cracklib-2.9.7-6.oe1
[  833s] [159/540] installing e2fsprogs-1.45.6-3.oe1
[  837s] [160/540] installing findutils-2:4.7.0-7.oe1
[  840s] [161/540] installing libsemanage-3.1-4.oe1
[  842s] [162/540] installing make-1:4.2.1-15.oe1
[  844s] [163/540] installing sqlite-3.24.0-9.oe1
[  847s] [164/540] installing xz-5.2.5-1.oe1
[  851s] [165/540] installing logrotate-3.15.1-2.oe1
[  853s] [166/540] installing perl-Scalar-List-Utils-3:1.52-2.oe1
[  856s] [167/540] installing perl-Time-HiRes-1.9760-2.oe1
[  858s] [168/540] installing perl-Unicode-Normalize-1.26-419.oe1
[  861s] [169/540] installing freetype-2.10.2-3.oe1
[  866s] [170/540] installing glibc-devel-2.34-64.oe1
[  878s] [171/540] installing libgcrypt-devel-1.8.7-1.oe1
[  880s] [172/540] installing cpp-10.3.1-20220105.6.oe1
[  891s] [173/540] installing gnupg2-2.2.27-2.oe1
[  898s] [174/540] installing systemd-libs-243-22.oe1
[  902s] [175/540] installing dbus-libs-1:1.12.20-3.oe1
[  904s] [176/540] installing libxcrypt-devel-4.4.8-4.oe1
[  906s] [177/540] installing p11-kit-0.23.22-1.oe1
[  910s] [178/540] installing procps-ng-3.3.16-15.oe1
[  913s] [179/540] installing copy-jdk-configs-4.0-1.oe1
[  916s] [180/540] installing gpgme-1.15.1-1.oe1
[  918s] [181/540] installing libXtst-1.2.3-10.oe1
[  921s] [182/540] installing openssl-libs-1:1.1.1f-2.oe1
[  925s] [183/540] installing chkconfig-1.14-2.oe1
[  928s] [184/540] installing elfutils-0.185-3.oe1
[  930s] [185/540] installing libXaw-1.0.13-13.oe1
[  936s] [186/540] installing xorg-x11-font-utils-1:7.5-43.oe1
[  939s] [187/540] installing fontconfig-2.13.92-1.oe1
[  945s] [188/540] installing glib2-2.66.8-1.oe1
[  954s] [189/540] installing dbus-tools-1:1.12.20-3.oe1
[  955s] [190/540] installing ima-evm-utils-libs-1.2.1-8.oe1
[  958s] [191/540] installing libevent-2.1.12-4
[  961s] [192/540] installing libcroco-0.6.12-13.oe1
[  964s] [193/540] installing libtcnative-1-0-1.2.23-3.oe1
[  967s] [194/540] installing fipscheck-1.5.0-7.oe1
[  969s] [195/540] installing gamin-0.1.10-38.oe1
[  972s] [196/540] installing kmod-libs-27-4.oe1
[  974s] [197/540] installing libsecret-0.18.6-5.oe1
[  984s] [198/540] installing obs-env-1.0-5.oe1
[  995s] [199/540] installing xorg-x11-fonts-others-7.5-24
[ 1015s] [200/540] installing kmod-27-4.oe1
[ 1018s] [201/540] installing binutils-2.37-6.oe1
[ 1030s] [202/540] installing p11-kit-trust-0.23.22-1.oe1
[ 1032s] [203/540] installing babeltrace-1.5.8-1.oe1
[ 1035s] [204/540] installing libarchive-3.5.1-1.oe1
[ 1038s] [205/540] installing nodejs-libs-1:16.10.0-1.oe1
[ 1082s] [206/540] installing libverto-0.3.1-2.oe1
[ 1085s] [207/540] installing ca-certificates-2020.2.46-2.oe1
[ 1095s] [208/540] installing gettext-0.20.1-2.oe1
[ 1100s] [209/540] installing gcc-10.3.1-20220105.6.oe1
[ 1128s] [210/540] installing rpm-libs-4.15.1-25.oe1
[ 1130s] [211/540] installing python-pip-wheel-19.2.3-2.fc32
[ 1132s] [212/540] installing libmodulemd-2.13.0-1.oe1
[ 1134s] [213/540] installing gcc-c++-10.3.1-20220105.6.oe1
[ 1148s] [214/540] installing krb5-libs-1.18.2-3.oe1
[ 1151s] [215/540] installing libtirpc-1.3.1-1.oe1
[ 1153s] [216/540] installing cyrus-sasl-lib-2.1.27-10.oe1
[ 1155s] [217/540] installing libssh-0.9.5-1.oe1
[ 1157s] [218/540] installing openldap-2.4.46-15.oe1
[ 1160s] [219/540] installing libnsl2-1.3.0-2.oe1
[ 1162s] [220/540] installing python3-3.8.5-13.oe1
[ 1192s] [221/540] installing python3-pyparsing-2.4.5-1.fc32
[ 1194s] [222/540] installing python3-setuptools-59.4.0-3.oe1
[ 1200s] [223/540] installing python3-setuptools_scm-3.3.3-6.fc32
[ 1202s] [224/540] installing python3-six-1.15.0-3.oe1
[ 1204s] [225/540] installing python3-gpgme-1.15.1-1.oe1
[ 1207s] [226/540] installing python3-lxml-4.4.1-3.fc32
[ 1213s] [227/540] installing python3-libcomps-0.1.15-1.oe1
[ 1215s] [228/540] installing libpsl-0.21.1-1.oe1
[ 1217s] [229/540] installing gdb-headless-9.2-5.oe1
[ 1225s] [230/540] installing systemtap-sdt-devel-4.1-3.oe1
[ 1226s] [231/540] installing gdb-9.2-5.oe1
[ 1229s] [232/540] installing python3-javapackages-5.3.0-3.oe1
[ 1231s] [233/540] installing python3-pip-19.2.3-2.fc32
[ 1241s] [234/540] installing libcurl-7.79.1-1.oe1
[ 1244s] [235/540] installing curl-7.79.1-1.oe1
[ 1245s] [236/540] installing librepo-1.14.2-2.oe1
[ 1247s] [237/540] installing rpm-4.15.1-25.oe1
[ 1253s] [238/540] installing efi-srpm-macros-4-3.oe1
[ 1255s] [239/540] installing cmake-rpm-macros-3.22.0-1.oe1
[ 1257s] [240/540] installing libsolv-0.7.20-1.oe1
[ 1259s] [241/540] installing python3-rpm-4.15.1-25.oe1
[ 1261s] [242/540] installing openEuler-rpm-config-30-22.oe1
[ 1263s] [243/540] installing cmake-3.22.0-1.oe1
[ 1278s] [244/540] installing libdnf-0.65.0-2.oe1
[ 1282s] [245/540] installing cmake-data-3.22.0-1.oe1
[ 1298s] [246/540] installing python3-libdnf-0.65.0-2.oe1
[ 1302s] [247/540] installing perl-4:5.28.0-435.oe1
[ 1312s] [248/540] installing perl-B-Debug-1.26-4.oe1
[ 1313s] [249/540] installing perl-Env-1.04-397.oe1
[ 1315s] [250/540] installing perl-Devel-PPPort-3.42-4.oe1
[ 1317s] [251/540] installing perl-Pod-Escapes-1:1.07-419.oe1
[ 1318s] [252/540] installing perl-Text-Tabs+Wrap-2013.0523-419.oe1
[ 1320s] [253/540] installing perl-Algorithm-Diff-1.1903-14.oe1
[ 1321s] [254/540] installing perl-Params-Check-1:0.38-418.oe1
[ 1323s] [255/540] installing perl-Term-Cap-1.17-510.oe1
[ 1325s] [256/540] installing perl-TermReadKey-2.38-2.oe1
[ 1327s] [257/540] installing perl-Text-Balanced-2.03-420.oe1
[ 1329s] [258/540] installing perl-threads-1:2.22-419.oe1
[ 1331s] [259/540] installing openssl-1:1.1.1f-2.oe1
[ 1333s] [260/540] installing perl-Config-Perl-V-0.30-5.oe1
[ 1335s] [261/540] installing perl-Error-1:0.17029-1.oe1
[ 1338s] [262/540] installing perl-Filter-2:1.59-2.oe1
[ 1340s] [263/540] installing perl-IPC-SysV-2.07-5.oe1
[ 1343s] [264/540] installing perl-Locale-Maketext-1:1.28-1.oe1
[ 1345s] [265/540] installing perl-constant-1.33-421.oe1
[ 1346s] [266/540] installing perl-MIME-Base64-3.15-418.oe1
[ 1348s] [267/540] installing perl-CPAN-Meta-YAML-0.018-420.oe1
[ 1350s] [268/540] installing perl-Socket-4:2.029-2.oe1
[ 1352s] [269/540] installing perl-Storable-1:3.15-2.oe1
[ 1355s] [270/540] installing python3-hawkey-0.65.0-2.oe1
[ 1357s] [271/540] installing perl-PerlIO-via-QuotedPrint-0.08-397.oe1
[ 1359s] [272/540] installing perl-Digest-1.17-419.oe1
[ 1360s] [273/540] installing perl-Filter-Simple-1:0.94-1.oe1
[ 1362s] [274/540] installing perl-IO-Socket-IP-0.39-420.oe1
[ 1363s] [275/540] installing perl-Text-Diff-1.45-7.oe1
[ 1365s] [276/540] installing perl-Time-Local-2:1.280-6.oe1
[ 1367s] [277/540] installing perl-version-8:0.99.24-3.oe1
[ 1370s] [278/540] installing perl-IPC-System-Simple-1.25-19.oe1
[ 1371s] [279/540] installing perl-threads-shared-1.59-2.oe1
[ 1373s] [280/540] installing perl-Compress-Raw-Bzip2-2.100-1.oe1
[ 1376s] [281/540] installing perl-Compress-Raw-Zlib-1:2.100-1.oe1
[ 1378s] [282/540] installing perl-Locale-Codes-3.58-2.oe1
[ 1381s] [283/540] installing perl-Math-BigInt-1:1.9998.13-5.oe1
[ 1383s] [284/540] installing perl-PathTools-3.75-4.oe1
[ 1385s] [285/540] installing python3-dnf-4.10.0-1.oe1
[ 1389s] [286/540] installing perl-Data-Dumper-2.172-3.oe1
[ 1391s] [287/540] installing perl-Sys-Syslog-0.35-420.oe1
[ 1393s] [288/540] installing perl-Encode-4:2.98-9.oe1
[ 1402s] [289/540] installing autogen-5.18.16-1.oe1
[ 1407s] [290/540] installing nodejs-1:16.10.0-1.oe1
[ 1409s] [291/540] installing systemd-243-22.oe1
[ 1429s] /var/tmp/rpm-tmp.tsJMgW: line 8: groupadd: command not found
[ 1429s] /var/tmp/rpm-tmp.tsJMgW: line 10: groupadd: command not found
[ 1429s] /var/tmp/rpm-tmp.tsJMgW: line 13: groupadd: command not found
[ 1429s] /var/tmp/rpm-tmp.tsJMgW: line 16: groupadd: command not found
[ 1429s] [292/540] installing dbus-common-1:1.12.20-3.oe1
[ 1431s] [293/540] installing nodejs-source-map-0.5.6-1.oe1
[ 1433s] [294/540] installing perl-Module-Load-1:0.32-418.oe1
[ 1435s] [295/540] installing nodejs-packaging-20-1.oe1
[ 1437s] [296/540] installing dnf-4.10.0-1.oe1
[ 1442s] Failed to preset unit, unit dnf-automatic.timer does not exist.
[ 1442s] Failed to preset unit, unit dnf-automatic-notifyonly.timer does not exist.
[ 1442s] Failed to preset unit, unit dnf-automatic-download.timer does not exist.
[ 1442s] Failed to preset unit, unit dnf-automatic-install.timer does not exist.
[ 1442s] [297/540] installing perl-File-Which-1.23-1.oe1
[ 1443s] [298/540] installing perl-Thread-Queue-3.13-3.oe1
[ 1445s] [299/540] installing perl-experimental-0.020-2.oe1
[ 1446s] [300/540] installing perl-Digest-MD5-2.55-419.oe1
[ 1448s] [301/540] installing perl-File-Path-2.16-4.oe1
[ 1450s] [302/540] installing perl-Math-BigInt-FastCalc-0.500.700-4.oe1
[ 1455s] [303/540] installing perl-Module-Metadata-1.000036-3.oe1
[ 1458s] [304/540] installing perl-CPAN-Meta-Requirements-2.140-419.oe1
[ 1460s] [305/540] installing perl-Encode-devel-4:2.98-9.oe1
[ 1463s] [306/540] installing perl-HTTP-Tiny-0.076-3.oe1
[ 1464s] [307/540] installing perl-Math-BigRat-0.2614-2.oe1
[ 1466s] [308/540] installing audit-1:3.0-2.oe1
[ 1470s] [309/540] installing perl-DB_File-1.842-2.oe1
[ 1473s] [310/540] installing perl-autodie-2.29-398.oe1
[ 1475s] [311/540] installing perl-Unicode-Collate-1.25-4.oe1
[ 1479s] [312/540] installing perl-IO-Compress-2.081-6.oe1
[ 1481s] [313/540] installing perl-podlators-1:4.14-1.oe1
[ 1483s] [314/540] installing perl-ExtUtils-Command-1:7.60-1.oe1
[ 1484s] [315/540] installing perl-ExtUtils-Manifest-1:1.71-4.oe1
[ 1486s] [316/540] installing perl-bignum-0.50-4.oe1
[ 1489s] [317/540] installing perl-File-Temp-1:0.230.800-4.oe1
[ 1491s] [318/540] installing perl-libnet-3.11-420.oe1
[ 1493s] [319/540] installing pam-1.5.1-1.oe1
[ 1498s] [320/540] installing libpwquality-1.4.4-1.oe1
[ 1501s] [321/540] installing perl-File-HomeDir-1.004-4.oe1
[ 1503s] [322/540] installing shadow-2:4.8.1-5.oe1
[ 1506s] [323/540] installing perl-Test-Simple-2:1.302175-2.oe1
[ 1509s] [324/540] installing libutempter-1.1.6-16.oe1
[ 1512s] [325/540] installing unbound-libs-1.10.1-4.oe1
[ 1522s] [326/540] installing dbus-daemon-1:1.12.20-3.oe1
[ 1527s] [327/540] installing openssh-server-8.2p1-10.oe1
[ 1530s] Created symlink /etc/systemd/system/multi-user.target.wants/sshd.service -> /usr/lib/systemd/system/sshd.service.
[ 1530s] [328/540] installing groff-1.22.4-4.oe1
[ 1542s] [329/540] installing dbus-1:1.12.20-3.oe1
[ 1544s] [330/540] installing man-db-2.9.3-2.oe1
[ 1552s] [331/540] installing perl-Pod-Perldoc-1:3.28-3.oe1
[ 1554s] [332/540] installing gnutls-3.6.15-3.oe1
[ 1560s] [333/540] installing util-linux-2.36.1-3.oe1
[ 1573s] [334/540] installing nss-help-3.72.0-2.oe1
[ 1579s] [335/540] installing perl-Pod-Usage-4:1.69-418.oe1
[ 1583s] [336/540] installing device-mapper-8:1.02.172-1.oe1
[ 1591s] [337/540] installing openssh-8.2p1-10.oe1
[ 1594s] [338/540] installing perl-Getopt-Long-1:2.52-1.oe1
[ 1596s] [339/540] installing cryptsetup-2.3.3-3.oe1
[ 1600s] [340/540] installing device-mapper-event-8:1.02.172-1.oe1
[ 1606s] Created symlink /etc/systemd/system/sockets.target.wants/dm-event.socket -> /usr/lib/systemd/system/dm-event.socket.
[ 1606s] [341/540] installing nss-3.72.0-2.oe1
[ 1616s] [342/540] installing openssh-clients-8.2p1-10.oe1
[ 1622s] [343/540] installing nss-util-3.72.0-2.oe1
[ 1626s] [344/540] installing perl-ExtUtils-ParseXS-2:3.35-1.oe1
[ 1628s] [345/540] installing perl-Module-CoreList-1:5.20180920-2.oe1
[ 1630s] [346/540] installing perl-Digest-SHA-1:6.02-7.oe1
[ 1633s] [347/540] installing perl-Pod-Parser-1.63-397.oe1
[ 1634s] [348/540] installing perl-Pod-Simple-1:3.35-418.oe1
[ 1636s] [349/540] installing perl-Test-Harness-1:3.43_02-1.oe1
[ 1638s] [350/540] installing perl-Archive-Tar-2.30-421.oe1
[ 1640s] [351/540] installing perl-JSON-PP-1:4.04-2.oe1
[ 1641s] [352/540] installing lvm2-8:2.03.11-1.oe1
[ 1649s] Created symlink /etc/systemd/system/sysinit.target.wants/lvm2-lvmpolld.socket -> /usr/lib/systemd/system/lvm2-lvmpolld.socket.
[ 1649s] [353/540] installing autoconf-2.69-30.oe1
[ 1652s] [354/540] installing git-2.23.0-12.oe1
[ 1665s] [355/540] installing nss-softokn-3.72.0-2.oe1
[ 1670s] [356/540] installing perl-Pod-Checker-4:1.73-398.oe1
[ 1672s] [357/540] installing perl-Git-2.23.0-12.oe1
[ 1673s] [358/540] installing perl-CPAN-Meta-2.150010-419.oe1
[ 1677s] [359/540] installing perl-Module-Load-Conditional-0.68-418.oe1
[ 1679s] [360/540] installing automake-1.16.1-6.oe1
[ 1682s] [361/540] installing perl-ExtUtils-MakeMaker-1:7.60-1.oe1
[ 1685s] [362/540] installing perl-ExtUtils-Install-2.14-419.oe1
[ 1687s] [363/540] installing perl-IPC-Cmd-2:1.04-4.oe1
[ 1690s] [364/540] installing java-1.8.0-openjdk-headless-1:1.8.0.181.b15-1.1.riscv64.fc29
[ 1734s] [365/540] installing rpm-build-4.15.1-25.oe1
[ 1737s] [366/540] installing ant-lib-1.10.5-2.fc29
[ 1743s] [367/540] installing aopalliance-1.0-19.oe1
[ 1745s] [368/540] installing apache-commons-cli-1.4-6.oe1
[ 1748s] [369/540] installing apache-commons-collections-3.2.2-11.oe1
[ 1750s] [370/540] installing apache-commons-compress-1.17-6.oe1
[ 1752s] [371/540] installing apache-commons-lang-2.6-23.oe1
[ 1753s] [372/540] installing apache-commons-lang3-3.9-3.oe1
[ 1755s] [373/540] installing apache-ivy-2.4.0-17.oe1
[ 1766s] [374/540] installing apache-resource-bundles-2-23.oe1
[ 1768s] [375/540] installing atinject-1-31.oe1
[ 1769s] [376/540] installing avalon-logkit-2.1-32.oe1
[ 1771s] [377/540] installing beust-jcommander-1.71-7.oe1
[ 1772s] [378/540] installing dain-snappy-0.4-7.oe1
[ 1774s] [379/540] installing extra166y-1.7.0-11.oe1
[ 1778s] [380/540] installing felix-utils-1.10.4-4.oe1
[ 1780s] [381/540] installing geronimo-annotation-1.0-25.oe1
[ 1782s] [382/540] installing glassfish-el-api-3.0.1-0.7.b09.oe1
[ 1784s] [383/540] installing guava20-20.0-8.fc29
[ 1788s] [384/540] installing hawtjni-runtime-1.16-4.oe1
[ 1790s] [385/540] installing httpcomponents-core-4.4.10-4.oe1
[ 1805s] [386/540] installing jboss-interceptors-1.2-api-1.0.0-9.oe1
[ 1809s] [387/540] installing jdom2-2.0.6-14.oe1
[ 1811s] [388/540] installing jzlib-1.1.3-11.oe1
[ 1813s] [389/540] installing maven-monitor-2.2.1-60.oe1
[ 1815s] [390/540] installing maven-resolver-api-1:1.1.1-3.oe1
[ 1816s] [391/540] installing multiverse-0.7.0-10.oe1
[ 1821s] [392/540] installing objenesis-2.6-4.oe1
[ 1826s] [393/540] installing osgi-annotation-7.0.0-1.oe1
[ 1828s] [394/540] installing osgi-core-7.0.0-1.oe1
[ 1829s] [395/540] installing plexus-cipher-1.7-16.oe1
[ 1831s] [396/540] installing plexus-classworlds-2.5.2-10.oe1
[ 1832s] [397/540] installing plexus-containers-component-annotations-1.7.1-7.oe1
[ 1834s] [398/540] installing plexus-interpolation-1.22-11.oe1
[ 1835s] [399/540] installing plexus-utils-3.1.0-4.oe1
[ 1838s] [400/540] installing qdox-2.0-5.M9.oe1
[ 1839s] [401/540] installing slf4j-1.7.25-8.oe1
[ 1841s] [402/540] installing xml-commons-apis-1.4.01-29.oe1
[ 1848s] [403/540] installing xmvn-api-3.0.0-25.oe1
[ 1850s] [404/540] installing xmvn-core-3.0.0-25.oe1
[ 1852s] [405/540] installing xpp3-1.1.4-21.oe1
[ 1854s] [406/540] installing xz-java-1.8-4.oe1
[ 1856s] [407/540] installing ecj-1:4.9-1.fc29
[ 1859s] [408/540] installing netty-tcnative-1.1.33-1.oe1
[ 1861s] [409/540] installing antlr-tool-2.7.7-60.oe1
[ 1863s] [410/540] installing javapackages-tools-5.3.0-3.oe1
[ 1865s] [411/540] installing gcc_secure-1.0-0.9.oe1
[ 1868s] [412/540] installing perl-File-Fetch-0.56-4.oe1
[ 1869s] [413/540] installing perl-devel-4:5.28.0-435.oe1
[ 1886s] [414/540] installing java-1.8.0-openjdk-1:1.8.0.181.b15-1.1.riscv64.fc29
[ 1889s] [415/540] installing apache-commons-codec-1.11-4.fc29
[ 1891s] [416/540] installing apache-commons-logging-1.2-14.fc29
[ 1892s] [417/540] installing osgi-compendium-6.0.0-6.fc29
[ 1894s] [418/540] installing avalon-framework-4.3-22.oe1
[ 1895s] [419/540] installing jansi-native-1.7-7.oe1
[ 1897s] [420/540] installing jcsp-1.1-0.13.oe1
[ 1910s] [421/540] installing kxml-2.3.0-19.oe1
[ 1912s] [422/540] installing maven-artifact-2.2.1-60.oe1
[ 1913s] [423/540] installing maven-model-2.2.1-60.oe1
[ 1915s] [424/540] installing maven-resolver-spi-1:1.1.1-3.oe1
[ 1916s] [425/540] installing maven-resolver-util-1:1.1.1-3.oe1
[ 1918s] [426/540] installing maven-wagon-provider-api-3.1.0-2.oe1
[ 1919s] [427/540] installing plexus-build-api-0.0.7-23.oe1
[ 1921s] [428/540] installing plexus-component-api-1.0-0.25.alpha16.oe1
[ 1922s] [429/540] installing xstream-1.4.9-8.fc29
[ 1924s] [430/540] installing log4j12-1.2.17-23.fc29
[ 1926s] [431/540] installing maven-invoker-2.2-9.oe1
[ 1929s] [432/540] installing netty3-3.10.6-5.fc29
[ 1932s] [433/540] installing objectweb-asm-7.0-1.oe1
[ 1934s] [434/540] installing plexus-sec-dispatcher-1.4-26.oe1
[ 1936s] [435/540] installing velocity-1.7-26.oe1
[ 1938s] [436/540] installing xml-commons-resolver-1.2-27.oe1
[ 1939s] [437/540] installing xmvn-connector-aether-3.0.0-25.oe1
[ 1940s] [438/540] installing cdi-api-1.2-9.oe1
[ 1942s] [439/540] installing google-guice-4.1-13.oe1
[ 1944s] [440/540] installing xmvn-resolve-3.0.0-25.oe1
[ 1945s] [441/540] installing xmvn-subst-3.0.0-25.oe1
[ 1947s] [442/540] installing java-1.8.0-openjdk-devel-1:1.8.0.181.b15-1.1.riscv64.fc29
[ 1966s] [443/540] installing bsf-2.4.0-32.oe1
[ 1970s] [444/540] installing cglib-3.2.4-8.fc29
[ 1973s] [445/540] installing fontbox-2.0.9-2.fc29
[ 1975s] [446/540] installing apache-commons-configuration-1.10-13.oe1
[ 1977s] [447/540] installing jakarta-commons-httpclient-1:3.1-30.oe1
[ 1989s] [448/540] installing jansi-1.17.1-2.oe1
[ 1991s] [449/540] installing maven-dependency-tree-3.0-7.oe1
[ 1992s] [450/540] installing plexus-interactivity-api-1.0-0.27.alpha6.fc29
[ 1995s] [451/540] installing plexus-languages-0.9.10-4.oe1
[ 1998s] [452/540] installing felix-bundlerepository-2.0.10-6.oe1
[ 2000s] [453/540] installing maven-resolver-impl-1:1.1.1-3.oe1
[ 2002s] [454/540] installing xmvn-mojo-3.0.0-25.oe1
[ 2003s] [455/540] installing aqute-bndlib-3.5.0-4.fc29
[ 2005s] [456/540] installing httpcomponents-client-4.5.5-6.oe1
[ 2007s] [457/540] installing sisu-inject-1:0.3.3-5.oe1
[ 2015s] [458/540] installing xerces-j2-2.11.0-37.oe1
[ 2019s] [459/540] installing xmvn-install-3.0.0-25.oe1
[ 2021s] [460/540] installing jline-2.14.6-4.oe1
[ 2024s] [461/540] installing easymock-3.5-4.fc29
[ 2025s] [462/540] installing xalan-j2-2.7.1-38.fc29
[ 2031s] [463/540] installing javapackages-local-5.3.0-3.oe1
[ 2034s] [464/540] installing groovy-lib-2.4.8-7.fc29
[ 2046s] [465/540] installing hamcrest-1.3-25.oe1
[ 2047s] [466/540] installing bsh-2.0-15.b6.oe1
[ 2050s] [467/540] installing gpars-1.2.1-12.fc29
[ 2052s] [468/540] installing scala-2.10.6-14.fc29
[ 2071s] [469/540] installing xbean-4.9-3.oe1
[ 2078s] [470/540] installing junit-1:4.12-14.oe1
[ 2079s] [471/540] installing parboiled-1.1.6-17.oe1
[ 2082s] [472/540] installing plexus-containers-container-default-1.7.1-7.oe1
[ 2083s] [473/540] installing apache-commons-io-1:2.6-7.oe1
[ 2085s] [474/540] installing maven-doxia-logging-api-1.7-12.oe1
[ 2087s] [475/540] installing pegdown-1.4.2-14.oe1
[ 2090s] [476/540] installing maven-plugin-registry-2.2.1-60.oe1
[ 2092s] [477/540] installing plexus-i18n-1.0-0.12.b10.6.oe1
[ 2093s] [478/540] installing plexus-resources-1.0-0.25.a7.oe1
[ 2095s] [479/540] installing plexus-cli-1.6-9.oe1
[ 2097s] [480/540] installing plexus-velocity-1.2-6.oe1
[ 2099s] [481/540] installing xmlunit-1.6-10.oe1
[ 2101s] [482/540] installing maven-profile-2.2.1-60.oe1
[ 2103s] [483/540] installing maven-settings-2.2.1-60.oe1
[ 2104s] [484/540] installing maven-doxia-sink-api-1.7-12.oe1
[ 2105s] [485/540] installing maven-shared-utils-3.2.1-2.oe1
[ 2107s] [486/540] installing plexus-io-3.0.0-4.oe1
[ 2109s] [487/540] installing xmlgraphics-commons-2.2-3.oe1
[ 2120s] [488/540] installing maven-reporting-api-3.0-17.oe1
[ 2122s] [489/540] installing maven-verifier-1.6-8.oe1
[ 2125s] [490/540] installing batik-1.10-2.fc29
[ 2133s] [491/540] installing plexus-archiver-3.6.0-3.oe1
[ 2139s] [492/540] installing maven-doxia-core-1.7-12.oe1
[ 2140s] [493/540] installing maven-lib-1:3.5.4-8.oe1
[ 2144s] [494/540] installing maven-artifact-resolver-1:1.0-21.oe1
[ 2146s] [495/540] installing batik-css-1.10-2.fc29
[ 2147s] [496/540] installing maven-common-artifact-filters-3.0.1-7.oe1
[ 2150s] [497/540] installing maven-enforcer-api-1.4.1-11.oe1
[ 2152s] [498/540] installing maven-plugin-testing-harness-3.3.0-14.oe1
[ 2153s] [499/540] installing maven-shared-incremental-1.1-16.oe1
[ 2156s] [500/540] installing maven-doxia-module-apt-1.7-12.oe1
[ 2157s] [501/540] installing maven-doxia-module-fml-1.7-12.oe1
[ 2158s] [502/540] installing maven-doxia-module-xdoc-1.7-12.oe1
[ 2160s] [503/540] installing maven-doxia-module-xhtml-1.7-12.oe1
[ 2161s] [504/540] installing maven-shared-io-1:3.0.0-7.oe1
[ 2163s] [505/540] installing maven-artifact-manager-2.2.1-60.oe1
[ 2164s] [506/540] installing maven-filtering-3.1.1-7.oe1
[ 2166s] [507/540] installing maven-archiver-3.2.0-5.oe1
[ 2169s] [508/540] installing fop-2.2-2.fc29
[ 2176s] [509/540] installing xmvn-minimal-3.0.0-25.oe1
[ 2179s] [510/540] installing maven-file-management-1:3.0.0-7.oe1
[ 2182s] [511/540] installing maven-jar-plugin-3.1.0-3.oe1
[ 2183s] [512/540] installing maven-resources-plugin-3.1.0-4.oe1
[ 2185s] [513/540] installing maven-doxia-module-markdown-1.7-12.oe1
[ 2186s] [514/540] installing maven-artifact-transfer-1:0.9.0-7.oe1
[ 2188s] [515/540] installing maven-doxia-module-fo-1.7-12.oe1
[ 2189s] [516/540] installing maven-project-2.2.1-60.oe1
[ 2191s] [517/540] installing maven-antrun-plugin-1.8-8.oe1
[ 2192s] [518/540] installing maven-plugin-build-helper-1.9.1-10.oe1
[ 2194s] [519/540] installing maven-enforcer-rules-1.4.1-11.oe1
[ 2195s] [520/540] installing plexus-containers-component-metadata-1.7.1-7.oe1
[ 2196s] [521/540] installing maven-assembly-plugin-3.1.0-5.oe1
[ 2200s] [522/540] installing maven-remote-resources-plugin-1.5-4.oe1
[ 2202s] [523/540] installing maven-doxia-sitetools-1.7.5-5.oe1
[ 2205s] [524/540] installing maven-enforcer-plugin-1.4.1-11.oe1
[ 2206s] [525/540] installing maven-reporting-impl-3.0.0-5.oe1
[ 2208s] [526/540] installing maven-javadoc-plugin-3.0.1-3.oe1
[ 2210s] [527/540] installing plexus-pom-5.0-4.oe1
[ 2212s] [528/540] installing apache-parent-19-5.oe1
[ 2213s] [529/540] installing maven-plugin-bundle-3.5.0-5.oe1
[ 2215s] [530/540] installing maven-parent-27-7.oe1
[ 2217s] [531/540] installing plexus-components-pom-1.3.1-14.oe1
[ 2219s] [532/540] installing plexus-compiler-2.8.2-4.oe1
[ 2222s] [533/540] installing maven-plugin-tools-3.5.1-7.oe1
[ 2227s] [534/540] installing maven-compiler-plugin-3.8.0-2.oe1
[ 2230s] [535/540] installing maven-surefire-2.22.0-6.oe1
[ 2232s] [536/540] installing maven-surefire-plugin-2.22.0-6.oe1
[ 2235s] [537/540] installing maven-surefire-provider-junit-2.22.0-6.oe1
[ 2237s] [538/540] installing maven-surefire-provider-testng-2.22.0-6.oe1
[ 2238s] [539/540] installing apache-commons-parent-43-4.oe1
[ 2239s] [540/540] installing maven-local-5.3.0-3.oe1
[ 2241s] removing nis flags from /var/cache/obs/worker/root_2/etc/nsswitch.conf...
[ 2241s] now finalizing build dir...
[ 2255s] Running build time source services...
[ 2274s] -----------------------------------------------------------------
[ 2274s] ----- building apache-commons-pool2.spec (user abuild)
[ 2274s] -----------------------------------------------------------------
[ 2274s] -----------------------------------------------------------------
[ 2283s] + exec rpmbuild -ba --define '_srcdefattr (-,root,root)' --nosignature --define 'disturl obs://private/openEuler:Mainline:RISC-V/advanced_riscv64/8c814d436065f3f191a05a97990bbd75-apache-commons-pool2' /home/abuild/rpmbuild/SOURCES/apache-commons-pool2.spec
[ 2284s] Executing(%prep): /bin/sh -e /var/tmp/rpm-tmp.H6QS1h
[ 2284s] + umask 022
[ 2284s] + cd /home/abuild/rpmbuild/BUILD
[ 2284s] + cd /home/abuild/rpmbuild/BUILD
[ 2284s] + rm -rf commons-pool2-2.4.2-src
[ 2284s] + /usr/bin/tar -xof -
[ 2284s] + /usr/bin/gzip -dc /home/abuild/rpmbuild/SOURCES/commons-pool2-2.4.2-src.tar.gz
[ 2284s] + STATUS=0
[ 2284s] + '[' 0 -ne 0 ']'
[ 2284s] + cd commons-pool2-2.4.2-src
[ 2284s] + /usr/bin/chmod -Rf a+rX,u+w,g-w,o-w .
[ 2285s] + /usr/bin/python3 /usr/share/java-utils/pom_editor.py pom_remove_plugin :maven-assembly-plugin
[ 2287s] + /usr/bin/python3 /usr/share/java-utils/pom_editor.py pom_remove_plugin org.apache.maven.plugins:maven-scm-publish-plugin
[ 2290s] + /usr/bin/python3 /usr/share/java-utils/mvn_file.py : apache-commons-pool2 commons-pool2
[ 2292s] + RPM_EC=0
[ 2292s] ++ jobs -p
[ 2292s] + exit 0
[ 2292s] Executing(%build): /bin/sh -e /var/tmp/rpm-tmp.ZXLROK
[ 2292s] + umask 022
[ 2292s] + cd /home/abuild/rpmbuild/BUILD
[ 2292s] + cd commons-pool2-2.4.2-src
[ 2292s] + /usr/bin/python3 /usr/share/java-utils/mvn_build.py
[ 2294s] Executing: xmvn --batch-mode --offline verify org.fedoraproject.xmvn:xmvn-mojo:install org.apache.maven.plugins:maven-javadoc-plugin:aggregate org.fedoraproject.xmvn:xmvn-mojo:builddep
[ 2294s] ['xmvn', '--batch-mode', '--offline', 'verify', 'org.fedoraproject.xmvn:xmvn-mojo:install', 'org.apache.maven.plugins:maven-javadoc-plugin:aggregate', 'org.fedoraproject.xmvn:xmvn-mojo:builddep']
[ 2372s] [INFO] Scanning for projects...
[ 2422s] [INFO] 
[ 2422s] [INFO] ------------------< org.apache.commons:commons-pool2 >------------------
[ 2422s] [INFO] Building Apache Commons Pool 2.4.2
[ 2422s] [INFO] --------------------------------[ jar ]---------------------------------
[ 2446s] [INFO] 
[ 2446s] [INFO] --- maven-enforcer-plugin:1.4.1:enforce (enforce-maven-version) @ commons-pool2 ---
[ 2497s] [INFO] 
[ 2497s] [INFO] --- build-helper-maven-plugin:1.9.1:parse-version (parse-version) @ commons-pool2 ---
[ 2512s] [INFO] 
[ 2512s] [INFO] --- maven-antrun-plugin:1.8:run (javadoc.resources) @ commons-pool2 ---
[ 2532s] [INFO] Executing tasks
[ 2532s] 
[ 2532s] main:
[ 2536s]      [copy] Copying 2 files to /home/abuild/rpmbuild/BUILD/commons-pool2-2.4.2-src/target/apidocs/META-INF
[ 2536s] [INFO] Executed tasks
[ 2536s] [INFO] 
[ 2536s] [INFO] --- maven-remote-resources-plugin:1.5:process (process-resource-bundles) @ commons-pool2 ---
[ 2555s] [INFO] 
[ 2555s] [INFO] --- maven-resources-plugin:3.1.0:resources (default-resources) @ commons-pool2 ---
[ 2562s] [INFO] Using 'UTF-8' encoding to copy filtered resources.
[ 2562s] [INFO] skip non existing resourceDirectory /home/abuild/rpmbuild/BUILD/commons-pool2-2.4.2-src/src/main/resources
[ 2563s] [INFO] Copying 2 resources to META-INF
[ 2563s] [INFO] 
[ 2563s] [INFO] --- maven-compiler-plugin:3.8.0:compile (default-compile) @ commons-pool2 ---
[ 2576s] [INFO] Changes detected - recompiling the module!
[ 2576s] [INFO] Compiling 42 source files to /home/abuild/rpmbuild/BUILD/commons-pool2-2.4.2-src/target/classes
[ 2706s] [INFO] 
[ 2706s] [INFO] --- maven-bundle-plugin:3.5.0:manifest (bundle-manifest) @ commons-pool2 ---
[ 2793s] [INFO] 
[ 2793s] [INFO] --- maven-resources-plugin:3.1.0:testResources (default-testResources) @ commons-pool2 ---
[ 2793s] [INFO] Using 'UTF-8' encoding to copy filtered resources.
[ 2793s] [INFO] Copying 2 resources
[ 2794s] [INFO] Copying 2 resources to META-INF
[ 2795s] [INFO] 
[ 2795s] [INFO] --- maven-compiler-plugin:3.8.0:testCompile (default-testCompile) @ commons-pool2 ---
[ 2796s] [INFO] Changes detected - recompiling the module!
[ 2796s] [INFO] Compiling 34 source files to /home/abuild/rpmbuild/BUILD/commons-pool2-2.4.2-src/target/test-classes
[ 2992s] [INFO] 
[ 2992s] [INFO] --- maven-surefire-plugin:2.22.0:test (default-test) @ commons-pool2 ---
[ 3017s] [INFO] 
[ 3017s] [INFO] -------------------------------------------------------
[ 3017s] [INFO]  T E S T S
[ 3017s] [INFO] -------------------------------------------------------
[ 3028s] [INFO] Running org.apache.commons.pool2.impl.TestDefaultPooledObject
[ 3270s] [INFO] Tests run: 1, Failures: 0, Errors: 0, Skipped: 0, Time elapsed: 240.592 s - in org.apache.commons.pool2.impl.TestDefaultPooledObject
[ 3270s] [INFO] Running org.apache.commons.pool2.impl.TestEvictionConfig
[ 3271s] [INFO] Tests run: 1, Failures: 0, Errors: 0, Skipped: 0, Time elapsed: 0.055 s - in org.apache.commons.pool2.impl.TestEvictionConfig
[ 3271s] [INFO] Running org.apache.commons.pool2.impl.TestPooledSoftReference
[ 3273s] [INFO] Tests run: 2, Failures: 0, Errors: 0, Skipped: 0, Time elapsed: 0.084 s - in org.apache.commons.pool2.impl.TestPooledSoftReference
[ 3273s] [INFO] Running org.apache.commons.pool2.impl.TestGenericObjectPool
[ 3580s] [ERROR] Tests run: 73, Failures: 0, Errors: 1, Skipped: 0, Time elapsed: 303.235 s <<< FAILURE! - in org.apache.commons.pool2.impl.TestGenericObjectPool
[ 3580s] [ERROR] testConcurrentBorrowAndEvict(org.apache.commons.pool2.impl.TestGenericObjectPool)  Time elapsed: 60.836 s  <<< ERROR!
[ 3580s] org.junit.runners.model.TestTimedOutException: test timed out after 60000 milliseconds
[ 3580s] 	at org.apache.commons.pool2.impl.TestGenericObjectPool.testConcurrentBorrowAndEvict(TestGenericObjectPool.java:1431)
[ 3580s] 
[ 3580s] [INFO] Running org.apache.commons.pool2.impl.TestBaseGenericObjectPool
[ 3582s] [INFO] Tests run: 2, Failures: 0, Errors: 0, Skipped: 0, Time elapsed: 0.087 s - in org.apache.commons.pool2.impl.TestBaseGenericObjectPool
[ 3582s] [INFO] Running org.apache.commons.pool2.impl.TestGenericObjectPoolClassLoaders
[ 3583s] [INFO] Tests run: 1, Failures: 0, Errors: 0, Skipped: 0, Time elapsed: 0.12 s - in org.apache.commons.pool2.impl.TestGenericObjectPoolClassLoaders
[ 3583s] [INFO] Running org.apache.commons.pool2.impl.TestLinkedBlockingDeque
[ 3586s] [INFO] Tests run: 40, Failures: 0, Errors: 0, Skipped: 0, Time elapsed: 0.928 s - in org.apache.commons.pool2.impl.TestLinkedBlockingDeque
[ 3586s] [INFO] Running org.apache.commons.pool2.impl.TestDefaultPooledObjectInfo
[ 3588s] [INFO] Tests run: 4, Failures: 0, Errors: 0, Skipped: 0, Time elapsed: 0.162 s - in org.apache.commons.pool2.impl.TestDefaultPooledObjectInfo
[ 3588s] [INFO] Running org.apache.commons.pool2.impl.TestSoftReferenceObjectPool
[ 3590s] [INFO] Tests run: 17, Failures: 0, Errors: 0, Skipped: 0, Time elapsed: 0.67 s - in org.apache.commons.pool2.impl.TestSoftReferenceObjectPool
[ 3590s] [INFO] Running org.apache.commons.pool2.impl.TestAbandonedObjectPool
[ 3597s] [INFO] Tests run: 6, Failures: 0, Errors: 0, Skipped: 0, Time elapsed: 5.564 s - in org.apache.commons.pool2.impl.TestAbandonedObjectPool
[ 3597s] [INFO] Running org.apache.commons.pool2.impl.TestGenericKeyedObjectPool
[ 3798s] [INFO] Tests run: 62, Failures: 0, Errors: 0, Skipped: 0, Time elapsed: 196.919 s - in org.apache.commons.pool2.impl.TestGenericKeyedObjectPool
[ 3798s] [INFO] Running org.apache.commons.pool2.impl.TestPoolImplUtils
[ 3799s] [INFO] Tests run: 2, Failures: 0, Errors: 0, Skipped: 0, Time elapsed: 0.128 s - in org.apache.commons.pool2.impl.TestPoolImplUtils
[ 3799s] [INFO] Running org.apache.commons.pool2.proxy.TestProxiedObjectPoolWithJdkProxy
[ 3803s] [INFO] Tests run: 6, Failures: 0, Errors: 0, Skipped: 0, Time elapsed: 1.904 s - in org.apache.commons.pool2.proxy.TestProxiedObjectPoolWithJdkProxy
[ 3803s] [INFO] Running org.apache.commons.pool2.proxy.TestProxiedKeyedObjectPoolWithJdkProxy
[ 3804s] [INFO] Tests run: 5, Failures: 0, Errors: 0, Skipped: 0, Time elapsed: 0.183 s - in org.apache.commons.pool2.proxy.TestProxiedKeyedObjectPoolWithJdkProxy
[ 3805s] [INFO] Running org.apache.commons.pool2.proxy.TestProxiedKeyedObjectPoolWithCglibProxy
[ 3809s] [INFO] Tests run: 5, Failures: 0, Errors: 0, Skipped: 0, Time elapsed: 2.739 s - in org.apache.commons.pool2.proxy.TestProxiedKeyedObjectPoolWithCglibProxy
[ 3809s] [INFO] Running org.apache.commons.pool2.proxy.TestProxiedObjectPoolWithCglibProxy
[ 3816s] [INFO] Tests run: 6, Failures: 0, Errors: 0, Skipped: 0, Time elapsed: 5.334 s - in org.apache.commons.pool2.proxy.TestProxiedObjectPoolWithCglibProxy
[ 3816s] [INFO] Running org.apache.commons.pool2.TestBaseKeyedPoolableObjectFactory
[ 3817s] [INFO] Tests run: 1, Failures: 0, Errors: 0, Skipped: 0, Time elapsed: 0.126 s - in org.apache.commons.pool2.TestBaseKeyedPoolableObjectFactory
[ 3817s] [INFO] Running org.apache.commons.pool2.TestBaseObjectPool
[ 3820s] [INFO] Tests run: 17, Failures: 0, Errors: 0, Skipped: 0, Time elapsed: 0.421 s - in org.apache.commons.pool2.TestBaseObjectPool
[ 3820s] [INFO] Running org.apache.commons.pool2.TestPoolUtils
[ 3855s] [INFO] Tests run: 18, Failures: 0, Errors: 0, Skipped: 0, Time elapsed: 33.126 s - in org.apache.commons.pool2.TestPoolUtils
[ 3855s] [INFO] Running org.apache.commons.pool2.TestBasePoolableObjectFactory
[ 3856s] [INFO] Tests run: 1, Failures: 0, Errors: 0, Skipped: 0, Time elapsed: 0.077 s - in org.apache.commons.pool2.TestBasePoolableObjectFactory
[ 3858s] [INFO] 
[ 3858s] [INFO] Results:
[ 3858s] [INFO] 
[ 3858s] [ERROR] Errors: 
[ 3858s] [ERROR]   TestGenericObjectPool.testConcurrentBorrowAndEvict:1431->Object.wait:-2 » TestTimedOut
[ 3858s] [INFO] 
[ 3858s] [ERROR] Tests run: 270, Failures: 0, Errors: 1, Skipped: 0
[ 3858s] [INFO] 
[ 3859s] [INFO] 
[ 3859s] [INFO] ------------------------------------------------------------------------
[ 3859s] [INFO] Skipping Apache Commons Pool
[ 3859s] [INFO] This project has been banned from the build due to previous failures.
[ 3859s] [INFO] ------------------------------------------------------------------------
[ 3859s] [INFO] ------------------------------------------------------------------------
[ 3859s] [INFO] BUILD FAILURE
[ 3859s] [INFO] ------------------------------------------------------------------------
[ 3859s] [INFO] Total time: 24:49 min
[ 3859s] [INFO] Finished at: 2022-04-16T11:17:39Z
[ 3859s] [INFO] ------------------------------------------------------------------------
[ 3860s] [ERROR] Failed to execute goal org.apache.maven.plugins:maven-surefire-plugin:2.22.0:test (default-test) on project commons-pool2: There are test failures.
[ 3860s] [ERROR] 
[ 3860s] [ERROR] Please refer to /home/abuild/rpmbuild/BUILD/commons-pool2-2.4.2-src/target/surefire-reports for the individual test results.
[ 3860s] [ERROR] Please refer to dump files (if any exist) [date]-jvmRun[N].dump, [date].dumpstream and [date]-jvmRun[N].dumpstream.
[ 3860s] [ERROR] -> [Help 1]
[ 3860s] [ERROR] 
[ 3860s] [ERROR] To see the full stack trace of the errors, re-run Maven with the -e switch.
[ 3860s] [ERROR] Re-run Maven using the -X switch to enable full debug logging.
[ 3860s] [ERROR] 
[ 3860s] [ERROR] For more information about the errors and possible solutions, please read the following articles:
[ 3860s] [ERROR] [Help 1] http://cwiki.apache.org/confluence/display/MAVEN/MojoFailureException
[ 3863s] error: Bad exit status from /var/tmp/rpm-tmp.ZXLROK (%build)
[ 3863s] 
[ 3863s] 
[ 3863s] RPM build errors:
[ 3863s]     Bad exit status from /var/tmp/rpm-tmp.ZXLROK (%build)
[ 3863s] 
[ 3863s] oe-RISCV-worker26 failed "build apache-commons-pool2.spec" at Sat Apr 16 11:17:43 UTC 2022.
[ 3863s] 
