[    1s] Memory limit set to 21970666KB
[    1s] Using BUILD_ROOT=/var/cache/obs/worker/root_2
[    1s] Using BUILD_ARCH=riscv64
[    1s] 
[    5s] 
[    5s] oe-RISCV-worker82 started "build _service:extract_file:jboss-dmr.spec" at Sun Apr 24 00:01:34 UTC 2022.
[    5s] 
[    5s] Building jboss-dmr for project 'openEuler:Mainline:RISC-V' repository 'advanced_riscv64' arch 'riscv64' srcmd5 'f95cd8cb4812ff594cce90269cbac1e7'
[    5s] 
[    5s] processing recipe /var/cache/obs/worker/root_2/.build-srcdir/_service:extract_file:jboss-dmr.spec ...
[   10s] running changelog2spec --target rpm --file /var/cache/obs/worker/root_2/.build-srcdir/_service:extract_file:jboss-dmr.spec
[   13s] init_buildsystem --configdir /var/run/obs/worker/2/build/configs --cachedir /var/cache/build --clean --rpmlist /var/cache/obs/worker/root_2/.build.rpmlist /var/cache/obs/worker/root_2/.build-srcdir/_service:extract_file:jboss-dmr.spec build ...
[  105s] cycle: bash -> coreutils
[  105s]   breaking dependency coreutils -> bash
[  105s] cycle: bash -> coreutils -> info
[  105s]   breaking dependency coreutils -> info
[  105s] cycle: glibc -> filesystem -> bash -> coreutils
[  105s]   breaking dependency filesystem -> bash
[  105s] cycle: glibc -> filesystem -> coreutils
[  105s]   breaking dependency coreutils -> glibc
[  105s] cycle: glibc -> filesystem -> coreutils -> libacl
[  105s]   breaking dependency coreutils -> libacl
[  105s] cycle: glibc -> filesystem -> coreutils -> attr
[  105s]   breaking dependency coreutils -> attr
[  105s] cycle: coreutils -> libcap -> bash
[  105s]   breaking dependency coreutils -> libcap
[  105s] cycle: glibc -> filesystem -> coreutils -> openssl-libs
[  105s]   breaking dependency coreutils -> openssl-libs
[  105s] cycle: glibc -> filesystem -> coreutils -> libselinux
[  105s]   breaking dependency libselinux -> glibc
[  105s] cycle: glibc -> filesystem -> coreutils -> libselinux -> pcre2
[  105s]   breaking dependency pcre2 -> glibc
[  105s] cycle: glibc -> filesystem -> coreutils -> libselinux -> pcre2 -> readline
[  105s]   breaking dependency readline -> glibc
[  105s] cycle: glibc -> filesystem -> coreutils -> libselinux -> pcre2 -> readline -> ncurses-libs
[  105s]   breaking dependency coreutils -> libselinux
[  105s] cycle: glibc -> filesystem -> coreutils -> ncurses
[  105s]   breaking dependency ncurses -> glibc
[  105s] cycle: glibc -> filesystem -> coreutils -> ncurses -> ncurses-libs
[  105s]   breaking dependency ncurses -> ncurses-libs
[  105s] cycle: filesystem -> coreutils -> ncurses -> libgcc
[  105s]   breaking dependency ncurses -> libgcc
[  105s] cycle: perl-Carp -> perl-libs
[  105s]   breaking dependency perl-libs -> perl-Carp
[  105s] cycle: perl-libs -> perl-Exporter
[  105s]   breaking dependency perl-libs -> perl-Exporter
[  105s] cycle: perl-Carp -> perl-Exporter
[  105s]   breaking dependency perl-Exporter -> perl-Carp
[  105s] cycle: nss-util -> nss
[  105s]   breaking dependency nss -> nss-util
[  105s] cycle: nss-softokn -> nss-util -> nss
[  105s]   breaking dependency nss -> nss-softokn
[  105s] cycle: systemd -> cryptsetup -> device-mapper
[  105s]   breaking dependency systemd -> cryptsetup
[  105s] cycle: audit -> systemd -> pam
[  105s]   breaking dependency systemd -> pam
[  105s] [1/84] preinstalling dbus...
[  106s] [2/84] preinstalling libffi-devel...
[  107s] [3/84] preinstalling nodejs-source-map...
[  108s] [4/84] preinstalling python3-pip...
[  112s] [5/84] preinstalling python3-setuptools_scm...
[  113s] [6/84] preinstalling ncurses...
[  119s] [7/84] preinstalling coreutils...
[  124s] [8/84] preinstalling filesystem...
[  126s] [9/84] preinstalling glibc...
[  131s] [10/84] preinstalling libgcc...
[  132s] [11/84] preinstalling diffutils...
[  133s] [12/84] preinstalling libcap-ng...
[  134s] [13/84] preinstalling libgpg-error...
[  135s] [14/84] preinstalling libpcap...
[  136s] [15/84] preinstalling libsmartcols...
[  138s] [16/84] preinstalling libuuid...
[  139s] [17/84] preinstalling libxcrypt...
[  140s] [18/84] preinstalling lz4...
[  141s] [19/84] preinstalling m4...
[  142s] [20/84] preinstalling ncurses-libs...
[  143s] [21/84] preinstalling nspr...
[  144s] [22/84] preinstalling xz-libs...
[  145s] [23/84] preinstalling zlib...
[  146s] [24/84] preinstalling attr...
[  147s] [25/84] preinstalling libdb...
[  151s] [26/84] preinstalling zstd...
[  154s] [27/84] preinstalling audit-libs...
[  154s] [28/84] preinstalling file...
[  155s] [29/84] preinstalling iptables-libs...
[  156s] [30/84] preinstalling libacl...
[  157s] [31/84] preinstalling libgcrypt...
[  158s] [32/84] preinstalling openssl-libs...
[  160s] [33/84] preinstalling readline...
[  161s] [34/84] preinstalling bash...
[  164s] [35/84] preinstalling cmake...
[  177s] [36/84] preinstalling perl-libs...
[  181s] [37/84] preinstalling dnf...
[  182s] [38/84] preinstalling pcre2...
[  184s] [39/84] preinstalling perl-Exporter...
[  185s] [40/84] preinstalling bzip2...
[  186s] [41/84] preinstalling hostname...
[  187s] [42/84] preinstalling libcap...
[  188s] [43/84] preinstalling pcre...
[  189s] [44/84] preinstalling popt...
[  190s] [45/84] preinstalling acl...
[  191s] [46/84] preinstalling elfutils...
[  194s] [47/84] preinstalling libblkid...
[  195s] [48/84] preinstalling openssl...
[  197s] [49/84] preinstalling sqlite...
[  199s] [50/84] preinstalling tar...
[  201s] [51/84] preinstalling info...
[  202s] [52/84] preinstalling libgcrypt-devel...
[  203s] [53/84] preinstalling lua...
[  204s] [54/84] preinstalling libselinux...
[  205s] [55/84] preinstalling perl-Carp...
[  206s] [56/84] preinstalling copy-jdk-configs...
[  207s] [57/84] preinstalling libfdisk...
[  208s] [58/84] preinstalling perl-Digest-MD5...
[  209s] [59/84] preinstalling grep...
[  211s] [60/84] preinstalling rpm-libs...
[  212s] [61/84] preinstalling chkconfig...
[  213s] [62/84] preinstalling sed...
[  215s] [63/84] preinstalling libmount...
[  216s] [64/84] preinstalling libsemanage...
[  217s] [65/84] preinstalling perl-constant...
[  218s] [66/84] preinstalling findutils...
[  219s] [67/84] preinstalling xz...
[  220s] [68/84] preinstalling perl-Getopt-Long...
[  221s] [69/84] preinstalling glib2...
[  227s] [70/84] preinstalling nss...
[  228s] [71/84] preinstalling perl-Data-Dumper...
[  229s] [72/84] preinstalling systemd-libs...
[  231s] [73/84] preinstalling systemd...
[  236s] [74/84] preinstalling dbus-libs...
[  237s] [75/84] preinstalling nss-util...
[  239s] [76/84] preinstalling audit...
[  240s] [77/84] preinstalling nss-softokn...
[  242s] [78/84] preinstalling pam...
[  244s] [79/84] preinstalling rpm...
[  246s] [80/84] preinstalling openEuler-rpm-config...
[  247s] [81/84] preinstalling util-linux...
[  251s] [82/84] preinstalling device-mapper...
[  253s] [83/84] preinstalling cryptsetup...
[  255s] [84/84] preinstalling lvm2...
[  257s] 
[  260s] initializing rpm db...
[  276s] reordering...cycle: coreutils -> bash
[  276s]   breaking dependency coreutils -> bash
[  276s] cycle: coreutils -> info
[  276s]   breaking dependency coreutils -> info
[  276s] cycle: glibc -> basesystem -> filesystem -> coreutils -> gmp
[  276s]   breaking dependency coreutils -> gmp
[  276s] cycle: glibc -> basesystem -> filesystem -> coreutils
[  276s]   breaking dependency coreutils -> glibc
[  276s] cycle: glibc -> basesystem -> filesystem -> coreutils -> libacl
[  276s]   breaking dependency coreutils -> libacl
[  276s] cycle: glibc -> basesystem -> filesystem -> coreutils -> attr
[  276s]   breaking dependency coreutils -> attr
[  276s] cycle: coreutils -> libcap
[  276s]   breaking dependency coreutils -> libcap
[  276s] cycle: glibc -> basesystem -> filesystem -> coreutils -> openssl-libs
[  276s]   breaking dependency openssl-libs -> glibc
[  276s] cycle: coreutils -> openssl-libs -> ca-certificates
[  276s]   breaking dependency ca-certificates -> coreutils
[  276s] cycle: coreutils -> openssl-libs -> ca-certificates -> bash
[  276s]   breaking dependency ca-certificates -> bash
[  276s] cycle: coreutils -> openssl-libs -> ca-certificates -> grep
[  276s]   breaking dependency grep -> coreutils
[  276s] cycle: coreutils -> openssl-libs -> ca-certificates -> grep -> bash
[  276s]   breaking dependency ca-certificates -> grep
[  276s] cycle: glibc -> basesystem -> filesystem -> coreutils -> openssl-libs -> ca-certificates -> p11-kit
[  276s]   breaking dependency p11-kit -> glibc
[  276s] cycle: glibc -> basesystem -> filesystem -> coreutils -> openssl-libs -> ca-certificates -> p11-kit -> libffi
[  276s]   breaking dependency openssl-libs -> ca-certificates
[  276s] cycle: coreutils -> openssl-libs -> crypto-policies -> bash
[  276s]   breaking dependency crypto-policies -> bash
[  276s] cycle: coreutils -> openssl-libs -> crypto-policies
[  276s]   breaking dependency crypto-policies -> coreutils
[  276s] cycle: coreutils -> openssl-libs -> crypto-policies -> grep -> bash
[  276s]   breaking dependency bash -> coreutils
[  276s] cycle: filesystem -> coreutils -> openssl-libs -> crypto-policies -> grep -> bash
[  276s]   breaking dependency grep -> bash
[  276s] cycle: glibc -> basesystem -> filesystem -> coreutils -> openssl-libs -> crypto-policies -> grep
[  276s]   breaking dependency glibc -> basesystem
[  276s] cycle: glibc -> glibc-common -> bash -> filesystem -> coreutils -> openssl-libs -> crypto-policies -> grep
[  276s]   breaking dependency glibc-common -> bash
[  276s] cycle: glibc -> glibc-common -> coreutils -> openssl-libs -> crypto-policies -> grep
[  276s]   breaking dependency glibc-common -> coreutils
[  276s] cycle: glibc -> glibc-common
[  276s]   breaking dependency glibc-common -> glibc
[  276s] cycle: glibc -> glibc-common -> libselinux
[  276s]   breaking dependency libselinux -> glibc
[  276s] cycle: glibc -> glibc-common -> libselinux -> pcre2
[  276s]   breaking dependency pcre2 -> glibc
[  276s] cycle: glibc -> glibc-common -> libselinux -> pcre2 -> readline
[  276s]   breaking dependency readline -> glibc
[  276s] cycle: glibc -> glibc-common -> libselinux -> pcre2 -> readline -> ncurses-libs
[  276s]   breaking dependency libselinux -> pcre2
[  276s] cycle: glibc -> glibc-common -> libselinux -> libsepol -> coreutils -> openssl-libs -> crypto-policies -> grep
[  276s]   breaking dependency libsepol -> coreutils
[  276s] cycle: glibc -> glibc-common -> libselinux -> libsepol -> bash -> filesystem -> coreutils -> openssl-libs -> crypto-policies -> grep
[  276s]   breaking dependency filesystem -> coreutils
[  276s] cycle: bash -> filesystem
[  276s]   breaking dependency filesystem -> bash
[  276s] cycle: filesystem -> setup
[  276s]   breaking dependency filesystem -> setup
[  276s] cycle: glibc -> glibc-common -> libselinux -> libsepol -> bash
[  276s]   breaking dependency bash -> glibc
[  276s] cycle: glibc -> glibc-common -> libselinux -> libsepol -> bash -> ncurses-libs
[  276s]   breaking dependency libsepol -> bash
[  276s] cycle: glibc -> glibc-common -> libselinux -> libsepol
[  276s]   breaking dependency glibc -> glibc-common
[  276s] cycle: systemd -> cryptsetup -> device-mapper
[  276s]   breaking dependency systemd -> cryptsetup
[  276s] cycle: perl-libs -> perl-Carp
[  276s]   breaking dependency perl-libs -> perl-Carp
[  276s] cycle: perl-libs -> perl-Exporter
[  276s]   breaking dependency perl-libs -> perl-Exporter
[  276s] cycle: perl-Carp -> perl-Exporter
[  276s]   breaking dependency perl-Exporter -> perl-Carp
[  276s] cycle: perl -> perl-PathTools
[  276s]   breaking dependency perl -> perl-PathTools
[  276s] cycle: perl -> perl-ExtUtils-MakeMaker
[  276s]   breaking dependency perl -> perl-ExtUtils-MakeMaker
[  276s] cycle: perl -> perl-File-Path -> perl-PathTools
[  276s]   breaking dependency perl -> perl-File-Path
[  276s] cycle: perl -> perl-Getopt-Long -> perl-Pod-Usage
[  276s]   breaking dependency perl -> perl-Getopt-Long
[  276s] cycle: perl -> perl-Locale-Maketext
[  276s]   breaking dependency perl -> perl-Locale-Maketext
[  276s] cycle: perl -> perl-Pod-Simple
[  276s]   breaking dependency perl -> perl-Pod-Simple
[  276s] cycle: perl -> perl-Socket
[  276s]   breaking dependency perl -> perl-Socket
[  276s] cycle: perl -> perl-Storable
[  276s]   breaking dependency perl -> perl-Storable
[  276s] cycle: perl -> perl-Text-Tabs+Wrap
[  276s]   breaking dependency perl -> perl-Text-Tabs+Wrap
[  276s] cycle: perl -> perl-Time-Local -> perl-constant
[  276s]   breaking dependency perl -> perl-Time-Local
[  276s] cycle: perl -> perl-constant
[  276s]   breaking dependency perl -> perl-constant
[  276s] cycle: perl -> perl-threads
[  276s]   breaking dependency perl -> perl-threads
[  276s] cycle: perl -> perl-threads-shared
[  276s]   breaking dependency perl -> perl-threads-shared
[  276s] cycle: perl -> perl-Archive-Tar
[  276s]   breaking dependency perl -> perl-Archive-Tar
[  276s] cycle: perl -> perl-B-Debug
[  276s]   breaking dependency perl -> perl-B-Debug
[  276s] cycle: perl -> perl-CPAN-Meta -> perl-CPAN-Meta-Requirements
[  276s]   breaking dependency perl -> perl-CPAN-Meta
[  276s] cycle: perl -> perl-CPAN-Meta-Requirements
[  276s]   breaking dependency perl -> perl-CPAN-Meta-Requirements
[  276s] cycle: perl -> perl-CPAN-Meta-YAML
[  276s]   breaking dependency perl -> perl-CPAN-Meta-YAML
[  276s] cycle: perl -> perl-Compress-Raw-Bzip2
[  276s]   breaking dependency perl -> perl-Compress-Raw-Bzip2
[  276s] cycle: perl -> perl-Compress-Raw-Zlib
[  276s]   breaking dependency perl -> perl-Compress-Raw-Zlib
[  276s] cycle: perl -> perl-Config-Perl-V
[  276s]   breaking dependency perl -> perl-Config-Perl-V
[  276s] cycle: perl -> perl-DB_File
[  276s]   breaking dependency perl -> perl-DB_File
[  276s] cycle: perl -> perl-Data-Dumper
[  276s]   breaking dependency perl -> perl-Data-Dumper
[  276s] cycle: perl -> perl-Devel-PPPort
[  276s]   breaking dependency perl -> perl-Devel-PPPort
[  276s] cycle: perl -> perl-Digest -> perl-MIME-Base64
[  276s]   breaking dependency perl -> perl-Digest
[  276s] cycle: perl -> perl-Digest-MD5 -> perl-Digest -> perl-MIME-Base64
[  276s]   breaking dependency perl -> perl-Digest-MD5
[  276s] cycle: perl -> perl-Digest-SHA
[  276s]   breaking dependency perl -> perl-Digest-SHA
[  276s] cycle: perl -> perl-Encode
[  276s]   breaking dependency perl -> perl-Encode
[  276s] cycle: perl -> perl-Env
[  276s]   breaking dependency perl -> perl-Env
[  276s] cycle: perl -> perl-ExtUtils-Command
[  276s]   breaking dependency perl -> perl-ExtUtils-Command
[  276s] cycle: perl -> perl-ExtUtils-Install
[  276s]   breaking dependency perl -> perl-ExtUtils-Install
[  276s] cycle: perl -> perl-ExtUtils-Manifest
[  276s]   breaking dependency perl -> perl-ExtUtils-Manifest
[  276s] cycle: perl -> perl-ExtUtils-ParseXS
[  276s]   breaking dependency perl -> perl-ExtUtils-ParseXS
[  276s] cycle: perl -> perl-File-Fetch -> perl-PathTools
[  276s]   breaking dependency perl -> perl-File-Fetch
[  276s] cycle: perl -> perl-File-Temp -> perl-PathTools
[  276s]   breaking dependency perl -> perl-File-Temp
[  276s] cycle: perl -> perl-Filter
[  276s]   breaking dependency perl -> perl-Filter
[  276s] cycle: perl -> perl-Filter-Simple -> perl-Filter
[  276s]   breaking dependency perl -> perl-Filter-Simple
[  276s] cycle: perl -> perl-HTTP-Tiny
[  276s]   breaking dependency perl -> perl-HTTP-Tiny
[  276s] cycle: perl -> perl-IO-Compress
[  276s]   breaking dependency perl -> perl-IO-Compress
[  276s] cycle: perl -> perl-IO-Socket-IP
[  276s]   breaking dependency perl -> perl-IO-Socket-IP
[  276s] cycle: perl -> perl-IPC-Cmd -> perl-ExtUtils-MakeMaker
[  276s]   breaking dependency perl -> perl-IPC-Cmd
[  276s] cycle: perl -> perl-IPC-SysV
[  276s]   breaking dependency perl -> perl-IPC-SysV
[  276s] cycle: perl -> perl-JSON-PP
[  276s]   breaking dependency perl -> perl-JSON-PP
[  276s] cycle: perl -> perl-Locale-Codes -> perl-constant
[  276s]   breaking dependency perl -> perl-Locale-Codes
[  276s] cycle: perl -> perl-MIME-Base64
[  276s]   breaking dependency perl -> perl-MIME-Base64
[  276s] cycle: perl -> perl-Math-BigInt
[  276s]   breaking dependency perl -> perl-Math-BigInt
[  276s] cycle: perl -> perl-Math-BigInt-FastCalc -> perl-Math-BigInt
[  276s]   breaking dependency perl -> perl-Math-BigInt-FastCalc
[  276s] cycle: perl -> perl-Math-BigRat -> perl-Math-BigInt
[  276s]   breaking dependency perl -> perl-Math-BigRat
[  276s] cycle: perl -> perl-Module-CoreList
[  276s]   breaking dependency perl -> perl-Module-CoreList
[  276s] cycle: perl -> perl-Module-Load -> perl-PathTools
[  276s]   breaking dependency perl -> perl-Module-Load
[  276s] cycle: perl -> perl-Module-Load-Conditional
[  276s]   breaking dependency perl -> perl-Module-Load-Conditional
[  276s] cycle: perl -> perl-Module-Metadata
[  276s]   breaking dependency perl -> perl-Module-Metadata
[  276s] cycle: perl -> perl-Params-Check
[  276s]   breaking dependency perl -> perl-Params-Check
[  276s] cycle: perl -> perl-PerlIO-via-QuotedPrint -> perl-MIME-Base64
[  276s]   breaking dependency perl -> perl-PerlIO-via-QuotedPrint
[  276s] cycle: perl -> perl-Pod-Checker
[  276s]   breaking dependency perl -> perl-Pod-Checker
[  276s] cycle: perl -> perl-Pod-Escapes
[  276s]   breaking dependency perl -> perl-Pod-Escapes
[  276s] cycle: perl -> perl-Pod-Parser
[  276s]   breaking dependency perl -> perl-Pod-Parser
[  276s] cycle: perl -> perl-Pod-Perldoc
[  276s]   breaking dependency perl -> perl-Pod-Perldoc
[  276s] cycle: perl -> perl-Pod-Usage
[  276s]   breaking dependency perl -> perl-Pod-Usage
[  276s] cycle: perl -> perl-Sys-Syslog
[  276s]   breaking dependency perl -> perl-Sys-Syslog
[  276s] cycle: perl -> perl-Term-Cap
[  276s]   breaking dependency perl -> perl-Term-Cap
[  276s] cycle: perl -> perl-Test-Harness
[  276s]   breaking dependency perl -> perl-Test-Harness
[  276s] cycle: perl -> perl-Test-Simple
[  276s]   breaking dependency perl -> perl-Test-Simple
[  276s] cycle: perl -> perl-Text-Balanced
[  276s]   breaking dependency perl -> perl-Text-Balanced
[  276s] cycle: perl -> perl-Thread-Queue -> perl-threads-shared
[  276s]   breaking dependency perl -> perl-Thread-Queue
[  276s] cycle: perl -> perl-Unicode-Collate -> perl-PathTools
[  276s]   breaking dependency perl -> perl-Unicode-Collate
[  276s] cycle: perl -> perl-autodie
[  276s]   breaking dependency perl -> perl-autodie
[  276s] cycle: perl -> perl-bignum -> perl-Math-BigInt
[  276s]   breaking dependency perl -> perl-bignum
[  276s] cycle: perl -> perl-devel
[  276s]   breaking dependency perl -> perl-devel
[  276s] cycle: perl -> perl-Encode-devel
[  276s]   breaking dependency perl -> perl-Encode-devel
[  276s] cycle: perl -> perl-experimental
[  276s]   breaking dependency perl -> perl-experimental
[  276s] cycle: perl -> perl-libnet -> perl-Digest-MD5 -> perl-Digest -> perl-MIME-Base64
[  276s]   breaking dependency perl -> perl-libnet
[  276s] cycle: perl -> perl-podlators
[  276s]   breaking dependency perl -> perl-podlators
[  276s] cycle: perl -> perl-version
[  276s]   breaking dependency perl -> perl-version
[  276s] cycle: glib2 -> gamin
[  276s]   breaking dependency glib2 -> gamin
[  276s] cycle: systemd -> gnutls -> unbound-libs -> shadow -> pam -> audit
[  276s]   breaking dependency systemd -> gnutls
[  276s] cycle: systemd -> pam -> audit
[  276s]   breaking dependency systemd -> pam
[  276s] cycle: systemd -> shadow -> pam -> audit
[  276s]   breaking dependency systemd -> shadow
[  276s] cycle: pam -> libpwquality
[  276s]   breaking dependency pam -> libpwquality
[  276s] cycle: perl-Getopt-Long -> perl-Pod-Usage
[  276s]   breaking dependency perl-Pod-Usage -> perl-Getopt-Long
[  276s] cycle: perl-Getopt-Long -> perl-Pod-Usage -> perl-podlators -> perl-Encode
[  276s]   breaking dependency perl-podlators -> perl-Encode
[  276s] cycle: perl-Getopt-Long -> perl-Pod-Usage -> perl-podlators
[  276s]   breaking dependency perl-podlators -> perl-Getopt-Long
[  276s] cycle: perl-Getopt-Long -> perl-Pod-Usage -> perl-podlators -> perl-Pod-Simple -> perl-Encode
[  276s]   breaking dependency perl-Encode -> perl-Getopt-Long
[  276s] cycle: perl-Getopt-Long -> perl-Pod-Usage -> perl-podlators -> perl-Pod-Simple
[  276s]   breaking dependency perl-podlators -> perl-Pod-Simple
[  276s] cycle: perl-Pod-Usage -> perl-podlators
[  276s]   breaking dependency perl-podlators -> perl-Pod-Usage
[  276s] cycle: groff -> perl-Getopt-Long -> perl-Pod-Usage -> perl-Pod-Perldoc
[  276s]   breaking dependency groff -> perl-Getopt-Long
[  276s] cycle: nss -> nss-util
[  276s]   breaking dependency nss -> nss-util
[  276s] cycle: nss -> nss-softokn -> nss-util
[  276s]   breaking dependency nss -> nss-softokn
[  276s] cycle: libxcrypt-devel -> glibc-devel
[  276s]   breaking dependency glibc-devel -> libxcrypt-devel
[  276s] cycle: groovy-lib -> gpars
[  276s]   breaking dependency groovy-lib -> gpars
[  276s] cycle: batik-css -> batik
[  276s]   breaking dependency batik -> batik-css
[  276s] cycle: xalan-j2 -> xerces-j2
[  276s]   breaking dependency xerces-j2 -> xalan-j2
[  276s] cycle: cmake-data -> cmake
[  276s]   breaking dependency cmake -> cmake-data
[  276s] cycle: perl-Getopt-Long -> perl-Pod-Usage -> perl-Pod-Perldoc -> perl-Pod-Simple
[  276s]   breaking dependency perl-Pod-Perldoc -> perl-Pod-Simple
[  276s] cycle: openssh -> openssh-server
[  276s]   breaking dependency openssh-server -> openssh
[  276s] cycle: git -> perl-Git
[  276s]   breaking dependency git -> perl-Git
[  276s] cycle: perl-ExtUtils-Install -> perl-ExtUtils-MakeMaker
[  276s]   breaking dependency perl-ExtUtils-MakeMaker -> perl-ExtUtils-Install
[  277s] done
[  277s] querying package ids...
[  328s] [1/531] installing cmake-filesystem-3.22.0-1.oe1
[  330s] [2/531] installing fonts-filesystem-2.0.2-2.oe1
[  331s] [3/531] installing fuse-common-3.9.2-5.oe1
[  332s] [4/531] installing javapackages-filesystem-5.3.0-6.oe1
[  333s] [5/531] installing kernel-headers-5.10-3.oe1
[  341s] [6/531] installing libreport-filesystem-2.13.1-5.oe1
[  342s] [7/531] installing ncurses-base-6.1-14.oe1
[  344s] [8/531] installing openEuler-gpg-keys-1.0-2.5.oe1
[  346s] [9/531] installing python-setuptools-59.4.0-3.oe1
[  347s] [10/531] installing qt5-srpm-macros-5.15.2-1.oe1
[  348s] [11/531] installing tzdata-2021a-2.oe1
[  357s] [12/531] installing tzdata-java-2021a-2.oe1
[  361s] [13/531] installing dnf-data-4.10.0-1.oe1
[  363s] [14/531] installing openEuler-repos-1.0-2.5.oe1
[  364s] [15/531] installing wqy-zenhei-fonts-0.9.46-21.oe1
[  374s] [16/531] installing openEuler-release-20.03LTS-40.oe1
[  375s] [17/531] installing filesystem-3.9-3.oe1
[  393s] warning: group mail does not exist - using root
[  394s] [18/531] installing emacs-filesystem-1:27.1-5.oe1
[  395s] [19/531] installing libgcc-10.3.1-10.oe1
[  396s] [20/531] installing setup-2.13.3-4.oe1
[  398s] [21/531] installing glibc-2.34-74.oe1
[  405s] [22/531] installing brotli-1.0.9-2.oe1
[  407s] [23/531] installing chrpath-0.16-12.oe1
[  408s] [24/531] installing cpio-2.13-4.oe1
[  410s] [25/531] installing diffutils-3.7-4.oe1
[  412s] [26/531] installing expat-2.2.10-1.oe1
[  413s] [27/531] installing giflib-5.2.1-2.oe1
[  414s] [28/531] installing json-c-0.15-1.oe1
[  416s] [29/531] installing keyutils-libs-1.6.3-3.oe1
[  417s] [30/531] installing libICE-1.0.10-2.oe1
[  418s] [31/531] installing libXau-1.0.9-2.oe1
[  419s] [32/531] installing libaio-0.3.112-1.oe1
[  421s] [33/531] installing libargon2-20190702-1.oe1
[  422s] [34/531] installing libatomic-10.3.1-10.oe1
[  424s] [35/531] installing libcap-ng-0.7.11-1.oe1
[  425s] [36/531] installing libev-4.24-11.oe1
[  426s] [37/531] installing libffi-3.3-31.oe1
[  427s] [38/531] installing libgomp-10.3.1-10.oe1
[  429s] [39/531] installing libgpg-error-1.41-1.oe1
[  431s] [40/531] installing libjpeg-turbo-2.0.6-1.oe1
[  432s] [41/531] installing libnghttp2-1.42.0-1.oe1
[  434s] [42/531] installing libpcap-14:1.9.1-7.oe1
[  435s] [43/531] installing libpipeline-1.5.3-1.oe1
[  436s] [44/531] installing libsigsegv-2.11-10.oe1
[  438s] [45/531] installing libsmartcols-2.36.1-3.oe1
[  439s] [46/531] installing libtasn1-4.16.0-2.oe1
[  441s] [47/531] installing libtool-ltdl-2.4.6-34.oe1
[  442s] [48/531] installing libunistring-0.9.10-8.oe1
[  444s] [49/531] installing libuuid-2.36.1-3.oe1
[  446s] [50/531] installing libuv-1:1.40.0-1.oe1
[  447s] [51/531] installing libxcrypt-4.4.8-4.oe1
[  448s] [52/531] installing libyaml-0.2.5-1.oe1
[  450s] [53/531] installing lz4-1.9.3-1.oe1
[  454s] [54/531] installing m4-1.4.18-14.oe1
[  455s] [55/531] installing nspr-4.32.0-1.oe1
[  457s] [56/531] installing pkgconf-1.7.3-1.oe1
[  458s] [57/531] installing rhash-1.3.5-5.oe1
[  460s] [58/531] installing which-2.21-14.oe1
[  461s] [59/531] installing xz-libs-5.2.5-1.oe1
[  462s] [60/531] installing zlib-1.2.11-18.oe1
[  464s] [61/531] installing attr-2.4.48-12.oe1
[  465s] [62/531] installing basesystem-12-2.oe1
[  467s] [63/531] installing libstdc++-10.3.1-10.oe1
[  469s] [64/531] installing ncurses-libs-6.1-14.oe1
[  471s] [65/531] installing libsepol-3.1-4.oe1
[  473s] [66/531] installing libstdc++-devel-10.3.1-10.oe1
[  481s] [67/531] installing audit-libs-1:3.0-2.oe1
[  483s] [68/531] installing file-libs-5.39-6.oe1
[  486s] [69/531] installing gmp-1:6.2.1-1.oe1
[  488s] [70/531] installing iptables-libs-1.8.1-4.oe1
[  489s] [71/531] installing less-563-2.oe1
[  491s] [72/531] installing libacl-2.2.53-7.oe1
[  492s] [73/531] installing libassuan-2.5.4-1.oe1
[  493s] [74/531] installing libedit-3.1-27.oe1
[  494s] [75/531] installing libffi-devel-3.3-31.oe1
[  495s] [76/531] installing libfontenc-1.1.4-2.oe1
[  497s] [77/531] installing libgcrypt-1.8.7-1.oe1
[  499s] [78/531] installing libpng-2:1.6.37-1.oe1
[  500s] [79/531] installing libxcb-1.14-1.oe1
[  502s] [80/531] installing readline-8.0-2.oe1
[  504s] [81/531] installing fuse-2.9.9-6.oe1
[  505s] [82/531] installing gc-8.0.4-2.oe1
[  507s] [83/531] installing libSM-1.2.3-2.oe1
[  508s] [84/531] installing libdb-5.3.28-35.oe1
[  513s] [85/531] installing libselinux-3.1-3.oe1
[  516s] [86/531] installing libxml2-2.9.12-5.oe1
[  518s] [87/531] installing bash-5.1-1.oe1
[  522s] [88/531] installing perl-libs-4:5.28.0-435.oe1
[  529s] [89/531] installing zstd-1.4.8-2.oe1
[  532s] [90/531] installing ncurses-6.1-14.oe1
[  547s] [91/531] installing thin-provisioning-tools-0.8.5-1.oe1
[  549s] [92/531] installing perl-parent-1:0.237-4.oe1
[  550s] [93/531] installing perl-perlfaq-5.20180915-5.oe1
[  551s] [94/531] installing libX11-1.6.9-2.oe1
[  555s] [95/531] installing mpfr-4.1.0-2.oe1
[  557s] [96/531] installing nettle-3.6-6.oe1
[  559s] [97/531] installing pcre2-10.36-1.oe1
[  562s] [98/531] installing perl-Exporter-5.74-1.oe1
[  563s] [99/531] installing file-5.39-6.oe1
[  565s] [100/531] installing gdbm-1:1.18.1-1.oe1
[  566s] [101/531] installing patch-2.7.6-12.oe1
[  568s] [102/531] installing qrencode-4.1.1-1
[  570s] [103/531] installing sed-4.8-2.oe1
[  571s] [104/531] installing acl-2.2.53-7.oe1
[  573s] [105/531] installing libcomps-0.1.15-1.oe1
[  575s] [106/531] installing pcre-8.44-1.oe1
[  578s] [107/531] installing glibc-common-2.34-74.oe1
[  591s] [108/531] installing crontabs-1.11-21.oe1
[  593s] [109/531] installing libXcomposite-0.4.5-1.oe1
[  595s] [110/531] installing libXext-1.3.4-2.oe1
[  597s] [111/531] installing libXpm-3.5.12-11.oe1
[  598s] [112/531] installing libXrender-0.9.10-10.oe1
[  600s] [113/531] installing perl-Carp-1.50-418.oe1
[  601s] [114/531] installing perl-Perl-OSType-1.010-421.oe1
[  603s] [115/531] installing perl-Term-ANSIColor-4.06-511.oe1
[  604s] [116/531] installing libmpc-1.2.0-2.oe1
[  606s] [117/531] installing grep-3.6-1.oe1
[  609s] [118/531] installing libXt-1.2.0-0.oe1
[  611s] [119/531] installing gawk-5.1.0-1.oe1
[  613s] [120/531] installing libXi-1.7.10-1.oe1
[  615s] [121/531] installing perl-Text-ParseWords-3.30-419.oe1
[  616s] [122/531] installing crypto-policies-20180925-3.git71ca85f.oe1
[  623s] [123/531] installing libXmu-1.1.3-1.oe1
[  625s] [124/531] installing cpp-10.3.1-10.oe1
[  635s] [125/531] installing libXtst-1.2.3-10.oe1
[  637s] [126/531] installing openssl-libs-1:1.1.1f-2.oe1
[  640s] [127/531] installing libXaw-1.0.13-13.oe1
[  642s] [128/531] installing ima-evm-utils-libs-1.2.1-8.oe1
[  644s] [129/531] installing libevent-2.1.12-4
[  647s] [130/531] installing kmod-libs-27-4.oe1
[  648s] [131/531] installing kmod-27-4.oe1
[  651s] [132/531] installing nodejs-libs-1:16.10.0-1.oe1
[  693s] [133/531] installing coreutils-8.31-4.oe1
[  701s] [134/531] installing alsa-lib-1.2.4-1.oe1
[  704s] [135/531] installing publicsuffix-list-20200718-1.oe1
[  706s] [136/531] installing uname-build-checks-1.0-0.4.oe1
[  708s] [137/531] installing bzip2-1.0.8-3.oe1
[  710s] [138/531] installing gzip-1.10-1.oe1
[  712s] [139/531] installing hostname-3.21-2.oe1
[  713s] [140/531] installing libcap-2.32-2.oe1
[  715s] [141/531] installing libseccomp-2.4.3-2.oe1
[  718s] [142/531] installing lksctp-tools-1.0.16-11.oe1
[  720s] [143/531] installing npth-1.5-7.oe1
[  722s] [144/531] installing popt-1.18-1.oe1
[  725s] [145/531] installing fipscheck-1.5.0-7.oe1
[  728s] [146/531] installing libblkid-2.36.1-3.oe1
[  730s] [147/531] installing libidn2-2.3.0-1.oe1
[  733s] [148/531] installing libksba-1.3.5-12.oe1
[  735s] [149/531] installing tar-2:1.32-3.oe1
[  739s] [150/531] installing tcl-1:8.6.10-3.oe1
[  744s] [151/531] installing apr-1.7.0-4.oe1
[  746s] [152/531] installing elfutils-0.185-5.oe1
[  750s] Couldn't write '0' to 'kernel/yama/ptrace_scope', ignoring: No such file or directory
[  751s] [153/531] installing info-6.7-2.oe1
[  752s] [154/531] installing jsoncpp-1.9.4-1.oe1
[  754s] [155/531] installing libgpg-error-devel-1.41-1.oe1
[  756s] [156/531] installing lua-5.3.5-6.oe1
[  758s] [157/531] installing slang-2.3.2-8.oe1
[  762s] [158/531] installing xz-5.2.5-1.oe1
[  765s] [159/531] installing glibc-devel-2.34-74.oe1
[  776s] [160/531] installing libxslt-1.1.32-7.oe1
[  779s] [161/531] installing perl-Scalar-List-Utils-3:1.52-2.oe1
[  781s] [162/531] installing perl-Time-HiRes-1.9760-2.oe1
[  783s] [163/531] installing perl-Unicode-Normalize-1.26-419.oe1
[  785s] [164/531] installing systemd-libs-243-22.oe1
[  788s] [165/531] installing guile-5:2.0.14-15.oe1
[  798s] [166/531] installing dbus-libs-1:1.12.20-3.oe1
[  800s] [167/531] installing zip-3.0-29.oe1
[  802s] [168/531] installing libfdisk-2.36.1-3.oe1
[  805s] [169/531] installing libtcnative-1-0-1.2.23-3.oe1
[  807s] [170/531] installing libxcrypt-devel-4.4.8-4.oe1
[  809s] [171/531] installing newt-0.52.21-4.oe1
[  812s] [172/531] installing p11-kit-0.23.22-1.oe1
[  815s] [173/531] installing procps-ng-3.3.16-15.oe1
[  818s] [174/531] installing libmount-2.36.1-3.oe1
[  820s] [175/531] installing lua-posix-33.3.1-12.oe1
[  822s] [176/531] installing unzip-6.0-47.oe1
[  824s] [177/531] installing cracklib-2.9.7-6.oe1
[  831s] [178/531] installing e2fsprogs-1.45.6-3.oe1
[  835s] [179/531] installing findutils-2:4.7.0-7.oe1
[  838s] [180/531] installing libsemanage-3.1-4.oe1
[  840s] [181/531] installing make-1:4.2.1-15.oe1
[  843s] [182/531] installing sqlite-3.24.0-9.oe1
[  846s] [183/531] installing logrotate-3.15.1-2.oe1
[  848s] [184/531] installing freetype-2.10.2-3.oe1
[  850s] [185/531] installing libgcrypt-devel-1.8.7-1.oe1
[  852s] [186/531] installing gnupg2-2.2.27-2.oe1
[  859s] [187/531] installing libarchive-3.5.1-1.oe1
[  861s] [188/531] installing rpm-libs-4.15.1-25.oe1
[  863s] [189/531] installing dbus-tools-1:1.12.20-3.oe1
[  866s] [190/531] installing copy-jdk-configs-4.0-1.oe1
[  868s] [191/531] installing gpgme-1.15.1-1.oe1
[  870s] [192/531] installing obs-env-1.0-5.oe1
[  877s] [193/531] installing chkconfig-1.14-2.oe1
[  880s] [194/531] installing xorg-x11-font-utils-1:7.5-43.oe1
[  882s] [195/531] installing fontconfig-2.13.92-1.oe1
[  888s] [196/531] installing glib2-2.66.8-1.oe1
[  897s] [197/531] installing libcroco-0.6.12-13.oe1
[  899s] [198/531] installing gamin-0.1.10-38.oe1
[  901s] [199/531] installing libsecret-0.18.6-5.oe1
[  904s] [200/531] installing libverto-0.3.1-2.oe1
[  906s] [201/531] installing xorg-x11-fonts-others-7.5-24
[  924s] [202/531] installing libmodulemd-2.13.0-1.oe1
[  926s] [203/531] installing binutils-2.37-6.oe1
[  936s] [204/531] installing babeltrace-1.5.8-1.oe1
[  938s] [205/531] installing p11-kit-trust-0.23.22-1.oe1
[  940s] [206/531] installing ca-certificates-2020.2.46-2.oe1
[  949s] [207/531] installing gettext-0.20.1-2.oe1
[  953s] [208/531] installing krb5-libs-1.18.2-3.oe1
[  956s] [209/531] installing gcc-10.3.1-10.oe1
[  984s] [210/531] installing python-pip-wheel-19.2.3-2.fc32
[  986s] [211/531] installing libtirpc-1.3.1-1.oe1
[  989s] [212/531] installing cyrus-sasl-lib-2.1.27-10.oe1
[  991s] [213/531] installing libssh-0.9.5-1.oe1
[  993s] [214/531] installing gcc-c++-10.3.1-10.oe1
[ 1004s] [215/531] installing openldap-2.4.46-15.oe1
[ 1007s] [216/531] installing libnsl2-1.3.0-2.oe1
[ 1009s] [217/531] installing python3-3.8.5-13.oe1
[ 1036s] [218/531] installing python3-pyparsing-2.4.5-1.fc32
[ 1038s] [219/531] installing python3-setuptools-59.4.0-3.oe1
[ 1044s] [220/531] installing python3-setuptools_scm-3.3.3-6.fc32
[ 1048s] [221/531] installing python3-six-1.16.0-2.oe1
[ 1051s] [222/531] installing python3-gpgme-1.15.1-1.oe1
[ 1057s] [223/531] installing python3-lxml-4.4.1-3.fc32
[ 1060s] [224/531] installing python3-libcomps-0.1.15-1.oe1
[ 1063s] [225/531] installing libpsl-0.21.1-1.oe1
[ 1065s] [226/531] installing gdb-headless-9.2-5.oe1
[ 1072s] [227/531] installing systemtap-sdt-devel-4.1-3.oe1
[ 1074s] [228/531] installing gdb-9.2-5.oe1
[ 1076s] [229/531] installing python3-javapackages-5.3.0-6.oe1
[ 1079s] [230/531] installing python3-pip-19.2.3-2.fc32
[ 1091s] [231/531] installing libcurl-7.79.1-1.oe1
[ 1093s] [232/531] installing curl-7.79.1-1.oe1
[ 1094s] [233/531] installing librepo-1.14.2-2.oe1
[ 1097s] [234/531] installing rpm-4.15.1-25.oe1
[ 1103s] [235/531] installing efi-srpm-macros-4-3.oe1
[ 1106s] [236/531] installing cmake-rpm-macros-3.22.0-1.oe1
[ 1109s] [237/531] installing libsolv-0.7.20-1.oe1
[ 1112s] [238/531] installing python3-rpm-4.15.1-25.oe1
[ 1116s] [239/531] installing openEuler-rpm-config-30-21.oe1
[ 1119s] [240/531] installing cmake-3.22.0-1.oe1
[ 1147s] [241/531] installing libdnf-0.65.0-2.oe1
[ 1153s] [242/531] installing cmake-data-3.22.0-1.oe1
[ 1174s] [243/531] installing python3-libdnf-0.65.0-2.oe1
[ 1178s] [244/531] installing perl-4:5.28.0-435.oe1
[ 1187s] [245/531] installing perl-B-Debug-1.26-4.oe1
[ 1189s] [246/531] installing perl-Env-1.04-397.oe1
[ 1191s] [247/531] installing perl-Devel-PPPort-3.42-4.oe1
[ 1193s] [248/531] installing perl-Pod-Escapes-1:1.07-419.oe1
[ 1195s] [249/531] installing perl-Text-Tabs+Wrap-2013.0523-419.oe1
[ 1197s] [250/531] installing perl-Algorithm-Diff-1.1903-14.oe1
[ 1201s] [251/531] installing perl-Params-Check-1:0.38-418.oe1
[ 1204s] [252/531] installing perl-Term-Cap-1.17-510.oe1
[ 1206s] [253/531] installing perl-TermReadKey-2.38-2.oe1
[ 1208s] [254/531] installing perl-Text-Balanced-2.03-420.oe1
[ 1210s] [255/531] installing perl-threads-1:2.22-419.oe1
[ 1213s] [256/531] installing openssl-1:1.1.1f-2.oe1
[ 1215s] [257/531] installing perl-Config-Perl-V-0.30-5.oe1
[ 1217s] [258/531] installing perl-Error-1:0.17029-1.oe1
[ 1219s] [259/531] installing perl-Filter-2:1.59-2.oe1
[ 1222s] [260/531] installing perl-IPC-SysV-2.07-5.oe1
[ 1224s] [261/531] installing perl-Locale-Maketext-1:1.28-1.oe1
[ 1226s] [262/531] installing perl-constant-1.33-421.oe1
[ 1227s] [263/531] installing perl-MIME-Base64-3.15-418.oe1
[ 1230s] [264/531] installing perl-CPAN-Meta-YAML-0.018-420.oe1
[ 1232s] [265/531] installing perl-Socket-4:2.029-2.oe1
[ 1234s] [266/531] installing perl-Storable-1:3.15-2.oe1
[ 1237s] [267/531] installing python3-hawkey-0.65.0-2.oe1
[ 1239s] [268/531] installing perl-PerlIO-via-QuotedPrint-0.08-397.oe1
[ 1241s] [269/531] installing perl-Digest-1.17-419.oe1
[ 1243s] [270/531] installing perl-Filter-Simple-1:0.94-1.oe1
[ 1244s] [271/531] installing perl-IO-Socket-IP-0.39-420.oe1
[ 1246s] [272/531] installing perl-Text-Diff-1.45-7.oe1
[ 1248s] [273/531] installing perl-Time-Local-2:1.280-6.oe1
[ 1250s] [274/531] installing perl-version-8:0.99.24-3.oe1
[ 1252s] [275/531] installing perl-IPC-System-Simple-1.25-19.oe1
[ 1254s] [276/531] installing perl-threads-shared-1.59-2.oe1
[ 1256s] [277/531] installing perl-Compress-Raw-Bzip2-2.100-1.oe1
[ 1259s] [278/531] installing perl-Compress-Raw-Zlib-1:2.100-1.oe1
[ 1261s] [279/531] installing perl-Locale-Codes-3.58-2.oe1
[ 1265s] [280/531] installing perl-Math-BigInt-1:1.9998.13-5.oe1
[ 1267s] [281/531] installing perl-PathTools-3.75-4.oe1
[ 1270s] [282/531] installing python3-dnf-4.10.0-1.oe1
[ 1275s] [283/531] installing perl-Data-Dumper-2.172-3.oe1
[ 1277s] [284/531] installing perl-Sys-Syslog-0.35-420.oe1
[ 1280s] [285/531] installing perl-Encode-4:2.98-9.oe1
[ 1286s] [286/531] installing autogen-5.18.16-1.oe1
[ 1289s] [287/531] installing nodejs-1:16.10.0-1.oe1
[ 1292s] [288/531] installing systemd-243-22.oe1
[ 1310s] /var/tmp/rpm-tmp.piWWGD: line 8: groupadd: command not found
[ 1310s] /var/tmp/rpm-tmp.piWWGD: line 10: groupadd: command not found
[ 1310s] /var/tmp/rpm-tmp.piWWGD: line 13: groupadd: command not found
[ 1310s] /var/tmp/rpm-tmp.piWWGD: line 16: groupadd: command not found
[ 1311s] [289/531] installing dbus-common-1:1.12.20-3.oe1
[ 1313s] [290/531] installing nodejs-source-map-0.5.6-1.oe1
[ 1315s] [291/531] installing perl-Module-Load-1:0.32-418.oe1
[ 1317s] [292/531] installing nodejs-packaging-20-1.oe1
[ 1319s] [293/531] installing dnf-4.10.0-1.oe1
[ 1323s] Failed to preset unit, unit dnf-automatic.timer does not exist.
[ 1323s] Failed to preset unit, unit dnf-automatic-notifyonly.timer does not exist.
[ 1323s] Failed to preset unit, unit dnf-automatic-download.timer does not exist.
[ 1323s] Failed to preset unit, unit dnf-automatic-install.timer does not exist.
[ 1323s] [294/531] installing perl-File-Which-1.23-1.oe1
[ 1325s] [295/531] installing perl-Thread-Queue-3.13-3.oe1
[ 1327s] [296/531] installing perl-experimental-0.020-2.oe1
[ 1329s] [297/531] installing perl-Digest-MD5-2.55-419.oe1
[ 1331s] [298/531] installing perl-File-Path-2.16-4.oe1
[ 1333s] [299/531] installing perl-Math-BigInt-FastCalc-0.500.700-4.oe1
[ 1336s] [300/531] installing perl-Module-Metadata-1.000036-3.oe1
[ 1338s] [301/531] installing perl-CPAN-Meta-Requirements-2.140-419.oe1
[ 1340s] [302/531] installing perl-Encode-devel-4:2.98-9.oe1
[ 1342s] [303/531] installing perl-HTTP-Tiny-0.076-3.oe1
[ 1344s] [304/531] installing perl-Math-BigRat-0.2614-2.oe1
[ 1346s] [305/531] installing audit-1:3.0-2.oe1
[ 1350s] [306/531] installing perl-DB_File-1.842-2.oe1
[ 1352s] [307/531] installing perl-autodie-2.29-398.oe1
[ 1354s] [308/531] installing perl-Unicode-Collate-1.25-4.oe1
[ 1359s] [309/531] installing perl-IO-Compress-2.081-6.oe1
[ 1361s] [310/531] installing perl-podlators-1:4.14-1.oe1
[ 1363s] [311/531] installing perl-ExtUtils-Command-1:7.60-1.oe1
[ 1364s] [312/531] installing perl-ExtUtils-Manifest-1:1.71-4.oe1
[ 1366s] [313/531] installing perl-bignum-0.50-4.oe1
[ 1368s] [314/531] installing perl-File-Temp-1:0.230.800-4.oe1
[ 1369s] [315/531] installing perl-libnet-3.11-420.oe1
[ 1371s] [316/531] installing pam-1.5.1-1.oe1
[ 1376s] [317/531] installing libpwquality-1.4.4-1.oe1
[ 1379s] [318/531] installing perl-File-HomeDir-1.004-4.oe1
[ 1381s] [319/531] installing shadow-2:4.8.1-5.oe1
[ 1385s] [320/531] installing perl-Test-Simple-2:1.302175-2.oe1
[ 1388s] [321/531] installing libutempter-1.1.6-16.oe1
[ 1392s] [322/531] installing unbound-libs-1.10.1-4.oe1
[ 1396s] [323/531] installing dbus-daemon-1:1.12.20-3.oe1
[ 1402s] [324/531] installing openssh-server-8.2p1-10.oe1
[ 1406s] Created symlink /etc/systemd/system/multi-user.target.wants/sshd.service -> /usr/lib/systemd/system/sshd.service.
[ 1407s] [325/531] installing groff-1.22.4-4.oe1
[ 1415s] [326/531] installing dbus-1:1.12.20-3.oe1
[ 1417s] [327/531] installing man-db-2.9.3-2.oe1
[ 1423s] [328/531] installing perl-Pod-Perldoc-1:3.28-3.oe1
[ 1425s] [329/531] installing gnutls-3.6.15-3.oe1
[ 1430s] [330/531] installing util-linux-2.36.1-3.oe1
[ 1439s] [331/531] installing nss-help-3.72.0-2.oe1
[ 1442s] [332/531] installing perl-Pod-Usage-4:1.69-418.oe1
[ 1444s] [333/531] installing device-mapper-8:1.02.172-1.oe1
[ 1448s] [334/531] installing openssh-8.2p1-10.oe1
[ 1451s] [335/531] installing perl-Getopt-Long-1:2.52-1.oe1
[ 1454s] [336/531] installing cryptsetup-2.3.3-3.oe1
[ 1458s] [337/531] installing device-mapper-event-8:1.02.172-1.oe1
[ 1462s] Created symlink /etc/systemd/system/sockets.target.wants/dm-event.socket -> /usr/lib/systemd/system/dm-event.socket.
[ 1462s] [338/531] installing nss-3.72.0-2.oe1
[ 1471s] [339/531] installing openssh-clients-8.2p1-10.oe1
[ 1474s] [340/531] installing nss-util-3.72.0-2.oe1
[ 1479s] [341/531] installing perl-ExtUtils-ParseXS-2:3.35-1.oe1
[ 1481s] [342/531] installing perl-Module-CoreList-1:5.20180920-2.oe1
[ 1484s] [343/531] installing perl-Digest-SHA-1:6.02-7.oe1
[ 1486s] [344/531] installing perl-Pod-Parser-1.63-397.oe1
[ 1489s] [345/531] installing perl-Pod-Simple-1:3.35-418.oe1
[ 1491s] [346/531] installing perl-Test-Harness-1:3.43_02-1.oe1
[ 1494s] [347/531] installing perl-Archive-Tar-2.30-421.oe1
[ 1496s] [348/531] installing perl-JSON-PP-1:4.04-2.oe1
[ 1499s] [349/531] installing lvm2-8:2.03.11-1.oe1
[ 1505s] Created symlink /etc/systemd/system/sysinit.target.wants/lvm2-lvmpolld.socket -> /usr/lib/systemd/system/lvm2-lvmpolld.socket.
[ 1505s] [350/531] installing autoconf-2.69-30.oe1
[ 1509s] [351/531] installing git-2.23.0-12.oe1
[ 1523s] [352/531] installing nss-softokn-3.72.0-2.oe1
[ 1527s] [353/531] installing perl-Pod-Checker-4:1.73-398.oe1
[ 1530s] [354/531] installing perl-Git-2.23.0-12.oe1
[ 1532s] [355/531] installing perl-CPAN-Meta-2.150010-419.oe1
[ 1535s] [356/531] installing perl-Module-Load-Conditional-0.68-418.oe1
[ 1537s] [357/531] installing automake-1.16.1-6.oe1
[ 1541s] [358/531] installing perl-ExtUtils-MakeMaker-1:7.60-1.oe1
[ 1544s] [359/531] installing perl-ExtUtils-Install-2.14-419.oe1
[ 1546s] [360/531] installing perl-IPC-Cmd-2:1.04-4.oe1
[ 1548s] [361/531] installing java-1.8.0-openjdk-headless-1:1.8.0.181.b15-1.1.riscv64.fc29
[ 1593s] [362/531] installing rpm-build-4.15.1-25.oe1
[ 1596s] [363/531] installing ant-lib-1.10.5-2.fc29
[ 1600s] [364/531] installing aopalliance-1.0-19.oe1
[ 1602s] [365/531] installing apache-commons-cli-1.4-6.oe1
[ 1603s] [366/531] installing apache-commons-collections-3.2.2-11.oe1
[ 1606s] [367/531] installing apache-commons-compress-1.17-6.oe1
[ 1608s] [368/531] installing apache-commons-lang-2.6-23.oe1
[ 1610s] [369/531] installing apache-commons-lang3-3.9-3.oe1
[ 1613s] [370/531] installing apache-ivy-2.4.0-17.oe1
[ 1623s] [371/531] installing apache-resource-bundles-2-23.oe1
[ 1625s] [372/531] installing atinject-1-31.oe1
[ 1627s] [373/531] installing avalon-logkit-2.1-32.oe1
[ 1629s] [374/531] installing beust-jcommander-1.71-7.oe1
[ 1631s] [375/531] installing dain-snappy-0.4-7.oe1
[ 1633s] [376/531] installing extra166y-1.7.0-11.oe1
[ 1637s] [377/531] installing geronimo-annotation-1.0-25.oe1
[ 1639s] [378/531] installing glassfish-el-api-3.0.1-0.7.b09.oe1
[ 1641s] [379/531] installing guava20-20.0-8.fc29
[ 1646s] [380/531] installing hawtjni-runtime-1.16-4.oe1
[ 1648s] [381/531] installing httpcomponents-core-4.4.10-4.oe1
[ 1660s] [382/531] installing jboss-interceptors-1.2-api-1.0.0-9.oe1
[ 1662s] [383/531] installing jboss-logging-3.3.0-5.oe1
[ 1664s] [384/531] installing jboss-logmanager-2.0.4-1.oe1
[ 1666s] [385/531] installing jdeparser-2.0.0-6.oe1
[ 1670s] [386/531] installing jdepend-2.9.1-22.oe1
[ 1672s] [387/531] installing jdom2-2.0.6-14.oe1
[ 1674s] [388/531] installing jzlib-1.1.3-11.oe1
[ 1677s] [389/531] installing maven-monitor-2.2.1-60.oe1
[ 1679s] [390/531] installing maven-resolver-api-1:1.1.1-3.oe1
[ 1681s] [391/531] installing multiverse-0.7.0-10.oe1
[ 1687s] [392/531] installing objenesis-2.6-4.oe1
[ 1691s] [393/531] installing osgi-core-7.0.0-1.oe1
[ 1692s] [394/531] installing plexus-cipher-1.7-16.oe1
[ 1695s] [395/531] installing plexus-classworlds-2.5.2-10.oe1
[ 1696s] [396/531] installing plexus-containers-component-annotations-1.7.1-7.oe1
[ 1698s] [397/531] installing plexus-interpolation-1.22-11.oe1
[ 1700s] [398/531] installing plexus-utils-3.1.0-4.oe1
[ 1702s] [399/531] installing qdox-2.0-5.M9.oe1
[ 1704s] [400/531] installing slf4j-1.7.25-8.oe1
[ 1706s] [401/531] installing xml-commons-apis-1.4.01-29.oe1
[ 1714s] [402/531] installing xmvn-api-3.0.0-25.oe1
[ 1717s] [403/531] installing xmvn-core-3.0.0-25.oe1
[ 1719s] [404/531] installing xpp3-1.1.4-21.oe1
[ 1721s] [405/531] installing xz-java-1.8-4.oe1
[ 1724s] [406/531] installing ecj-1:4.9-1.fc29
[ 1728s] [407/531] installing netty-tcnative-1.1.33-1.oe1
[ 1731s] [408/531] installing antlr-tool-2.7.7-60.oe1
[ 1733s] [409/531] installing javapackages-tools-5.3.0-6.oe1
[ 1736s] [410/531] installing gcc_secure-1.0-0.9.oe1
[ 1738s] [411/531] installing perl-File-Fetch-0.56-4.oe1
[ 1741s] [412/531] installing perl-devel-4:5.28.0-435.oe1
[ 1753s] [413/531] installing java-1.8.0-openjdk-1:1.8.0.181.b15-1.1.riscv64.fc29
[ 1757s] [414/531] installing apache-commons-codec-1.11-4.fc29
[ 1759s] [415/531] installing apache-commons-logging-1.2-14.fc29
[ 1761s] [416/531] installing apiviz-1.3.2-1.oe1
[ 1763s] [417/531] installing avalon-framework-4.3-22.oe1
[ 1765s] [418/531] installing jansi-native-1.7-7.oe1
[ 1767s] [419/531] installing jboss-logging-tools-2.0.1-8.oe1
[ 1771s] [420/531] installing jcsp-1.1-0.13.oe1
[ 1783s] [421/531] installing maven-artifact-2.2.1-60.oe1
[ 1785s] [422/531] installing maven-model-2.2.1-60.oe1
[ 1787s] [423/531] installing maven-resolver-spi-1:1.1.1-3.oe1
[ 1789s] [424/531] installing maven-resolver-util-1:1.1.1-3.oe1
[ 1792s] [425/531] installing maven-wagon-provider-api-3.1.0-2.oe1
[ 1794s] [426/531] installing plexus-build-api-0.0.7-23.oe1
[ 1795s] [427/531] installing plexus-component-api-1.0-0.25.alpha16.oe1
[ 1797s] [428/531] installing xstream-1.4.9-8.fc29
[ 1799s] [429/531] installing log4j12-1.2.17-23.fc29
[ 1801s] [430/531] installing maven-invoker-2.2-9.oe1
[ 1804s] [431/531] installing netty3-3.10.6-5.fc29
[ 1807s] [432/531] installing objectweb-asm-7.0-1.oe1
[ 1810s] [433/531] installing plexus-sec-dispatcher-1.4-26.oe1
[ 1813s] [434/531] installing velocity-1.7-26.oe1
[ 1815s] [435/531] installing xml-commons-resolver-1.2-27.oe1
[ 1817s] [436/531] installing xmvn-connector-aether-3.0.0-25.oe1
[ 1819s] [437/531] installing cdi-api-1.2-9.oe1
[ 1821s] [438/531] installing google-guice-4.1-13.oe1
[ 1823s] [439/531] installing xmvn-resolve-3.0.0-25.oe1
[ 1825s] [440/531] installing xmvn-subst-3.0.0-25.oe1
[ 1826s] [441/531] installing java-1.8.0-openjdk-devel-1:1.8.0.181.b15-1.1.riscv64.fc29
[ 1844s] [442/531] installing bsf-2.4.0-32.oe1
[ 1846s] [443/531] installing cglib-3.2.4-8.fc29
[ 1848s] [444/531] installing fontbox-2.0.9-2.fc29
[ 1851s] [445/531] installing apache-commons-configuration-1.10-13.oe1
[ 1853s] [446/531] installing jakarta-commons-httpclient-1:3.1-30.oe1
[ 1862s] [447/531] installing jansi-1.17.1-2.oe1
[ 1866s] [448/531] installing maven-dependency-tree-3.0-7.oe1
[ 1868s] [449/531] installing plexus-interactivity-api-1.0-0.27.alpha6.fc29
[ 1870s] [450/531] installing plexus-languages-0.9.10-4.oe1
[ 1873s] [451/531] installing maven-resolver-impl-1:1.1.1-3.oe1
[ 1875s] [452/531] installing xmvn-mojo-3.0.0-25.oe1
[ 1877s] [453/531] installing httpcomponents-client-4.5.5-6.oe1
[ 1880s] [454/531] installing sisu-inject-1:0.3.3-5.oe1
[ 1888s] [455/531] installing xerces-j2-2.11.0-37.oe1
[ 1894s] [456/531] installing xmvn-install-3.0.0-25.oe1
[ 1895s] [457/531] installing jline-2.14.6-4.oe1
[ 1899s] [458/531] installing easymock-3.5-4.fc29
[ 1901s] [459/531] installing xalan-j2-2.7.1-38.fc29
[ 1904s] [460/531] installing javapackages-local-5.3.0-6.oe1
[ 1907s] [461/531] installing groovy-lib-2.4.8-7.fc29
[ 1919s] [462/531] installing hamcrest-1.3-25.oe1
[ 1922s] [463/531] installing bsh-2.0-15.b6.oe1
[ 1924s] [464/531] installing gpars-1.2.1-12.fc29
[ 1927s] [465/531] installing scala-2.10.6-14.fc29
[ 1946s] [466/531] installing xbean-4.9-3.oe1
[ 1954s] [467/531] installing junit-1:4.12-14.oe1
[ 1956s] [468/531] installing parboiled-1.1.6-17.oe1
[ 1959s] [469/531] installing plexus-containers-container-default-1.7.1-7.oe1
[ 1961s] [470/531] installing apache-commons-io-1:2.6-7.oe1
[ 1963s] [471/531] installing maven-doxia-logging-api-1.7-12.oe1
[ 1966s] [472/531] installing pegdown-1.4.2-14.oe1
[ 1970s] [473/531] installing maven-plugin-registry-2.2.1-60.oe1
[ 1972s] [474/531] installing plexus-i18n-1.0-0.12.b10.6.oe1
[ 1974s] [475/531] installing plexus-resources-1.0-0.25.a7.oe1
[ 1976s] [476/531] installing plexus-cli-1.6-9.oe1
[ 1978s] [477/531] installing plexus-velocity-1.2-6.oe1
[ 1980s] [478/531] installing xmlunit-1.6-10.oe1
[ 1983s] [479/531] installing maven-profile-2.2.1-60.oe1
[ 1985s] [480/531] installing maven-settings-2.2.1-60.oe1
[ 1988s] [481/531] installing maven-doxia-sink-api-1.7-12.oe1
[ 1989s] [482/531] installing maven-shared-utils-3.2.1-2.oe1
[ 1991s] [483/531] installing plexus-io-3.0.0-4.oe1
[ 1993s] [484/531] installing xmlgraphics-commons-2.2-3.oe1
[ 2003s] [485/531] installing maven-reporting-api-3.0-17.oe1
[ 2006s] [486/531] installing maven-verifier-1.6-8.oe1
[ 2009s] [487/531] installing batik-1.10-2.fc29
[ 2017s] [488/531] installing plexus-archiver-3.6.0-3.oe1
[ 2023s] [489/531] installing maven-doxia-core-1.7-12.oe1
[ 2025s] [490/531] installing maven-lib-1:3.5.4-8.oe1
[ 2029s] [491/531] installing maven-artifact-resolver-1:1.0-21.oe1
[ 2031s] [492/531] installing batik-css-1.10-2.fc29
[ 2033s] [493/531] installing maven-common-artifact-filters-3.0.1-7.oe1
[ 2037s] [494/531] installing maven-enforcer-api-1.4.1-11.oe1
[ 2039s] [495/531] installing maven-plugin-testing-harness-3.3.0-14.oe1
[ 2042s] [496/531] installing maven-shared-incremental-1.1-16.oe1
[ 2045s] [497/531] installing maven-doxia-module-apt-1.7-12.oe1
[ 2046s] [498/531] installing maven-doxia-module-fml-1.7-12.oe1
[ 2049s] [499/531] installing maven-doxia-module-xdoc-1.7-12.oe1
[ 2050s] [500/531] installing maven-doxia-module-xhtml-1.7-12.oe1
[ 2052s] [501/531] installing maven-artifact-manager-2.2.1-60.oe1
[ 2054s] [502/531] installing maven-filtering-3.1.1-7.oe1
[ 2057s] [503/531] installing maven-archiver-3.2.0-5.oe1
[ 2060s] [504/531] installing fop-2.2-2.fc29
[ 2066s] [505/531] installing xmvn-minimal-3.0.0-25.oe1
[ 2070s] [506/531] installing maven-jar-plugin-3.1.0-3.oe1
[ 2072s] [507/531] installing maven-source-plugin-3.0.1-6.oe1
[ 2074s] [508/531] installing maven-resources-plugin-3.1.0-4.oe1
[ 2076s] [509/531] installing maven-doxia-module-markdown-1.7-12.oe1
[ 2078s] [510/531] installing maven-artifact-transfer-1:0.9.0-7.oe1
[ 2081s] [511/531] installing maven-doxia-module-fo-1.7-12.oe1
[ 2083s] [512/531] installing maven-project-2.2.1-60.oe1
[ 2085s] [513/531] installing jboss-parent-20-1.oe1
[ 2087s] [514/531] installing maven-enforcer-rules-1.4.1-11.oe1
[ 2089s] [515/531] installing plexus-containers-component-metadata-1.7.1-7.oe1
[ 2091s] [516/531] installing maven-remote-resources-plugin-1.5-4.oe1
[ 2093s] [517/531] installing maven-doxia-sitetools-1.7.5-5.oe1
[ 2098s] [518/531] installing maven-enforcer-plugin-1.4.1-11.oe1
[ 2100s] [519/531] installing maven-javadoc-plugin-3.0.1-3.oe1
[ 2102s] [520/531] installing plexus-pom-5.0-4.oe1
[ 2104s] [521/531] installing apache-parent-19-5.oe1
[ 2106s] [522/531] installing maven-parent-27-7.oe1
[ 2109s] [523/531] installing plexus-components-pom-1.3.1-14.oe1
[ 2111s] [524/531] installing plexus-compiler-2.8.2-4.oe1
[ 2115s] [525/531] installing maven-plugin-tools-3.5.1-7.oe1
[ 2120s] [526/531] installing maven-compiler-plugin-3.8.0-2.oe1
[ 2122s] [527/531] installing maven-surefire-2.22.0-6.oe1
[ 2125s] [528/531] installing maven-surefire-plugin-2.22.0-6.oe1
[ 2127s] [529/531] installing maven-surefire-provider-junit-2.22.0-6.oe1
[ 2129s] [530/531] installing maven-surefire-provider-testng-2.22.0-6.oe1
[ 2131s] [531/531] installing maven-local-5.3.0-6.oe1
[ 2133s] removing nis flags from /var/cache/obs/worker/root_2/etc/nsswitch.conf...
[ 2134s] now finalizing build dir...
[ 2149s] Running build time source services...
[ 2170s] -----------------------------------------------------------------
[ 2170s] ----- building jboss-dmr.spec (user abuild)
[ 2170s] -----------------------------------------------------------------
[ 2170s] -----------------------------------------------------------------
[ 2181s] + exec rpmbuild -ba --define '_srcdefattr (-,root,root)' --nosignature --define 'disturl obs://private/openEuler:Mainline:RISC-V/advanced_riscv64/f95cd8cb4812ff594cce90269cbac1e7-jboss-dmr' /home/abuild/rpmbuild/SOURCES/jboss-dmr.spec
[ 2182s] Executing(%prep): /bin/sh -e /var/tmp/rpm-tmp.V2hDXT
[ 2182s] + umask 022
[ 2182s] + cd /home/abuild/rpmbuild/BUILD
[ 2182s] + cd /home/abuild/rpmbuild/BUILD
[ 2182s] + rm -rf jboss-dmr-1.6.1.Final
[ 2182s] + /usr/bin/gzip -dc /home/abuild/rpmbuild/SOURCES/1.6.1.Final.tar.gz
[ 2182s] + /usr/bin/tar -xof -
[ 2190s] + STATUS=0
[ 2190s] + '[' 0 -ne 0 ']'
[ 2190s] + cd jboss-dmr-1.6.1.Final
[ 2190s] + /usr/bin/chmod -Rf a+rX,u+w,g-w,o-w .
[ 2190s] + /usr/bin/python3 /usr/share/java-utils/pom_editor.py pom_remove_plugin :maven-checkstyle-plugin
[ 2193s] + RPM_EC=0
[ 2193s] ++ jobs -p
[ 2193s] + exit 0
[ 2193s] Executing(%build): /bin/sh -e /var/tmp/rpm-tmp.lS4ucd
[ 2193s] + umask 022
[ 2193s] + cd /home/abuild/rpmbuild/BUILD
[ 2193s] + cd jboss-dmr-1.6.1.Final
[ 2193s] + /usr/bin/python3 /usr/share/java-utils/mvn_build.py
[ 2196s] Executing: xmvn --batch-mode --offline verify org.fedoraproject.xmvn:xmvn-mojo:install org.apache.maven.plugins:maven-javadoc-plugin:aggregate org.fedoraproject.xmvn:xmvn-mojo:builddep
[ 2196s] ['xmvn', '--batch-mode', '--offline', 'verify', 'org.fedoraproject.xmvn:xmvn-mojo:install', 'org.apache.maven.plugins:maven-javadoc-plugin:aggregate', 'org.fedoraproject.xmvn:xmvn-mojo:builddep']
[ 2290s] [INFO] Scanning for projects...
[ 2339s] [INFO] 
[ 2339s] [INFO] ------------------------< org.jboss:jboss-dmr >-------------------------
[ 2339s] [INFO] Building JBoss Dynamic Model Representation 1.6.1.Final
[ 2339s] [INFO] --------------------------------[ jar ]---------------------------------
[ 2352s] [INFO] 
[ 2352s] [INFO] --- maven-resources-plugin:3.1.0:resources (default-resources) @ jboss-dmr ---
[ 2374s] [INFO] Using 'UTF-8' encoding to copy filtered resources.
[ 2374s] [INFO] skip non existing resourceDirectory /home/abuild/rpmbuild/BUILD/jboss-dmr-1.6.1.Final/src/main/resources
[ 2374s] [INFO] 
[ 2374s] [INFO] --- maven-compiler-plugin:3.8.0:compile (default-compile) @ jboss-dmr ---
[ 2389s] [INFO] Changes detected - recompiling the module!
[ 2389s] [INFO] Compiling 37 source files to /home/abuild/rpmbuild/BUILD/jboss-dmr-1.6.1.Final/target/classes
[ 2681s] [INFO] 
[ 2681s] [INFO] --- maven-resources-plugin:3.1.0:testResources (default-testResources) @ jboss-dmr ---
[ 2681s] [INFO] Using 'UTF-8' encoding to copy filtered resources.
[ 2682s] [INFO] Copying 13 resources
[ 2685s] [INFO] 
[ 2685s] [INFO] --- maven-compiler-plugin:3.8.0:testCompile (default-testCompile) @ jboss-dmr ---
[ 2686s] [INFO] Changes detected - recompiling the module!
[ 2686s] [INFO] Compiling 30 source files to /home/abuild/rpmbuild/BUILD/jboss-dmr-1.6.1.Final/target/test-classes
[ 4224s] [INFO] 
[ 4224s] [INFO] --- maven-surefire-plugin:2.22.0:test (default-test) @ jboss-dmr ---
[ 4249s] [INFO] 
[ 4249s] [INFO] -------------------------------------------------------
[ 4249s] [INFO]  T E S T S
[ 4249s] [INFO] -------------------------------------------------------
[ 4260s] [INFO] Running org.jboss.dmr.stream.ValidJsonReaderTestCase
[ 4264s] [INFO] Tests run: 24, Failures: 0, Errors: 0, Skipped: 0, Time elapsed: 2.585 s - in org.jboss.dmr.stream.ValidJsonReaderTestCase
[ 4264s] [INFO] Running org.jboss.dmr.stream.InvalidModelWriterTestCase
[ 4266s] [INFO] Tests run: 21, Failures: 0, Errors: 0, Skipped: 0, Time elapsed: 0.333 s - in org.jboss.dmr.stream.InvalidModelWriterTestCase
[ 4266s] [INFO] Running org.jboss.dmr.stream.InvalidJsonWriterTestCase
[ 4267s] [INFO] Tests run: 21, Failures: 0, Errors: 0, Skipped: 0, Time elapsed: 0.317 s - in org.jboss.dmr.stream.InvalidJsonWriterTestCase
[ 4267s] [INFO] Running org.jboss.dmr.stream.InvalidModelReaderTestCase
[ 4293s] [INFO] Tests run: 17, Failures: 0, Errors: 0, Skipped: 0, Time elapsed: 24.081 s - in org.jboss.dmr.stream.InvalidModelReaderTestCase
[ 4294s] [INFO] Running org.jboss.dmr.stream.ValidModelReaderTestCase
[ 4297s] [INFO] Tests run: 40, Failures: 0, Errors: 0, Skipped: 0, Time elapsed: 1.447 s - in org.jboss.dmr.stream.ValidModelReaderTestCase
[ 4297s] [INFO] Running org.jboss.dmr.stream.InvalidJsonReaderTestCase
[ 4312s] [INFO] Tests run: 14, Failures: 0, Errors: 0, Skipped: 0, Time elapsed: 13.721 s - in org.jboss.dmr.stream.InvalidJsonReaderTestCase
[ 4312s] [INFO] Running org.jboss.dmr.stream.ValidModelWriterTestCase
[ 4313s] [INFO] Tests run: 10, Failures: 0, Errors: 0, Skipped: 0, Time elapsed: 0.169 s - in org.jboss.dmr.stream.ValidModelWriterTestCase
[ 4313s] [INFO] Running org.jboss.dmr.stream.ValidJsonWriterTestCase
[ 4314s] [INFO] Tests run: 10, Failures: 0, Errors: 0, Skipped: 0, Time elapsed: 0.165 s - in org.jboss.dmr.stream.ValidJsonWriterTestCase
[ 4314s] [INFO] Running org.jboss.dmr.ExpressionValueTest
[ 4316s] [INFO] Tests run: 24, Failures: 0, Errors: 0, Skipped: 0, Time elapsed: 0.302 s - in org.jboss.dmr.ExpressionValueTest
[ 4316s] [INFO] Running org.jboss.dmr.IntModelValueTest
[ 4318s] [INFO] Tests run: 17, Failures: 0, Errors: 0, Skipped: 0, Time elapsed: 0.212 s - in org.jboss.dmr.IntModelValueTest
[ 4318s] [INFO] Running org.jboss.dmr.ModelValueTest
[ 4319s] [INFO] Tests run: 6, Failures: 0, Errors: 0, Skipped: 0, Time elapsed: 0.088 s - in org.jboss.dmr.ModelValueTest
[ 4319s] [INFO] Running org.jboss.dmr.Base64Test
[ 4320s] [INFO] Tests run: 2, Failures: 0, Errors: 0, Skipped: 0, Time elapsed: 0.051 s - in org.jboss.dmr.Base64Test
[ 4320s] [INFO] Running org.jboss.dmr.BigIntegerModelValueTest
[ 4321s] [INFO] Tests run: 19, Failures: 0, Errors: 0, Skipped: 0, Time elapsed: 0.258 s - in org.jboss.dmr.BigIntegerModelValueTest
[ 4321s] [INFO] Running org.jboss.dmr.BooleanModelValueTest
[ 4323s] [INFO] Tests run: 16, Failures: 0, Errors: 0, Skipped: 0, Time elapsed: 0.207 s - in org.jboss.dmr.BooleanModelValueTest
[ 4323s] [INFO] Running org.jboss.dmr.BigDecimalModelValueTest
[ 4324s] [INFO] Tests run: 19, Failures: 0, Errors: 0, Skipped: 0, Time elapsed: 0.255 s - in org.jboss.dmr.BigDecimalModelValueTest
[ 4324s] [INFO] Running org.jboss.dmr.ListModelValueTest
[ 4325s] [INFO] Tests run: 7, Failures: 0, Errors: 0, Skipped: 0, Time elapsed: 0.108 s - in org.jboss.dmr.ListModelValueTest
[ 4325s] [INFO] Running org.jboss.dmr.test.ModelNodeTest
[ 4327s] [INFO] Tests run: 23, Failures: 0, Errors: 0, Skipped: 0, Time elapsed: 0.282 s - in org.jboss.dmr.test.ModelNodeTest
[ 4327s] [INFO] Running org.jboss.dmr.test.EnvironmentVariableResolutionTest
[ 4328s] [INFO] Tests run: 6, Failures: 0, Errors: 0, Skipped: 0, Time elapsed: 0.137 s - in org.jboss.dmr.test.EnvironmentVariableResolutionTest
[ 4328s] [INFO] Running org.jboss.dmr.test.RoundTripTest
[ 4328s] Write JSON in compact mode - read via Model API
[ 4328s]  * processing model: /JBoss-AS7-7.1.1.Final.dmr
[ 4480s]  * processing model: /JBoss-EAP-6.0.0.Final.dmr
[ 4641s]  * processing model: /JBoss-EAP-6.0.1.Final.dmr
[ 4802s]  * processing model: /JBoss-EAP-6.1.0.Final.dmr
[ 5009s]  * processing model: /JBoss-EAP-6.1.1.Final.dmr
[ 5184s]  * processing model: /JBoss-EAP-6.2.0.Final.dmr
[ 5385s]  * processing model: /JBoss-EAP-6.3.0.Final.dmr
[ 5622s]  * processing model: /JBoss-EAP-6.4.0.Final.dmr
[ 5897s]  * processing model: /Wildfly-10.0.0.Final.dmr
[ 6497s]  * processing model: /Wildfly-8.0.0.Final.dmr
[ 6817s]  * processing model: /Wildfly-8.1.0.Final.dmr
[ 7076s]  * processing model: /Wildfly-8.2.0.Final.dmr
[ 7398s]  * processing model: /Wildfly-9.0.0.Final.dmr
[ 7886s] Write DMR in pretty mode - read via Stream API
[ 7886s]  * processing model: /JBoss-AS7-7.1.1.Final.dmr
[ 8398s]  * processing model: /JBoss-EAP-6.0.0.Final.dmr
[ 8908s]  * processing model: /JBoss-EAP-6.0.1.Final.dmr
[ 9371s]  * processing model: /JBoss-EAP-6.1.0.Final.dmr
[ 9964s]  * processing model: /JBoss-EAP-6.1.1.Final.dmr
[10441s]  * processing model: /JBoss-EAP-6.2.0.Final.dmr
[10993s]  * processing model: /JBoss-EAP-6.3.0.Final.dmr
[11594s]  * processing model: /JBoss-EAP-6.4.0.Final.dmr
[12469s]  * processing model: /Wildfly-10.0.0.Final.dmr
[13728s] Write JSON in pretty mode - read via Model API
[13728s]  * processing model: /JBoss-AS7-7.1.1.Final.dmr
[14474s]  * processing model: /JBoss-EAP-6.0.0.Final.dmr
[15413s]  * processing model: /JBoss-EAP-6.0.1.Final.dmr
[16358s]  * processing model: /JBoss-EAP-6.1.0.Final.dmr
[17666s]  * processing model: /JBoss-EAP-6.1.1.Final.dmr
[18846s]  * processing model: /JBoss-EAP-6.2.0.Final.dmr
[19647s]  * processing model: /JBoss-EAP-6.3.0.Final.dmr
[20538s]  * processing model: /JBoss-EAP-6.4.0.Final.dmr
[21447s]  * processing model: /Wildfly-10.0.0.Final.dmr
[22263s] Write DMR in compact mode - read via Stream API
[22263s]  * processing model: /JBoss-AS7-7.1.1.Final.dmr
[22367s]  * processing model: /JBoss-EAP-6.0.0.Final.dmr
[22472s]  * processing model: /JBoss-EAP-6.0.1.Final.dmr
[22584s]  * processing model: /JBoss-EAP-6.1.0.Final.dmr
[22726s]  * processing model: /JBoss-EAP-6.1.1.Final.dmr
[22851s]  * processing model: /JBoss-EAP-6.2.0.Final.dmr
[22986s]  * processing model: /JBoss-EAP-6.3.0.Final.dmr
[23153s]  * processing model: /JBoss-EAP-6.4.0.Final.dmr
[23348s]  * processing model: /Wildfly-10.0.0.Final.dmr
[23757s]  * processing model: /Wildfly-8.0.0.Final.dmr
[23975s]  * processing model: /Wildfly-8.1.0.Final.dmr
[24162s]  * processing model: /Wildfly-8.2.0.Final.dmr
[24373s]  * processing model: /Wildfly-9.0.0.Final.dmr
[24685s] Write DMR in pretty mode - read via Model API
[24685s]  * processing model: /JBoss-AS7-7.1.1.Final.dmr
[25133s]  * processing model: /JBoss-EAP-6.0.0.Final.dmr
[25567s]  * processing model: /JBoss-EAP-6.0.1.Final.dmr
[25993s]  * processing model: /JBoss-EAP-6.1.0.Final.dmr
[26528s]  * processing model: /JBoss-EAP-6.1.1.Final.dmr
[27038s]  * processing model: /JBoss-EAP-6.2.0.Final.dmr
[27599s]  * processing model: /JBoss-EAP-6.3.0.Final.dmr
[28176s]  * processing model: /JBoss-EAP-6.4.0.Final.dmr
[28885s]  * processing model: /Wildfly-10.0.0.Final.dmr
[29640s] Write DMR in compact mode - read via Model API
[29640s]  * processing model: /JBoss-AS7-7.1.1.Final.dmr
[29763s]  * processing model: /JBoss-EAP-6.0.0.Final.dmr
[29893s]  * processing model: /JBoss-EAP-6.0.1.Final.dmr
[30019s]  * processing model: /JBoss-EAP-6.1.0.Final.dmr
[30190s]  * processing model: /JBoss-EAP-6.1.1.Final.dmr
[30330s]  * processing model: /JBoss-EAP-6.2.0.Final.dmr
[30491s]  * processing model: /JBoss-EAP-6.3.0.Final.dmr
[30671s]  * processing model: /JBoss-EAP-6.4.0.Final.dmr
[30895s]  * processing model: /Wildfly-10.0.0.Final.dmr
[31366s]  * processing model: /Wildfly-8.0.0.Final.dmr
[31616s]  * processing model: /Wildfly-8.1.0.Final.dmr
[31841s]  * processing model: /Wildfly-8.2.0.Final.dmr
[32081s]  * processing model: /Wildfly-9.0.0.Final.dmr
[32442s] Write JSON in compact mode - read via Stream API
[32442s]  * processing model: /JBoss-AS7-7.1.1.Final.dmr
[32597s]  * processing model: /JBoss-EAP-6.0.0.Final.dmr
[32748s]  * processing model: /JBoss-EAP-6.0.1.Final.dmr
[32888s]  * processing model: /JBoss-EAP-6.1.0.Final.dmr
[33058s]  * processing model: /JBoss-EAP-6.1.1.Final.dmr
[33207s]  * processing model: /JBoss-EAP-6.2.0.Final.dmr
[33376s]  * processing model: /JBoss-EAP-6.3.0.Final.dmr
[33562s]  * processing model: /JBoss-EAP-6.4.0.Final.dmr
[33787s]  * processing model: /Wildfly-10.0.0.Final.dmr
[34260s]  * processing model: /Wildfly-8.0.0.Final.dmr
[34511s]  * processing model: /Wildfly-8.1.0.Final.dmr
[34729s]  * processing model: /Wildfly-8.2.0.Final.dmr
[34985s]  * processing model: /Wildfly-9.0.0.Final.dmr
[35361s] Write JSON in pretty mode - read via Stream API
[35361s]  * processing model: /JBoss-AS7-7.1.1.Final.dmr
[35811s]  * processing model: /JBoss-EAP-6.0.0.Final.dmr
[36272s]  * processing model: /JBoss-EAP-6.0.1.Final.dmr
[36744s]  * processing model: /JBoss-EAP-6.1.0.Final.dmr
[37313s]  * processing model: /JBoss-EAP-6.1.1.Final.dmr
[37805s]  * processing model: /JBoss-EAP-6.2.0.Final.dmr
[38372s]  * processing model: /JBoss-EAP-6.3.0.Final.dmr
[39001s]  * processing model: /JBoss-EAP-6.4.0.Final.dmr
[39775s]  * processing model: /Wildfly-10.0.0.Final.dmr
[40469s] [ERROR] Tests run: 8, Failures: 0, Errors: 4, Skipped: 0, Time elapsed: 36,139.575 s <<< FAILURE! - in org.jboss.dmr.test.RoundTripTest
[40469s] [ERROR] test_writeDmrInPrettyMode_readViaStreamAPI(org.jboss.dmr.test.RoundTripTest)  Time elapsed: 5,841.506 s  <<< ERROR!
[40469s] java.lang.OutOfMemoryError: Java heap space
[40469s] 
[40469s] [ERROR] test_writeJsonInPrettyMode_readViaModelAPI(org.jboss.dmr.test.RoundTripTest)  Time elapsed: 8,534.908 s  <<< ERROR!
[40469s] java.lang.OutOfMemoryError: Java heap space
[40469s] 
[40470s] [ERROR] test_writeDmrInPrettyMode_readViaModelAPI(org.jboss.dmr.test.RoundTripTest)  Time elapsed: 4,955.392 s  <<< ERROR!
[40470s] java.lang.OutOfMemoryError: Java heap space
[40470s] 
[40470s] [ERROR] test_writeJSONInPrettyMode_readViaStreamAPI(org.jboss.dmr.test.RoundTripTest)  Time elapsed: 5,106.554 s  <<< ERROR!
[40470s] java.lang.OutOfMemoryError: Java heap space
[40470s] 
[40470s] [INFO] Running org.jboss.dmr.test.ModelNodeReadWriteTest
[40471s] [INFO] Tests run: 14, Failures: 0, Errors: 0, Skipped: 0, Time elapsed: 0.19 s - in org.jboss.dmr.test.ModelNodeReadWriteTest
[40471s] [INFO] Running org.jboss.dmr.JsonFeaturesTest
[40472s] [INFO] Tests run: 18, Failures: 0, Errors: 0, Skipped: 0, Time elapsed: 0.197 s - in org.jboss.dmr.JsonFeaturesTest
[40472s] [INFO] Running org.jboss.dmr.StringModelValueTest
[40480s] [INFO] Tests run: 27, Failures: 0, Errors: 0, Skipped: 0, Time elapsed: 6.469 s - in org.jboss.dmr.StringModelValueTest
[40480s] [INFO] Running org.jboss.dmr.DoubleModelValueTest
[40482s] [INFO] Tests run: 17, Failures: 0, Errors: 0, Skipped: 0, Time elapsed: 0.215 s - in org.jboss.dmr.DoubleModelValueTest
[40482s] [INFO] Running org.jboss.dmr.PropertyTest
[40483s] [INFO] Tests run: 5, Failures: 0, Errors: 0, Skipped: 0, Time elapsed: 0.075 s - in org.jboss.dmr.PropertyTest
[40483s] [INFO] Running org.jboss.dmr.TypeModelValueTest
[40484s] [INFO] Tests run: 10, Failures: 0, Errors: 0, Skipped: 0, Time elapsed: 0.125 s - in org.jboss.dmr.TypeModelValueTest
[40484s] [INFO] Running org.jboss.dmr.BytesModelValueTest
[40485s] [INFO] Tests run: 19, Failures: 0, Errors: 0, Skipped: 0, Time elapsed: 0.218 s - in org.jboss.dmr.BytesModelValueTest
[40485s] [INFO] Running org.jboss.dmr.LongModelValueTest
[40487s] [INFO] Tests run: 17, Failures: 0, Errors: 0, Skipped: 0, Time elapsed: 0.194 s - in org.jboss.dmr.LongModelValueTest
[40487s] [INFO] Running org.jboss.dmr.PropertyModelValueTest
[40488s] [INFO] Tests run: 1, Failures: 0, Errors: 0, Skipped: 0, Time elapsed: 0.041 s - in org.jboss.dmr.PropertyModelValueTest
[40489s] [INFO] 
[40489s] [INFO] Results:
[40489s] [INFO] 
[40489s] [ERROR] Errors: 
[40490s] [ERROR]   RoundTripTest.test_writeDmrInPrettyMode_readViaModelAPI » OutOfMemory Java hea...
[40490s] [ERROR]   RoundTripTest.test_writeDmrInPrettyMode_readViaStreamAPI » OutOfMemory Java he...
[40490s] [ERROR]   RoundTripTest.test_writeJSONInPrettyMode_readViaStreamAPI » OutOfMemory Java h...
[40490s] [ERROR]   RoundTripTest.test_writeJsonInPrettyMode_readViaModelAPI » OutOfMemory Java he...
[40490s] [INFO] 
[40490s] [ERROR] Tests run: 432, Failures: 0, Errors: 4, Skipped: 0
[40490s] [INFO] 
[40490s] [INFO] 
[40490s] [INFO] ------------------------------------------------------------------------
[40490s] [INFO] Skipping JBoss Dynamic Model Representation
[40490s] [INFO] This project has been banned from the build due to previous failures.
[40490s] [INFO] ------------------------------------------------------------------------
[40490s] [INFO] ------------------------------------------------------------------------
[40490s] [INFO] BUILD FAILURE
[40490s] [INFO] ------------------------------------------------------------------------
[40490s] [INFO] Total time: 10:36 h
[40490s] [INFO] Finished at: 2022-04-24T11:16:19Z
[40490s] [INFO] ------------------------------------------------------------------------
[40491s] [ERROR] Failed to execute goal org.apache.maven.plugins:maven-surefire-plugin:2.22.0:test (default-test) on project jboss-dmr: There are test failures.
[40491s] [ERROR] 
[40491s] [ERROR] Please refer to /home/abuild/rpmbuild/BUILD/jboss-dmr-1.6.1.Final/target/surefire-reports for the individual test results.
[40491s] [ERROR] Please refer to dump files (if any exist) [date]-jvmRun[N].dump, [date].dumpstream and [date]-jvmRun[N].dumpstream.
[40491s] [ERROR] -> [Help 1]
[40491s] [ERROR] 
[40491s] [ERROR] To see the full stack trace of the errors, re-run Maven with the -e switch.
[40491s] [ERROR] Re-run Maven using the -X switch to enable full debug logging.
[40491s] [ERROR] 
[40491s] [ERROR] For more information about the errors and possible solutions, please read the following articles:
[40491s] [ERROR] [Help 1] http://cwiki.apache.org/confluence/display/MAVEN/MojoFailureException
[40492s] error: Bad exit status from /var/tmp/rpm-tmp.lS4ucd (%build)
[40492s] 
[40492s] 
[40492s] RPM build errors:
[40492s]     Bad exit status from /var/tmp/rpm-tmp.lS4ucd (%build)
[40492s] 
[40493s] oe-RISCV-worker82 failed "build jboss-dmr.spec" at Sun Apr 24 11:16:21 UTC 2022.
[40493s] 
