[    0s] Memory limit set to 10955196KB
[    0s] Using BUILD_ROOT=/var/cache/obs/worker/root_2
[    0s] Using BUILD_ARCH=riscv64
[    0s] 
[    5s] 
[    6s] oe-RISCV-worker24 started "build _service:extract_file:httpcomponents-asyncclient.spec" at Sun Apr 17 01:08:24 UTC 2022.
[    6s] 
[    6s] Building httpcomponents-asyncclient for project 'openEuler:Mainline:RISC-V' repository 'advanced_riscv64' arch 'riscv64' srcmd5 'a2ea798408539ffd70c54fa52e4a9f91'
[    6s] 
[    6s] processing recipe /var/cache/obs/worker/root_2/.build-srcdir/_service:extract_file:httpcomponents-asyncclient.spec ...
[   11s] running changelog2spec --target rpm --file /var/cache/obs/worker/root_2/.build-srcdir/_service:extract_file:httpcomponents-asyncclient.spec
[   12s] init_buildsystem --configdir /var/run/obs/worker/2/build/configs --cachedir /var/cache/build --clean --rpmlist /var/cache/obs/worker/root_2/.build.rpmlist /var/cache/obs/worker/root_2/.build-srcdir/_service:extract_file:httpcomponents-asyncclient.spec build ...
[  140s] cycle: bash -> coreutils
[  140s]   breaking dependency coreutils -> bash
[  140s] cycle: bash -> coreutils -> info
[  140s]   breaking dependency coreutils -> info
[  140s] cycle: glibc -> filesystem -> bash -> coreutils
[  140s]   breaking dependency filesystem -> bash
[  140s] cycle: glibc -> filesystem -> coreutils
[  140s]   breaking dependency coreutils -> glibc
[  140s] cycle: glibc -> filesystem -> coreutils -> libacl
[  140s]   breaking dependency coreutils -> libacl
[  140s] cycle: glibc -> filesystem -> coreutils -> attr
[  140s]   breaking dependency coreutils -> attr
[  140s] cycle: coreutils -> libcap -> bash
[  140s]   breaking dependency coreutils -> libcap
[  140s] cycle: glibc -> filesystem -> coreutils -> openssl-libs
[  140s]   breaking dependency coreutils -> openssl-libs
[  140s] cycle: glibc -> filesystem -> coreutils -> libselinux
[  140s]   breaking dependency libselinux -> glibc
[  140s] cycle: glibc -> filesystem -> coreutils -> libselinux -> pcre2
[  140s]   breaking dependency pcre2 -> glibc
[  140s] cycle: glibc -> filesystem -> coreutils -> libselinux -> pcre2 -> readline
[  140s]   breaking dependency readline -> glibc
[  140s] cycle: glibc -> filesystem -> coreutils -> libselinux -> pcre2 -> readline -> ncurses-libs
[  140s]   breaking dependency coreutils -> libselinux
[  140s] cycle: glibc -> filesystem -> coreutils -> ncurses
[  140s]   breaking dependency ncurses -> glibc
[  140s] cycle: glibc -> filesystem -> coreutils -> ncurses -> ncurses-libs
[  140s]   breaking dependency ncurses -> ncurses-libs
[  140s] cycle: filesystem -> coreutils -> ncurses -> libgcc
[  140s]   breaking dependency ncurses -> libgcc
[  140s] cycle: perl-Carp -> perl-libs
[  140s]   breaking dependency perl-libs -> perl-Carp
[  140s] cycle: perl-libs -> perl-Exporter
[  140s]   breaking dependency perl-libs -> perl-Exporter
[  140s] cycle: perl-Carp -> perl-Exporter
[  140s]   breaking dependency perl-Exporter -> perl-Carp
[  140s] cycle: nss-util -> nss
[  140s]   breaking dependency nss -> nss-util
[  140s] cycle: nss-softokn -> nss-util -> nss
[  140s]   breaking dependency nss -> nss-softokn
[  140s] cycle: systemd -> cryptsetup -> device-mapper
[  140s]   breaking dependency systemd -> cryptsetup
[  140s] cycle: audit -> systemd -> pam
[  140s]   breaking dependency systemd -> pam
[  140s] [1/84] preinstalling dbus...
[  141s] [2/84] preinstalling libffi-devel...
[  142s] [3/84] preinstalling nodejs-source-map...
[  143s] [4/84] preinstalling python3-pip...
[  149s] [5/84] preinstalling python3-setuptools_scm...
[  150s] [6/84] preinstalling ncurses...
[  158s] [7/84] preinstalling coreutils...
[  164s] [8/84] preinstalling filesystem...
[  168s] [9/84] preinstalling glibc...
[  172s] [10/84] preinstalling libgcc...
[  173s] [11/84] preinstalling diffutils...
[  175s] [12/84] preinstalling libcap-ng...
[  176s] [13/84] preinstalling libgpg-error...
[  177s] [14/84] preinstalling libpcap...
[  178s] [15/84] preinstalling libsmartcols...
[  179s] [16/84] preinstalling libuuid...
[  180s] [17/84] preinstalling libxcrypt...
[  181s] [18/84] preinstalling lz4...
[  182s] [19/84] preinstalling m4...
[  184s] [20/84] preinstalling ncurses-libs...
[  187s] [21/84] preinstalling nspr...
[  188s] [22/84] preinstalling xz-libs...
[  189s] [23/84] preinstalling zlib...
[  190s] [24/84] preinstalling attr...
[  191s] [25/84] preinstalling libdb...
[  196s] [26/84] preinstalling zstd...
[  198s] [27/84] preinstalling audit-libs...
[  199s] [28/84] preinstalling file...
[  200s] [29/84] preinstalling iptables-libs...
[  200s] [30/84] preinstalling libacl...
[  201s] [31/84] preinstalling libgcrypt...
[  203s] [32/84] preinstalling openssl-libs...
[  205s] [33/84] preinstalling readline...
[  206s] [34/84] preinstalling bash...
[  210s] [35/84] preinstalling cmake...
[  226s] [36/84] preinstalling perl-libs...
[  231s] [37/84] preinstalling dnf...
[  232s] [38/84] preinstalling pcre2...
[  233s] [39/84] preinstalling perl-Exporter...
[  234s] [40/84] preinstalling bzip2...
[  235s] [41/84] preinstalling elfutils...
[  237s] [42/84] preinstalling hostname...
[  238s] [43/84] preinstalling libcap...
[  239s] [44/84] preinstalling pcre...
[  241s] [45/84] preinstalling popt...
[  242s] [46/84] preinstalling acl...
[  243s] [47/84] preinstalling libblkid...
[  244s] [48/84] preinstalling openssl...
[  246s] [49/84] preinstalling sqlite...
[  249s] [50/84] preinstalling tar...
[  251s] [51/84] preinstalling info...
[  253s] [52/84] preinstalling libgcrypt-devel...
[  254s] [53/84] preinstalling lua...
[  255s] [54/84] preinstalling libselinux...
[  256s] [55/84] preinstalling perl-Carp...
[  257s] [56/84] preinstalling copy-jdk-configs...
[  258s] [57/84] preinstalling libfdisk...
[  260s] [58/84] preinstalling perl-Digest-MD5...
[  261s] [59/84] preinstalling grep...
[  262s] [60/84] preinstalling rpm-libs...
[  264s] [61/84] preinstalling chkconfig...
[  265s] [62/84] preinstalling sed...
[  266s] [63/84] preinstalling libmount...
[  267s] [64/84] preinstalling libsemanage...
[  268s] [65/84] preinstalling perl-constant...
[  270s] [66/84] preinstalling findutils...
[  272s] [67/84] preinstalling xz...
[  273s] [68/84] preinstalling perl-Getopt-Long...
[  274s] [69/84] preinstalling glib2...
[  280s] [70/84] preinstalling nss...
[  282s] [71/84] preinstalling perl-Data-Dumper...
[  283s] [72/84] preinstalling systemd-libs...
[  284s] [73/84] preinstalling systemd...
[  290s] [74/84] preinstalling dbus-libs...
[  291s] [75/84] preinstalling nss-util...
[  292s] [76/84] preinstalling audit...
[  294s] [77/84] preinstalling nss-softokn...
[  296s] [78/84] preinstalling pam...
[  297s] [79/84] preinstalling rpm...
[  299s] [80/84] preinstalling openEuler-rpm-config...
[  301s] [81/84] preinstalling util-linux...
[  306s] [82/84] preinstalling device-mapper...
[  307s] [83/84] preinstalling cryptsetup...
[  309s] [84/84] preinstalling lvm2...
[  313s] 
[  316s] initializing rpm db...
[  334s] reordering...cycle: coreutils -> bash
[  334s]   breaking dependency coreutils -> bash
[  334s] cycle: coreutils -> info
[  334s]   breaking dependency coreutils -> info
[  334s] cycle: glibc -> basesystem -> filesystem -> coreutils -> gmp
[  334s]   breaking dependency coreutils -> gmp
[  334s] cycle: glibc -> basesystem -> filesystem -> coreutils
[  334s]   breaking dependency coreutils -> glibc
[  334s] cycle: glibc -> basesystem -> filesystem -> coreutils -> libacl
[  334s]   breaking dependency coreutils -> libacl
[  334s] cycle: glibc -> basesystem -> filesystem -> coreutils -> attr
[  334s]   breaking dependency coreutils -> attr
[  334s] cycle: coreutils -> libcap
[  334s]   breaking dependency coreutils -> libcap
[  334s] cycle: glibc -> basesystem -> filesystem -> coreutils -> openssl-libs
[  334s]   breaking dependency openssl-libs -> glibc
[  334s] cycle: coreutils -> openssl-libs -> ca-certificates
[  334s]   breaking dependency ca-certificates -> coreutils
[  334s] cycle: coreutils -> openssl-libs -> ca-certificates -> bash
[  334s]   breaking dependency ca-certificates -> bash
[  334s] cycle: coreutils -> openssl-libs -> ca-certificates -> grep
[  334s]   breaking dependency grep -> coreutils
[  334s] cycle: coreutils -> openssl-libs -> ca-certificates -> grep -> bash
[  334s]   breaking dependency ca-certificates -> grep
[  334s] cycle: glibc -> basesystem -> filesystem -> coreutils -> openssl-libs -> ca-certificates -> p11-kit
[  334s]   breaking dependency p11-kit -> glibc
[  334s] cycle: glibc -> basesystem -> filesystem -> coreutils -> openssl-libs -> ca-certificates -> p11-kit -> libffi
[  334s]   breaking dependency openssl-libs -> ca-certificates
[  334s] cycle: coreutils -> openssl-libs -> crypto-policies -> bash
[  334s]   breaking dependency crypto-policies -> bash
[  334s] cycle: coreutils -> openssl-libs -> crypto-policies
[  334s]   breaking dependency crypto-policies -> coreutils
[  334s] cycle: coreutils -> openssl-libs -> crypto-policies -> grep -> bash
[  334s]   breaking dependency bash -> coreutils
[  334s] cycle: filesystem -> coreutils -> openssl-libs -> crypto-policies -> grep -> bash
[  334s]   breaking dependency grep -> bash
[  334s] cycle: glibc -> basesystem -> filesystem -> coreutils -> openssl-libs -> crypto-policies -> grep
[  334s]   breaking dependency glibc -> basesystem
[  334s] cycle: glibc -> glibc-common -> bash -> filesystem -> coreutils -> openssl-libs -> crypto-policies -> grep
[  334s]   breaking dependency glibc-common -> bash
[  334s] cycle: glibc -> glibc-common -> coreutils -> openssl-libs -> crypto-policies -> grep
[  334s]   breaking dependency glibc-common -> coreutils
[  334s] cycle: glibc -> glibc-common
[  334s]   breaking dependency glibc-common -> glibc
[  334s] cycle: glibc -> glibc-common -> libselinux
[  334s]   breaking dependency libselinux -> glibc
[  334s] cycle: glibc -> glibc-common -> libselinux -> pcre2
[  334s]   breaking dependency pcre2 -> glibc
[  334s] cycle: glibc -> glibc-common -> libselinux -> pcre2 -> readline
[  334s]   breaking dependency readline -> glibc
[  334s] cycle: glibc -> glibc-common -> libselinux -> pcre2 -> readline -> ncurses-libs
[  334s]   breaking dependency libselinux -> pcre2
[  334s] cycle: glibc -> glibc-common -> libselinux -> libsepol -> coreutils -> openssl-libs -> crypto-policies -> grep
[  334s]   breaking dependency libsepol -> coreutils
[  334s] cycle: glibc -> glibc-common -> libselinux -> libsepol -> bash -> filesystem -> coreutils -> openssl-libs -> crypto-policies -> grep
[  334s]   breaking dependency filesystem -> coreutils
[  334s] cycle: bash -> filesystem
[  334s]   breaking dependency filesystem -> bash
[  334s] cycle: filesystem -> setup
[  334s]   breaking dependency filesystem -> setup
[  334s] cycle: glibc -> glibc-common -> libselinux -> libsepol -> bash
[  334s]   breaking dependency bash -> glibc
[  334s] cycle: glibc -> glibc-common -> libselinux -> libsepol -> bash -> ncurses-libs
[  334s]   breaking dependency libsepol -> bash
[  334s] cycle: glibc -> glibc-common -> libselinux -> libsepol
[  334s]   breaking dependency glibc -> glibc-common
[  334s] cycle: systemd -> cryptsetup -> device-mapper
[  334s]   breaking dependency systemd -> cryptsetup
[  334s] cycle: perl-libs -> perl-Carp
[  334s]   breaking dependency perl-libs -> perl-Carp
[  334s] cycle: perl-libs -> perl-Exporter
[  334s]   breaking dependency perl-libs -> perl-Exporter
[  334s] cycle: perl-Carp -> perl-Exporter
[  334s]   breaking dependency perl-Exporter -> perl-Carp
[  334s] cycle: perl -> perl-PathTools
[  335s]   breaking dependency perl -> perl-PathTools
[  335s] cycle: perl -> perl-ExtUtils-MakeMaker
[  335s]   breaking dependency perl -> perl-ExtUtils-MakeMaker
[  335s] cycle: perl -> perl-File-Path -> perl-PathTools
[  335s]   breaking dependency perl -> perl-File-Path
[  335s] cycle: perl -> perl-Getopt-Long -> perl-Pod-Usage
[  335s]   breaking dependency perl -> perl-Getopt-Long
[  335s] cycle: perl -> perl-Locale-Maketext
[  335s]   breaking dependency perl -> perl-Locale-Maketext
[  335s] cycle: perl -> perl-Pod-Simple
[  335s]   breaking dependency perl -> perl-Pod-Simple
[  335s] cycle: perl -> perl-Socket
[  335s]   breaking dependency perl -> perl-Socket
[  335s] cycle: perl -> perl-Storable
[  335s]   breaking dependency perl -> perl-Storable
[  335s] cycle: perl -> perl-Text-Tabs+Wrap
[  335s]   breaking dependency perl -> perl-Text-Tabs+Wrap
[  335s] cycle: perl -> perl-Time-Local -> perl-constant
[  335s]   breaking dependency perl -> perl-Time-Local
[  335s] cycle: perl -> perl-constant
[  335s]   breaking dependency perl -> perl-constant
[  335s] cycle: perl -> perl-threads
[  335s]   breaking dependency perl -> perl-threads
[  335s] cycle: perl -> perl-threads-shared
[  335s]   breaking dependency perl -> perl-threads-shared
[  335s] cycle: perl -> perl-Archive-Tar
[  335s]   breaking dependency perl -> perl-Archive-Tar
[  335s] cycle: perl -> perl-B-Debug
[  335s]   breaking dependency perl -> perl-B-Debug
[  335s] cycle: perl -> perl-CPAN-Meta -> perl-CPAN-Meta-Requirements
[  335s]   breaking dependency perl -> perl-CPAN-Meta
[  335s] cycle: perl -> perl-CPAN-Meta-Requirements
[  335s]   breaking dependency perl -> perl-CPAN-Meta-Requirements
[  335s] cycle: perl -> perl-CPAN-Meta-YAML
[  335s]   breaking dependency perl -> perl-CPAN-Meta-YAML
[  335s] cycle: perl -> perl-Compress-Raw-Bzip2
[  335s]   breaking dependency perl -> perl-Compress-Raw-Bzip2
[  335s] cycle: perl -> perl-Compress-Raw-Zlib
[  335s]   breaking dependency perl -> perl-Compress-Raw-Zlib
[  335s] cycle: perl -> perl-Config-Perl-V
[  335s]   breaking dependency perl -> perl-Config-Perl-V
[  335s] cycle: perl -> perl-DB_File
[  335s]   breaking dependency perl -> perl-DB_File
[  335s] cycle: perl -> perl-Data-Dumper
[  335s]   breaking dependency perl -> perl-Data-Dumper
[  335s] cycle: perl -> perl-Devel-PPPort
[  335s]   breaking dependency perl -> perl-Devel-PPPort
[  335s] cycle: perl -> perl-Digest -> perl-MIME-Base64
[  335s]   breaking dependency perl -> perl-Digest
[  335s] cycle: perl -> perl-Digest-MD5 -> perl-Digest -> perl-MIME-Base64
[  335s]   breaking dependency perl -> perl-Digest-MD5
[  335s] cycle: perl -> perl-Digest-SHA
[  335s]   breaking dependency perl -> perl-Digest-SHA
[  335s] cycle: perl -> perl-Encode
[  335s]   breaking dependency perl -> perl-Encode
[  335s] cycle: perl -> perl-Env
[  335s]   breaking dependency perl -> perl-Env
[  335s] cycle: perl -> perl-ExtUtils-Command
[  335s]   breaking dependency perl -> perl-ExtUtils-Command
[  335s] cycle: perl -> perl-ExtUtils-Install
[  335s]   breaking dependency perl -> perl-ExtUtils-Install
[  335s] cycle: perl -> perl-ExtUtils-Manifest
[  335s]   breaking dependency perl -> perl-ExtUtils-Manifest
[  335s] cycle: perl -> perl-ExtUtils-ParseXS
[  335s]   breaking dependency perl -> perl-ExtUtils-ParseXS
[  335s] cycle: perl -> perl-File-Fetch -> perl-PathTools
[  335s]   breaking dependency perl -> perl-File-Fetch
[  335s] cycle: perl -> perl-File-Temp -> perl-PathTools
[  335s]   breaking dependency perl -> perl-File-Temp
[  335s] cycle: perl -> perl-Filter
[  335s]   breaking dependency perl -> perl-Filter
[  335s] cycle: perl -> perl-Filter-Simple -> perl-Filter
[  335s]   breaking dependency perl -> perl-Filter-Simple
[  335s] cycle: perl -> perl-HTTP-Tiny
[  335s]   breaking dependency perl -> perl-HTTP-Tiny
[  335s] cycle: perl -> perl-IO-Compress
[  335s]   breaking dependency perl -> perl-IO-Compress
[  335s] cycle: perl -> perl-IO-Socket-IP
[  335s]   breaking dependency perl -> perl-IO-Socket-IP
[  335s] cycle: perl -> perl-IPC-Cmd -> perl-ExtUtils-MakeMaker
[  335s]   breaking dependency perl -> perl-IPC-Cmd
[  335s] cycle: perl -> perl-IPC-SysV
[  335s]   breaking dependency perl -> perl-IPC-SysV
[  335s] cycle: perl -> perl-JSON-PP
[  335s]   breaking dependency perl -> perl-JSON-PP
[  335s] cycle: perl -> perl-Locale-Codes -> perl-constant
[  335s]   breaking dependency perl -> perl-Locale-Codes
[  335s] cycle: perl -> perl-MIME-Base64
[  335s]   breaking dependency perl -> perl-MIME-Base64
[  335s] cycle: perl -> perl-Math-BigInt
[  335s]   breaking dependency perl -> perl-Math-BigInt
[  335s] cycle: perl -> perl-Math-BigInt-FastCalc -> perl-Math-BigInt
[  335s]   breaking dependency perl -> perl-Math-BigInt-FastCalc
[  335s] cycle: perl -> perl-Math-BigRat -> perl-Math-BigInt
[  335s]   breaking dependency perl -> perl-Math-BigRat
[  335s] cycle: perl -> perl-Module-CoreList
[  335s]   breaking dependency perl -> perl-Module-CoreList
[  335s] cycle: perl -> perl-Module-Load -> perl-PathTools
[  335s]   breaking dependency perl -> perl-Module-Load
[  335s] cycle: perl -> perl-Module-Load-Conditional
[  335s]   breaking dependency perl -> perl-Module-Load-Conditional
[  335s] cycle: perl -> perl-Module-Metadata
[  335s]   breaking dependency perl -> perl-Module-Metadata
[  335s] cycle: perl -> perl-Params-Check
[  335s]   breaking dependency perl -> perl-Params-Check
[  335s] cycle: perl -> perl-PerlIO-via-QuotedPrint -> perl-MIME-Base64
[  335s]   breaking dependency perl -> perl-PerlIO-via-QuotedPrint
[  335s] cycle: perl -> perl-Pod-Checker
[  335s]   breaking dependency perl -> perl-Pod-Checker
[  335s] cycle: perl -> perl-Pod-Escapes
[  335s]   breaking dependency perl -> perl-Pod-Escapes
[  335s] cycle: perl -> perl-Pod-Parser
[  335s]   breaking dependency perl -> perl-Pod-Parser
[  335s] cycle: perl -> perl-Pod-Perldoc
[  335s]   breaking dependency perl -> perl-Pod-Perldoc
[  335s] cycle: perl -> perl-Pod-Usage
[  335s]   breaking dependency perl -> perl-Pod-Usage
[  335s] cycle: perl -> perl-Sys-Syslog
[  335s]   breaking dependency perl -> perl-Sys-Syslog
[  335s] cycle: perl -> perl-Term-Cap
[  335s]   breaking dependency perl -> perl-Term-Cap
[  335s] cycle: perl -> perl-Test-Harness
[  335s]   breaking dependency perl -> perl-Test-Harness
[  335s] cycle: perl -> perl-Test-Simple
[  335s]   breaking dependency perl -> perl-Test-Simple
[  335s] cycle: perl -> perl-Text-Balanced
[  335s]   breaking dependency perl -> perl-Text-Balanced
[  335s] cycle: perl -> perl-Thread-Queue -> perl-threads-shared
[  335s]   breaking dependency perl -> perl-Thread-Queue
[  335s] cycle: perl -> perl-Unicode-Collate -> perl-PathTools
[  335s]   breaking dependency perl -> perl-Unicode-Collate
[  335s] cycle: perl -> perl-autodie
[  335s]   breaking dependency perl -> perl-autodie
[  335s] cycle: perl -> perl-bignum -> perl-Math-BigInt
[  335s]   breaking dependency perl -> perl-bignum
[  335s] cycle: perl -> perl-devel
[  335s]   breaking dependency perl -> perl-devel
[  335s] cycle: perl -> perl-Encode-devel
[  335s]   breaking dependency perl -> perl-Encode-devel
[  335s] cycle: perl -> perl-experimental
[  335s]   breaking dependency perl -> perl-experimental
[  335s] cycle: perl -> perl-libnet -> perl-Digest-MD5 -> perl-Digest -> perl-MIME-Base64
[  335s]   breaking dependency perl -> perl-libnet
[  335s] cycle: perl -> perl-podlators
[  335s]   breaking dependency perl -> perl-podlators
[  335s] cycle: perl -> perl-version
[  335s]   breaking dependency perl -> perl-version
[  335s] cycle: glib2 -> gamin
[  335s]   breaking dependency glib2 -> gamin
[  335s] cycle: systemd -> gnutls -> unbound-libs -> shadow -> pam -> audit
[  335s]   breaking dependency systemd -> gnutls
[  335s] cycle: systemd -> pam -> audit
[  335s]   breaking dependency systemd -> pam
[  335s] cycle: systemd -> shadow -> pam -> audit
[  335s]   breaking dependency systemd -> shadow
[  335s] cycle: pam -> libpwquality
[  335s]   breaking dependency pam -> libpwquality
[  335s] cycle: perl-Getopt-Long -> perl-Pod-Usage
[  335s]   breaking dependency perl-Pod-Usage -> perl-Getopt-Long
[  335s] cycle: perl-Getopt-Long -> perl-Pod-Usage -> perl-podlators -> perl-Encode
[  335s]   breaking dependency perl-podlators -> perl-Encode
[  335s] cycle: perl-Getopt-Long -> perl-Pod-Usage -> perl-podlators
[  335s]   breaking dependency perl-podlators -> perl-Getopt-Long
[  335s] cycle: perl-Getopt-Long -> perl-Pod-Usage -> perl-podlators -> perl-Pod-Simple -> perl-Encode
[  335s]   breaking dependency perl-Encode -> perl-Getopt-Long
[  335s] cycle: perl-Getopt-Long -> perl-Pod-Usage -> perl-podlators -> perl-Pod-Simple
[  335s]   breaking dependency perl-podlators -> perl-Pod-Simple
[  335s] cycle: perl-Pod-Usage -> perl-podlators
[  335s]   breaking dependency perl-podlators -> perl-Pod-Usage
[  335s] cycle: groff -> perl-Getopt-Long -> perl-Pod-Usage -> perl-Pod-Perldoc
[  335s]   breaking dependency groff -> perl-Getopt-Long
[  335s] cycle: nss -> nss-util
[  335s]   breaking dependency nss -> nss-util
[  335s] cycle: nss -> nss-softokn -> nss-util
[  335s]   breaking dependency nss -> nss-softokn
[  335s] cycle: libxcrypt-devel -> glibc-devel
[  335s]   breaking dependency glibc-devel -> libxcrypt-devel
[  335s] cycle: groovy-lib -> gpars
[  335s]   breaking dependency groovy-lib -> gpars
[  335s] cycle: batik-css -> batik
[  335s]   breaking dependency batik -> batik-css
[  335s] cycle: xalan-j2 -> xerces-j2
[  335s]   breaking dependency xerces-j2 -> xalan-j2
[  335s] cycle: cmake-data -> cmake
[  335s]   breaking dependency cmake -> cmake-data
[  335s] cycle: perl-Getopt-Long -> perl-Pod-Usage -> perl-Pod-Perldoc -> perl-Pod-Simple
[  335s]   breaking dependency perl-Pod-Perldoc -> perl-Pod-Simple
[  335s] cycle: openssh -> openssh-server
[  335s]   breaking dependency openssh-server -> openssh
[  335s] cycle: git -> perl-Git
[  335s]   breaking dependency git -> perl-Git
[  335s] cycle: perl-ExtUtils-Install -> perl-ExtUtils-MakeMaker
[  335s]   breaking dependency perl-ExtUtils-MakeMaker -> perl-ExtUtils-Install
[  336s] done
[  336s] querying package ids...
[  390s] [1/540] installing cmake-filesystem-3.22.0-1.oe1
[  391s] [2/540] installing fonts-filesystem-2.0.2-2.oe1
[  393s] [3/540] installing fuse-common-3.9.2-5.oe1
[  394s] [4/540] installing javapackages-filesystem-5.3.0-3.oe1
[  396s] [5/540] installing kernel-headers-5.10-3.oe1
[  403s] [6/540] installing libreport-filesystem-2.13.1-5.oe1
[  404s] [7/540] installing ncurses-base-6.1-14.oe1
[  406s] [8/540] installing openEuler-gpg-keys-1.0-2.5.oe1
[  408s] [9/540] installing python-setuptools-59.4.0-3.oe1
[  410s] [10/540] installing qt5-srpm-macros-5.15.2-1.oe1
[  411s] [11/540] installing tzdata-2021a-2.oe1
[  423s] [12/540] installing tzdata-java-2021a-2.oe1
[  427s] [13/540] installing dnf-data-4.10.0-1.oe1
[  428s] [14/540] installing openEuler-repos-1.0-2.5.oe1
[  429s] [15/540] installing wqy-zenhei-fonts-0.9.46-21.oe1
[  440s] [16/540] installing openEuler-release-20.03LTS-40.oe1
[  442s] [17/540] installing filesystem-3.9-3.oe1
[  456s] warning: group mail does not exist - using root
[  456s] [18/540] installing emacs-filesystem-1:27.1-5.oe1
[  457s] [19/540] installing libgcc-10.3.1-20220105.6.oe1
[  459s] [20/540] installing setup-2.13.3-4.oe1
[  461s] [21/540] installing glibc-2.34-64.oe1
[  468s] [22/540] installing brotli-1.0.9-2.oe1
[  470s] [23/540] installing chrpath-0.16-12.oe1
[  472s] [24/540] installing cpio-2.13-4.oe1
[  475s] [25/540] installing diffutils-3.7-4.oe1
[  477s] [26/540] installing expat-2.2.10-1.oe1
[  479s] [27/540] installing giflib-5.2.1-2.oe1
[  481s] [28/540] installing json-c-0.15-1.oe1
[  482s] [29/540] installing keyutils-libs-1.6.3-3.oe1
[  483s] [30/540] installing libICE-1.0.10-2.oe1
[  485s] [31/540] installing libXau-1.0.9-2.oe1
[  486s] [32/540] installing libaio-0.3.112-1.oe1
[  487s] [33/540] installing libargon2-20190702-1.oe1
[  489s] [34/540] installing libatomic-10.3.1-20220105.6.oe1
[  490s] [35/540] installing libcap-ng-0.7.11-1.oe1
[  492s] [36/540] installing libev-4.24-11.oe1
[  494s] [37/540] installing libffi-3.3-31.oe1
[  495s] [38/540] installing libgomp-10.3.1-20220105.6.oe1
[  497s] [39/540] installing libgpg-error-1.41-1.oe1
[  499s] [40/540] installing libjpeg-turbo-2.0.6-1.oe1
[  500s] [41/540] installing libnghttp2-1.42.0-1.oe1
[  502s] [42/540] installing libpcap-14:1.9.1-7.oe1
[  508s] [43/540] installing libpipeline-1.5.3-1.oe1
[  510s] [44/540] installing libsigsegv-2.11-10.oe1
[  512s] [45/540] installing libsmartcols-2.36.1-3.oe1
[  516s] [46/540] installing libtasn1-4.16.0-2.oe1
[  517s] [47/540] installing libtool-ltdl-2.4.6-34.oe1
[  519s] [48/540] installing libunistring-0.9.10-8.oe1
[  521s] [49/540] installing libuuid-2.36.1-3.oe1
[  523s] [50/540] installing libuv-1:1.40.0-1.oe1
[  524s] [51/540] installing libxcrypt-4.4.8-4.oe1
[  529s] [52/540] installing libyaml-0.2.5-1.oe1
[  531s] [53/540] installing lz4-1.9.3-1.oe1
[  532s] [54/540] installing m4-1.4.18-14.oe1
[  534s] [55/540] installing nspr-4.32.0-1.oe1
[  537s] [56/540] installing pkgconf-1.7.3-1.oe1
[  538s] [57/540] installing rhash-1.3.5-5.oe1
[  540s] [58/540] installing which-2.21-14.oe1
[  541s] [59/540] installing xz-libs-5.2.5-1.oe1
[  543s] [60/540] installing zlib-1.2.11-18.oe1
[  544s] [61/540] installing attr-2.4.48-12.oe1
[  546s] [62/540] installing basesystem-12-2.oe1
[  547s] [63/540] installing libstdc++-10.3.1-20220105.6.oe1
[  549s] [64/540] installing ncurses-libs-6.1-14.oe1
[  551s] [65/540] installing libsepol-3.1-4.oe1
[  553s] [66/540] installing libstdc++-devel-10.3.1-20220105.6.oe1
[  566s] [67/540] installing audit-libs-1:3.0-2.oe1
[  568s] [68/540] installing elfutils-libelf-0.185-3.oe1
[  569s] [69/540] installing file-libs-5.39-6.oe1
[  574s] [70/540] installing gmp-1:6.2.1-3.oe1
[  576s] [71/540] installing iptables-libs-1.8.1-4.oe1
[  577s] [72/540] installing less-563-2.oe1
[  580s] [73/540] installing libacl-2.2.53-7.oe1
[  582s] [74/540] installing libassuan-2.5.4-1.oe1
[  583s] [75/540] installing libedit-3.1-27.oe1
[  584s] [76/540] installing libffi-devel-3.3-31.oe1
[  585s] [77/540] installing libfontenc-1.1.4-2.oe1
[  587s] [78/540] installing libgcrypt-1.8.7-1.oe1
[  589s] [79/540] installing libpng-2:1.6.37-1.oe1
[  590s] [80/540] installing libxcb-1.14-1.oe1
[  592s] [81/540] installing readline-8.0-2.oe1
[  593s] [82/540] installing fuse-2.9.9-6.oe1
[  595s] [83/540] installing gc-8.0.4-2.oe1
[  597s] [84/540] installing libSM-1.2.3-2.oe1
[  598s] [85/540] installing libdb-5.3.28-35.oe1
[  605s] [86/540] installing libselinux-3.1-3.oe1
[  607s] [87/540] installing libxml2-2.9.12-5.oe1
[  609s] [88/540] installing bash-5.1-1.oe1
[  613s] [89/540] installing perl-libs-4:5.28.0-435.oe1
[  620s] [90/540] installing zstd-1.4.8-2.oe1
[  624s] [91/540] installing ncurses-6.1-14.oe1
[  639s] [92/540] installing thin-provisioning-tools-0.8.5-1.oe1
[  641s] [93/540] installing perl-parent-1:0.237-4.oe1
[  642s] [94/540] installing perl-perlfaq-5.20180915-5.oe1
[  644s] [95/540] installing libX11-1.6.9-2.oe1
[  648s] [96/540] installing mpfr-4.1.0-1.oe1
[  651s] [97/540] installing nettle-3.6-6.oe1
[  654s] [98/540] installing pcre2-10.36-1.oe1
[  656s] [99/540] installing perl-Exporter-5.74-1.oe1
[  658s] [100/540] installing file-5.39-6.oe1
[  659s] [101/540] installing gdbm-1:1.18.1-1.oe1
[  661s] [102/540] installing patch-2.7.6-12.oe1
[  663s] [103/540] installing qrencode-4.1.1-1
[  664s] [104/540] installing sed-4.8-2.oe1
[  666s] [105/540] installing acl-2.2.53-7.oe1
[  667s] [106/540] installing libcomps-0.1.15-1.oe1
[  672s] [107/540] installing pcre-8.44-1.oe1
[  674s] [108/540] installing glibc-common-2.34-64.oe1
[  693s] [109/540] installing crontabs-1.11-21.oe1
[  696s] [110/540] installing libXcomposite-0.4.5-1.oe1
[  699s] [111/540] installing libXext-1.3.4-2.oe1
[  701s] [112/540] installing libXpm-3.5.12-11.oe1
[  706s] [113/540] installing libXrender-0.9.10-10.oe1
[  708s] [114/540] installing perl-Carp-1.50-418.oe1
[  710s] [115/540] installing perl-Perl-OSType-1.010-421.oe1
[  712s] [116/540] installing perl-Term-ANSIColor-4.06-511.oe1
[  713s] [117/540] installing libmpc-1.2.0-2.oe1
[  716s] [118/540] installing grep-3.6-1.oe1
[  720s] [119/540] installing libXt-1.2.0-0.oe1
[  722s] [120/540] installing gawk-5.0.1-2.oe1
[  724s] [121/540] installing libXi-1.7.10-1.oe1
[  726s] [122/540] installing perl-Text-ParseWords-3.30-419.oe1
[  730s] [123/540] installing crypto-policies-20180925-3.git71ca85f.oe1
[  738s] [124/540] installing libXmu-1.1.3-1.oe1
[  741s] [125/540] installing cpp-10.3.1-20220105.6.oe1
[  759s] [126/540] installing libXtst-1.2.3-10.oe1
[  767s] [127/540] installing openssl-libs-1:1.1.1f-2.oe1
[  772s] [128/540] installing libXaw-1.0.13-13.oe1
[  777s] [129/540] installing ima-evm-utils-libs-1.2.1-8.oe1
[  779s] [130/540] installing libevent-2.1.12-4
[  785s] [131/540] installing kmod-libs-27-4.oe1
[  788s] [132/540] installing kmod-27-4.oe1
[  791s] [133/540] installing nodejs-libs-1:16.10.0-1.oe1
[  853s] [134/540] installing coreutils-8.31-4.oe1
[  864s] [135/540] installing alsa-lib-1.2.4-1.oe1
[  869s] [136/540] installing elfutils-default-yama-scope-0.185-3.oe1
[  872s] /usr/lib/systemd/systemd-sysctl: error while loading shared libraries: libseccomp.so.2: cannot open shared object file: No such file or directory
[  872s] [137/540] installing publicsuffix-list-20200718-1.oe1
[  874s] [138/540] installing uname-build-checks-1.0-0.4.oe1
[  876s] [139/540] installing bzip2-1.0.8-3.oe1
[  878s] [140/540] installing gzip-1.10-1.oe1
[  880s] [141/540] installing hostname-3.21-2.oe1
[  883s] [142/540] installing libcap-2.32-2.oe1
[  885s] [143/540] installing libseccomp-2.4.3-2.oe1
[  888s] [144/540] installing lksctp-tools-1.0.16-11.oe1
[  892s] [145/540] installing npth-1.5-7.oe1
[  895s] [146/540] installing popt-1.18-1.oe1
[  898s] [147/540] installing fipscheck-1.5.0-7.oe1
[  901s] [148/540] installing libblkid-2.36.1-3.oe1
[  904s] [149/540] installing libidn2-2.3.0-1.oe1
[  908s] [150/540] installing libksba-1.3.5-12.oe1
[  911s] [151/540] installing tar-2:1.32-3.oe1
[  915s] [152/540] installing tcl-1:8.6.10-3.oe1
[  921s] [153/540] installing apr-1.7.0-4.oe1
[  924s] [154/540] installing info-6.7-2.oe1
[  928s] [155/540] installing jsoncpp-1.9.4-1.oe1
[  931s] [156/540] installing libgpg-error-devel-1.41-1.oe1
[  933s] [157/540] installing lua-5.3.5-6.oe1
[  936s] [158/540] installing slang-2.3.2-8.oe1
[  941s] [159/540] installing xz-5.2.5-1.oe1
[  944s] [160/540] installing libxslt-1.1.32-7.oe1
[  951s] [161/540] installing perl-Scalar-List-Utils-3:1.52-2.oe1
[  953s] [162/540] installing perl-Time-HiRes-1.9760-2.oe1
[  956s] [163/540] installing perl-Unicode-Normalize-1.26-419.oe1
[  960s] [164/540] installing systemd-libs-243-22.oe1
[  963s] [165/540] installing guile-5:2.0.14-15.oe1
[  977s] [166/540] installing dbus-libs-1:1.12.20-3.oe1
[  981s] [167/540] installing zip-3.0-29.oe1
[  983s] [168/540] installing libfdisk-2.36.1-3.oe1
[  987s] [169/540] installing libtcnative-1-0-1.2.23-3.oe1
[  990s] [170/540] installing newt-0.52.21-4.oe1
[  995s] [171/540] installing p11-kit-0.23.22-1.oe1
[  999s] [172/540] installing procps-ng-3.3.16-15.oe1
[ 1003s] [173/540] installing elfutils-libs-0.185-3.oe1
[ 1006s] [174/540] installing libmount-2.36.1-3.oe1
[ 1010s] [175/540] installing lua-posix-33.3.1-12.oe1
[ 1013s] [176/540] installing unzip-6.0-47.oe1
[ 1015s] [177/540] installing cracklib-2.9.7-6.oe1
[ 1022s] [178/540] installing e2fsprogs-1.45.6-3.oe1
[ 1026s] [179/540] installing findutils-2:4.7.0-7.oe1
[ 1028s] [180/540] installing libsemanage-3.1-4.oe1
[ 1031s] [181/540] installing make-1:4.2.1-15.oe1
[ 1033s] [182/540] installing sqlite-3.24.0-9.oe1
[ 1038s] [183/540] installing logrotate-3.15.1-2.oe1
[ 1040s] [184/540] installing freetype-2.10.2-3.oe1
[ 1043s] [185/540] installing glibc-devel-2.34-64.oe1
[ 1058s] [186/540] installing libgcrypt-devel-1.8.7-1.oe1
[ 1060s] [187/540] installing gnupg2-2.2.27-2.oe1
[ 1067s] [188/540] installing libarchive-3.5.1-1.oe1
[ 1070s] [189/540] installing dbus-tools-1:1.12.20-3.oe1
[ 1072s] [190/540] installing libxcrypt-devel-4.4.8-4.oe1
[ 1074s] [191/540] installing copy-jdk-configs-4.0-1.oe1
[ 1077s] [192/540] installing gpgme-1.15.1-1.oe1
[ 1080s] [193/540] installing obs-env-1.0-5.oe1
[ 1090s] [194/540] installing chkconfig-1.14-2.oe1
[ 1093s] [195/540] installing elfutils-0.185-3.oe1
[ 1097s] [196/540] installing xorg-x11-font-utils-1:7.5-43.oe1
[ 1099s] [197/540] installing fontconfig-2.13.92-1.oe1
[ 1107s] [198/540] installing glib2-2.66.8-1.oe1
[ 1116s] [199/540] installing rpm-libs-4.15.1-25.oe1
[ 1119s] [200/540] installing libcroco-0.6.12-13.oe1
[ 1121s] [201/540] installing gamin-0.1.10-38.oe1
[ 1124s] [202/540] installing libsecret-0.18.6-5.oe1
[ 1127s] [203/540] installing libverto-0.3.1-2.oe1
[ 1130s] [204/540] installing xorg-x11-fonts-others-7.5-24
[ 1151s] [205/540] installing libmodulemd-2.13.0-1.oe1
[ 1154s] [206/540] installing binutils-2.37-6.oe1
[ 1166s] [207/540] installing p11-kit-trust-0.23.22-1.oe1
[ 1169s] [208/540] installing babeltrace-1.5.8-1.oe1
[ 1174s] [209/540] installing ca-certificates-2020.2.46-2.oe1
[ 1189s] [210/540] installing gettext-0.20.1-2.oe1
[ 1194s] [211/540] installing krb5-libs-1.18.2-3.oe1
[ 1197s] [212/540] installing gcc-10.3.1-20220105.6.oe1
[ 1229s] [213/540] installing python-pip-wheel-19.2.3-2.fc32
[ 1231s] [214/540] installing libtirpc-1.3.1-1.oe1
[ 1233s] [215/540] installing cyrus-sasl-lib-2.1.27-10.oe1
[ 1235s] [216/540] installing libssh-0.9.5-1.oe1
[ 1238s] [217/540] installing gcc-c++-10.3.1-20220105.6.oe1
[ 1253s] [218/540] installing openldap-2.4.46-15.oe1
[ 1256s] [219/540] installing libnsl2-1.3.0-2.oe1
[ 1258s] [220/540] installing python3-3.8.5-13.oe1
[ 1297s] [221/540] installing python3-pyparsing-2.4.5-1.fc32
[ 1301s] [222/540] installing python3-setuptools-59.4.0-3.oe1
[ 1307s] [223/540] installing python3-setuptools_scm-3.3.3-6.fc32
[ 1311s] [224/540] installing python3-six-1.15.0-3.oe1
[ 1313s] [225/540] installing python3-gpgme-1.15.1-1.oe1
[ 1318s] [226/540] installing python3-lxml-4.4.1-3.fc32
[ 1321s] [227/540] installing python3-libcomps-0.1.15-1.oe1
[ 1324s] [228/540] installing libpsl-0.21.1-1.oe1
[ 1327s] [229/540] installing gdb-headless-9.2-5.oe1
[ 1334s] [230/540] installing systemtap-sdt-devel-4.1-3.oe1
[ 1336s] [231/540] installing gdb-9.2-5.oe1
[ 1338s] [232/540] installing python3-javapackages-5.3.0-3.oe1
[ 1342s] [233/540] installing python3-pip-19.2.3-2.fc32
[ 1353s] [234/540] installing libcurl-7.79.1-1.oe1
[ 1355s] [235/540] installing curl-7.79.1-1.oe1
[ 1357s] [236/540] installing librepo-1.14.2-2.oe1
[ 1359s] [237/540] installing rpm-4.15.1-25.oe1
[ 1365s] [238/540] installing efi-srpm-macros-4-3.oe1
[ 1367s] [239/540] installing cmake-rpm-macros-3.22.0-1.oe1
[ 1369s] [240/540] installing libsolv-0.7.20-1.oe1
[ 1372s] [241/540] installing python3-rpm-4.15.1-25.oe1
[ 1375s] [242/540] installing openEuler-rpm-config-30-22.oe1
[ 1377s] [243/540] installing cmake-3.22.0-1.oe1
[ 1397s] [244/540] installing libdnf-0.65.0-2.oe1
[ 1401s] [245/540] installing cmake-data-3.22.0-1.oe1
[ 1427s] [246/540] installing python3-libdnf-0.65.0-2.oe1
[ 1432s] [247/540] installing perl-4:5.28.0-435.oe1
[ 1442s] [248/540] installing perl-B-Debug-1.26-4.oe1
[ 1447s] [249/540] installing perl-Env-1.04-397.oe1
[ 1448s] [250/540] installing perl-Devel-PPPort-3.42-4.oe1
[ 1451s] [251/540] installing perl-Pod-Escapes-1:1.07-419.oe1
[ 1452s] [252/540] installing perl-Text-Tabs+Wrap-2013.0523-419.oe1
[ 1453s] [253/540] installing perl-Algorithm-Diff-1.1903-14.oe1
[ 1455s] [254/540] installing perl-Params-Check-1:0.38-418.oe1
[ 1456s] [255/540] installing perl-Term-Cap-1.17-510.oe1
[ 1458s] [256/540] installing perl-TermReadKey-2.38-2.oe1
[ 1461s] [257/540] installing perl-Text-Balanced-2.03-420.oe1
[ 1462s] [258/540] installing perl-threads-1:2.22-419.oe1
[ 1465s] [259/540] installing openssl-1:1.1.1f-2.oe1
[ 1467s] [260/540] installing perl-Config-Perl-V-0.30-5.oe1
[ 1469s] [261/540] installing perl-Error-1:0.17029-1.oe1
[ 1471s] [262/540] installing perl-Filter-2:1.59-2.oe1
[ 1473s] [263/540] installing perl-IPC-SysV-2.07-5.oe1
[ 1476s] [264/540] installing perl-Locale-Maketext-1:1.28-1.oe1
[ 1478s] [265/540] installing perl-constant-1.33-421.oe1
[ 1481s] [266/540] installing perl-MIME-Base64-3.15-418.oe1
[ 1484s] [267/540] installing perl-CPAN-Meta-YAML-0.018-420.oe1
[ 1486s] [268/540] installing perl-Socket-4:2.029-2.oe1
[ 1489s] [269/540] installing perl-Storable-1:3.15-2.oe1
[ 1491s] [270/540] installing python3-hawkey-0.65.0-2.oe1
[ 1494s] [271/540] installing perl-PerlIO-via-QuotedPrint-0.08-397.oe1
[ 1496s] [272/540] installing perl-Digest-1.17-419.oe1
[ 1497s] [273/540] installing perl-Filter-Simple-1:0.94-1.oe1
[ 1498s] [274/540] installing perl-IO-Socket-IP-0.39-420.oe1
[ 1501s] [275/540] installing perl-Text-Diff-1.45-7.oe1
[ 1503s] [276/540] installing perl-Time-Local-2:1.280-6.oe1
[ 1504s] [277/540] installing perl-version-8:0.99.24-3.oe1
[ 1507s] [278/540] installing perl-IPC-System-Simple-1.25-19.oe1
[ 1510s] [279/540] installing perl-threads-shared-1.59-2.oe1
[ 1514s] [280/540] installing perl-Compress-Raw-Bzip2-2.100-1.oe1
[ 1516s] [281/540] installing perl-Compress-Raw-Zlib-1:2.100-1.oe1
[ 1518s] [282/540] installing perl-Locale-Codes-3.58-2.oe1
[ 1521s] [283/540] installing perl-Math-BigInt-1:1.9998.13-5.oe1
[ 1523s] [284/540] installing perl-PathTools-3.75-4.oe1
[ 1525s] [285/540] installing python3-dnf-4.10.0-1.oe1
[ 1530s] [286/540] installing perl-Data-Dumper-2.172-3.oe1
[ 1532s] [287/540] installing perl-Sys-Syslog-0.35-420.oe1
[ 1535s] [288/540] installing perl-Encode-4:2.98-9.oe1
[ 1542s] [289/540] installing autogen-5.18.16-1.oe1
[ 1547s] [290/540] installing nodejs-1:16.10.0-1.oe1
[ 1549s] [291/540] installing systemd-243-22.oe1
[ 1571s] /var/tmp/rpm-tmp.VMjgrd: line 8: groupadd: command not found
[ 1571s] /var/tmp/rpm-tmp.VMjgrd: line 10: groupadd: command not found
[ 1571s] /var/tmp/rpm-tmp.VMjgrd: line 13: groupadd: command not found
[ 1571s] /var/tmp/rpm-tmp.VMjgrd: line 16: groupadd: command not found
[ 1572s] [292/540] installing dbus-common-1:1.12.20-3.oe1
[ 1574s] [293/540] installing nodejs-source-map-0.5.6-1.oe1
[ 1577s] [294/540] installing perl-Module-Load-1:0.32-418.oe1
[ 1579s] [295/540] installing nodejs-packaging-20-1.oe1
[ 1581s] [296/540] installing dnf-4.10.0-1.oe1
[ 1585s] Failed to preset unit, unit dnf-automatic.timer does not exist.
[ 1585s] Failed to preset unit, unit dnf-automatic-notifyonly.timer does not exist.
[ 1585s] Failed to preset unit, unit dnf-automatic-download.timer does not exist.
[ 1585s] Failed to preset unit, unit dnf-automatic-install.timer does not exist.
[ 1585s] [297/540] installing perl-File-Which-1.23-1.oe1
[ 1587s] [298/540] installing perl-Thread-Queue-3.13-3.oe1
[ 1589s] [299/540] installing perl-experimental-0.020-2.oe1
[ 1590s] [300/540] installing perl-Digest-MD5-2.55-419.oe1
[ 1593s] [301/540] installing perl-File-Path-2.16-4.oe1
[ 1595s] [302/540] installing perl-Math-BigInt-FastCalc-0.500.700-4.oe1
[ 1598s] [303/540] installing perl-Module-Metadata-1.000036-3.oe1
[ 1599s] [304/540] installing perl-CPAN-Meta-Requirements-2.140-419.oe1
[ 1601s] [305/540] installing perl-Encode-devel-4:2.98-9.oe1
[ 1604s] [306/540] installing perl-HTTP-Tiny-0.076-3.oe1
[ 1606s] [307/540] installing perl-Math-BigRat-0.2614-2.oe1
[ 1608s] [308/540] installing audit-1:3.0-2.oe1
[ 1612s] [309/540] installing perl-DB_File-1.842-2.oe1
[ 1616s] [310/540] installing perl-autodie-2.29-398.oe1
[ 1618s] [311/540] installing perl-Unicode-Collate-1.25-4.oe1
[ 1623s] [312/540] installing perl-IO-Compress-2.081-6.oe1
[ 1625s] [313/540] installing perl-podlators-1:4.14-1.oe1
[ 1626s] [314/540] installing perl-ExtUtils-Command-1:7.60-1.oe1
[ 1628s] [315/540] installing perl-ExtUtils-Manifest-1:1.71-4.oe1
[ 1629s] [316/540] installing perl-bignum-0.50-4.oe1
[ 1631s] [317/540] installing perl-File-Temp-1:0.230.800-4.oe1
[ 1633s] [318/540] installing perl-libnet-3.11-420.oe1
[ 1635s] [319/540] installing pam-1.5.1-1.oe1
[ 1641s] [320/540] installing libpwquality-1.4.4-1.oe1
[ 1646s] [321/540] installing perl-File-HomeDir-1.004-4.oe1
[ 1647s] [322/540] installing shadow-2:4.8.1-5.oe1
[ 1651s] [323/540] installing perl-Test-Simple-2:1.302175-2.oe1
[ 1654s] [324/540] installing libutempter-1.1.6-16.oe1
[ 1658s] [325/540] installing unbound-libs-1.10.1-4.oe1
[ 1662s] [326/540] installing dbus-daemon-1:1.12.20-3.oe1
[ 1668s] [327/540] installing openssh-server-8.2p1-10.oe1
[ 1673s] Created symlink /etc/systemd/system/multi-user.target.wants/sshd.service -> /usr/lib/systemd/system/sshd.service.
[ 1673s] [328/540] installing groff-1.22.4-4.oe1
[ 1683s] [329/540] installing dbus-1:1.12.20-3.oe1
[ 1685s] [330/540] installing man-db-2.9.3-2.oe1
[ 1691s] [331/540] installing perl-Pod-Perldoc-1:3.28-3.oe1
[ 1693s] [332/540] installing gnutls-3.6.15-3.oe1
[ 1697s] [333/540] installing util-linux-2.36.1-3.oe1
[ 1707s] [334/540] installing nss-help-3.72.0-2.oe1
[ 1710s] [335/540] installing perl-Pod-Usage-4:1.69-418.oe1
[ 1712s] [336/540] installing device-mapper-8:1.02.172-1.oe1
[ 1717s] [337/540] installing openssh-8.2p1-10.oe1
[ 1721s] [338/540] installing perl-Getopt-Long-1:2.52-1.oe1
[ 1724s] [339/540] installing cryptsetup-2.3.3-3.oe1
[ 1733s] [340/540] installing device-mapper-event-8:1.02.172-1.oe1
[ 1737s] Created symlink /etc/systemd/system/sockets.target.wants/dm-event.socket -> /usr/lib/systemd/system/dm-event.socket.
[ 1737s] [341/540] installing nss-3.72.0-2.oe1
[ 1748s] [342/540] installing openssh-clients-8.2p1-10.oe1
[ 1751s] [343/540] installing nss-util-3.72.0-2.oe1
[ 1756s] [344/540] installing perl-ExtUtils-ParseXS-2:3.35-1.oe1
[ 1758s] [345/540] installing perl-Module-CoreList-1:5.20180920-2.oe1
[ 1760s] [346/540] installing perl-Digest-SHA-1:6.02-7.oe1
[ 1762s] [347/540] installing perl-Pod-Parser-1.63-397.oe1
[ 1765s] [348/540] installing perl-Pod-Simple-1:3.35-418.oe1
[ 1767s] [349/540] installing perl-Test-Harness-1:3.43_02-1.oe1
[ 1769s] [350/540] installing perl-Archive-Tar-2.30-421.oe1
[ 1772s] [351/540] installing perl-JSON-PP-1:4.04-2.oe1
[ 1774s] [352/540] installing lvm2-8:2.03.11-1.oe1
[ 1781s] Created symlink /etc/systemd/system/sysinit.target.wants/lvm2-lvmpolld.socket -> /usr/lib/systemd/system/lvm2-lvmpolld.socket.
[ 1781s] [353/540] installing autoconf-2.69-30.oe1
[ 1785s] [354/540] installing git-2.23.0-12.oe1
[ 1801s] [355/540] installing nss-softokn-3.72.0-2.oe1
[ 1804s] [356/540] installing perl-Pod-Checker-4:1.73-398.oe1
[ 1806s] [357/540] installing perl-Git-2.23.0-12.oe1
[ 1808s] [358/540] installing perl-CPAN-Meta-2.150010-419.oe1
[ 1814s] [359/540] installing perl-Module-Load-Conditional-0.68-418.oe1
[ 1815s] [360/540] installing automake-1.16.1-6.oe1
[ 1819s] [361/540] installing perl-ExtUtils-MakeMaker-1:7.60-1.oe1
[ 1832s] [362/540] installing perl-ExtUtils-Install-2.14-419.oe1
[ 1834s] [363/540] installing perl-IPC-Cmd-2:1.04-4.oe1
[ 1838s] [364/540] installing java-1.8.0-openjdk-headless-1:1.8.0.181.b15-1.1.riscv64.fc29
[ 1889s] [365/540] installing rpm-build-4.15.1-25.oe1
[ 1891s] [366/540] installing ant-lib-1.10.5-2.fc29
[ 1895s] [367/540] installing aopalliance-1.0-19.oe1
[ 1896s] [368/540] installing apache-commons-cli-1.4-6.oe1
[ 1902s] [369/540] installing apache-commons-collections-3.2.2-11.oe1
[ 1905s] [370/540] installing apache-commons-compress-1.17-6.oe1
[ 1906s] [371/540] installing apache-commons-lang-2.6-23.oe1
[ 1908s] [372/540] installing apache-commons-lang3-3.9-3.oe1
[ 1910s] [373/540] installing apache-ivy-2.4.0-17.oe1
[ 1921s] [374/540] installing apache-resource-bundles-2-23.oe1
[ 1923s] [375/540] installing atinject-1-31.oe1
[ 1924s] [376/540] installing avalon-logkit-2.1-32.oe1
[ 1926s] [377/540] installing beust-jcommander-1.71-7.oe1
[ 1927s] [378/540] installing byte-buddy-agent-1.9.5-4.fc30
[ 1929s] [379/540] installing dain-snappy-0.4-7.oe1
[ 1934s] [380/540] installing extra166y-1.7.0-11.oe1
[ 1938s] [381/540] installing felix-utils-1.10.4-4.oe1
[ 1940s] [382/540] installing geronimo-annotation-1.0-25.oe1
[ 1942s] [383/540] installing glassfish-el-api-3.0.1-0.7.b09.oe1
[ 1943s] [384/540] installing guava20-20.0-8.fc29
[ 1947s] [385/540] installing hawtjni-runtime-1.16-4.oe1
[ 1949s] [386/540] installing httpcomponents-core-4.4.10-4.oe1
[ 1965s] [387/540] installing jboss-interceptors-1.2-api-1.0.0-9.oe1
[ 1967s] [388/540] installing jdom2-2.0.6-14.oe1
[ 1969s] [389/540] installing jzlib-1.1.3-11.oe1
[ 1971s] [390/540] installing maven-monitor-2.2.1-60.oe1
[ 1972s] [391/540] installing maven-resolver-api-1:1.1.1-3.oe1
[ 1974s] [392/540] installing multiverse-0.7.0-10.oe1
[ 1982s] [393/540] installing objenesis-2.6-4.oe1
[ 1986s] [394/540] installing osgi-annotation-7.0.0-1.oe1
[ 1988s] [395/540] installing osgi-core-7.0.0-1.oe1
[ 1990s] [396/540] installing plexus-cipher-1.7-16.oe1
[ 1992s] [397/540] installing plexus-classworlds-2.5.2-10.oe1
[ 1995s] [398/540] installing plexus-containers-component-annotations-1.7.1-7.oe1
[ 1996s] [399/540] installing plexus-interpolation-1.22-11.oe1
[ 1997s] [400/540] installing plexus-utils-3.1.0-4.oe1
[ 1999s] [401/540] installing qdox-2.0-5.M9.oe1
[ 2001s] [402/540] installing slf4j-1.7.25-8.oe1
[ 2002s] [403/540] installing xml-commons-apis-1.4.01-29.oe1
[ 2013s] [404/540] installing xmvn-api-3.0.0-25.oe1
[ 2015s] [405/540] installing xmvn-core-3.0.0-25.oe1
[ 2017s] [406/540] installing xpp3-1.1.4-21.oe1
[ 2019s] [407/540] installing xz-java-1.8-4.oe1
[ 2022s] [408/540] installing ecj-1:4.9-1.fc29
[ 2027s] [409/540] installing netty-tcnative-1.1.33-1.oe1
[ 2029s] [410/540] installing antlr-tool-2.7.7-60.oe1
[ 2031s] [411/540] installing javapackages-tools-5.3.0-3.oe1
[ 2033s] [412/540] installing gcc_secure-1.0-0.9.oe1
[ 2036s] [413/540] installing perl-File-Fetch-0.56-4.oe1
[ 2038s] [414/540] installing perl-devel-4:5.28.0-435.oe1
[ 2052s] [415/540] installing java-1.8.0-openjdk-1:1.8.0.181.b15-1.1.riscv64.fc29
[ 2055s] [416/540] installing apache-commons-codec-1.11-4.fc29
[ 2057s] [417/540] installing apache-commons-logging-1.2-14.fc29
[ 2059s] [418/540] installing osgi-compendium-6.0.0-6.fc29
[ 2061s] [419/540] installing avalon-framework-4.3-22.oe1
[ 2063s] [420/540] installing jansi-native-1.7-7.oe1
[ 2066s] [421/540] installing jcsp-1.1-0.13.oe1
[ 2080s] [422/540] installing kxml-2.3.0-19.oe1
[ 2081s] [423/540] installing maven-artifact-2.2.1-60.oe1
[ 2083s] [424/540] installing maven-model-2.2.1-60.oe1
[ 2085s] [425/540] installing maven-resolver-spi-1:1.1.1-3.oe1
[ 2087s] [426/540] installing maven-resolver-util-1:1.1.1-3.oe1
[ 2089s] [427/540] installing maven-wagon-provider-api-3.1.0-2.oe1
[ 2091s] [428/540] installing plexus-build-api-0.0.7-23.oe1
[ 2092s] [429/540] installing plexus-component-api-1.0-0.25.alpha16.oe1
[ 2094s] [430/540] installing xstream-1.4.9-8.fc29
[ 2096s] [431/540] installing log4j12-1.2.17-23.fc29
[ 2098s] [432/540] installing maven-invoker-2.2-9.oe1
[ 2100s] [433/540] installing netty3-3.10.6-5.fc29
[ 2103s] [434/540] installing objectweb-asm-7.0-1.oe1
[ 2105s] [435/540] installing plexus-sec-dispatcher-1.4-26.oe1
[ 2108s] [436/540] installing velocity-1.7-26.oe1
[ 2111s] [437/540] installing xml-commons-resolver-1.2-27.oe1
[ 2112s] [438/540] installing xmvn-connector-aether-3.0.0-25.oe1
[ 2115s] [439/540] installing cdi-api-1.2-9.oe1
[ 2116s] [440/540] installing google-guice-4.1-13.oe1
[ 2118s] [441/540] installing xmvn-resolve-3.0.0-25.oe1
[ 2120s] [442/540] installing xmvn-subst-3.0.0-25.oe1
[ 2121s] [443/540] installing java-1.8.0-openjdk-devel-1:1.8.0.181.b15-1.1.riscv64.fc29
[ 2139s] [444/540] installing bsf-2.4.0-32.oe1
[ 2141s] [445/540] installing byte-buddy-1.9.5-4.fc30
[ 2148s] [446/540] installing cglib-3.2.4-8.fc29
[ 2151s] [447/540] installing fontbox-2.0.9-2.fc29
[ 2155s] [448/540] installing apache-commons-configuration-1.10-13.oe1
[ 2157s] [449/540] installing jakarta-commons-httpclient-1:3.1-30.oe1
[ 2167s] [450/540] installing jansi-1.17.1-2.oe1
[ 2169s] [451/540] installing maven-dependency-tree-3.0-7.oe1
[ 2170s] [452/540] installing plexus-interactivity-api-1.0-0.27.alpha6.fc29
[ 2172s] [453/540] installing plexus-languages-0.9.10-4.oe1
[ 2174s] [454/540] installing felix-bundlerepository-2.0.10-6.oe1
[ 2176s] [455/540] installing maven-resolver-impl-1:1.1.1-3.oe1
[ 2178s] [456/540] installing xmvn-mojo-3.0.0-25.oe1
[ 2180s] [457/540] installing aqute-bndlib-3.5.0-4.fc29
[ 2183s] [458/540] installing httpcomponents-client-4.5.5-6.oe1
[ 2186s] [459/540] installing sisu-inject-1:0.3.3-5.oe1
[ 2194s] [460/540] installing xerces-j2-2.11.0-37.oe1
[ 2197s] [461/540] installing xmvn-install-3.0.0-25.oe1
[ 2198s] [462/540] installing jline-2.14.6-4.oe1
[ 2206s] [463/540] installing httpcomponents-client-cache-4.5.5-6.oe1
[ 2211s] [464/540] installing easymock-3.5-4.fc29
[ 2213s] [465/540] installing mockito-2.23.9-3.fc30
[ 2216s] [466/540] installing xalan-j2-2.7.1-38.fc29
[ 2221s] [467/540] installing javapackages-local-5.3.0-3.oe1
[ 2224s] [468/540] installing groovy-lib-2.4.8-7.fc29
[ 2237s] [469/540] installing hamcrest-1.3-25.oe1
[ 2238s] [470/540] installing bsh-2.0-15.b6.oe1
[ 2241s] [471/540] installing gpars-1.2.1-12.fc29
[ 2243s] [472/540] installing scala-2.10.6-14.fc29
[ 2265s] [473/540] installing xbean-4.9-3.oe1
[ 2275s] [474/540] installing junit-1:4.12-14.oe1
[ 2277s] [475/540] installing parboiled-1.1.6-17.oe1
[ 2279s] [476/540] installing plexus-containers-container-default-1.7.1-7.oe1
[ 2280s] [477/540] installing apache-commons-io-1:2.6-7.oe1
[ 2282s] [478/540] installing maven-doxia-logging-api-1.7-12.oe1
[ 2284s] [479/540] installing pegdown-1.4.2-14.oe1
[ 2287s] [480/540] installing maven-plugin-registry-2.2.1-60.oe1
[ 2290s] [481/540] installing plexus-i18n-1.0-0.12.b10.6.oe1
[ 2291s] [482/540] installing plexus-resources-1.0-0.25.a7.oe1
[ 2293s] [483/540] installing plexus-cli-1.6-9.oe1
[ 2294s] [484/540] installing plexus-velocity-1.2-6.oe1
[ 2296s] [485/540] installing xmlunit-1.6-10.oe1
[ 2299s] [486/540] installing maven-profile-2.2.1-60.oe1
[ 2301s] [487/540] installing maven-settings-2.2.1-60.oe1
[ 2302s] [488/540] installing maven-doxia-sink-api-1.7-12.oe1
[ 2303s] [489/540] installing maven-shared-utils-3.2.1-2.oe1
[ 2305s] [490/540] installing plexus-io-3.0.0-4.oe1
[ 2307s] [491/540] installing xmlgraphics-commons-2.2-3.oe1
[ 2319s] [492/540] installing maven-reporting-api-3.0-17.oe1
[ 2322s] [493/540] installing maven-verifier-1.6-8.oe1
[ 2324s] [494/540] installing batik-1.10-2.fc29
[ 2333s] [495/540] installing plexus-archiver-3.6.0-3.oe1
[ 2339s] [496/540] installing maven-doxia-core-1.7-12.oe1
[ 2341s] [497/540] installing maven-lib-1:3.5.4-8.oe1
[ 2344s] [498/540] installing maven-artifact-resolver-1:1.0-21.oe1
[ 2346s] [499/540] installing batik-css-1.10-2.fc29
[ 2348s] [500/540] installing maven-common-artifact-filters-3.0.1-7.oe1
[ 2352s] [501/540] installing maven-enforcer-api-1.4.1-11.oe1
[ 2353s] [502/540] installing maven-plugin-testing-harness-3.3.0-14.oe1
[ 2355s] [503/540] installing maven-shared-incremental-1.1-16.oe1
[ 2358s] [504/540] installing maven-doxia-module-apt-1.7-12.oe1
[ 2359s] [505/540] installing maven-doxia-module-fml-1.7-12.oe1
[ 2361s] [506/540] installing maven-doxia-module-xdoc-1.7-12.oe1
[ 2362s] [507/540] installing maven-doxia-module-xhtml-1.7-12.oe1
[ 2363s] [508/540] installing maven-artifact-manager-2.2.1-60.oe1
[ 2368s] [509/540] installing maven-filtering-3.1.1-7.oe1
[ 2371s] [510/540] installing maven-archiver-3.2.0-5.oe1
[ 2376s] [511/540] installing fop-2.2-2.fc29
[ 2383s] [512/540] installing xmvn-minimal-3.0.0-25.oe1
[ 2386s] [513/540] installing maven-jar-plugin-3.1.0-3.oe1
[ 2388s] [514/540] installing maven-resources-plugin-3.1.0-4.oe1
[ 2391s] [515/540] installing maven-doxia-module-markdown-1.7-12.oe1
[ 2393s] [516/540] installing maven-artifact-transfer-1:0.9.0-7.oe1
[ 2395s] [517/540] installing maven-doxia-module-fo-1.7-12.oe1
[ 2396s] [518/540] installing maven-project-2.2.1-60.oe1
[ 2398s] [519/540] installing maven-plugin-build-helper-1.9.1-10.oe1
[ 2400s] [520/540] installing maven-enforcer-rules-1.4.1-11.oe1
[ 2401s] [521/540] installing plexus-containers-component-metadata-1.7.1-7.oe1
[ 2403s] [522/540] installing maven-remote-resources-plugin-1.5-4.oe1
[ 2405s] [523/540] installing maven-doxia-sitetools-1.7.5-5.oe1
[ 2410s] [524/540] installing maven-enforcer-plugin-1.4.1-11.oe1
[ 2412s] [525/540] installing maven-reporting-impl-3.0.0-5.oe1
[ 2414s] [526/540] installing maven-javadoc-plugin-3.0.1-3.oe1
[ 2417s] [527/540] installing plexus-pom-5.0-4.oe1
[ 2419s] [528/540] installing apache-parent-19-5.oe1
[ 2421s] [529/540] installing maven-plugin-bundle-3.5.0-5.oe1
[ 2423s] [530/540] installing maven-parent-27-7.oe1
[ 2424s] [531/540] installing httpcomponents-project-9-1.oe1
[ 2426s] [532/540] installing plexus-components-pom-1.3.1-14.oe1
[ 2428s] [533/540] installing plexus-compiler-2.8.2-4.oe1
[ 2432s] [534/540] installing maven-plugin-tools-3.5.1-7.oe1
[ 2439s] [535/540] installing maven-compiler-plugin-3.8.0-2.oe1
[ 2441s] [536/540] installing maven-surefire-2.22.0-6.oe1
[ 2446s] [537/540] installing maven-surefire-plugin-2.22.0-6.oe1
[ 2447s] [538/540] installing maven-surefire-provider-junit-2.22.0-6.oe1
[ 2449s] [539/540] installing maven-surefire-provider-testng-2.22.0-6.oe1
[ 2451s] [540/540] installing maven-local-5.3.0-3.oe1
[ 2452s] removing nis flags from /var/cache/obs/worker/root_2/etc/nsswitch.conf...
[ 2453s] now finalizing build dir...
[ 2468s] Running build time source services...
[ 2492s] -----------------------------------------------------------------
[ 2492s] ----- building httpcomponents-asyncclient.spec (user abuild)
[ 2492s] -----------------------------------------------------------------
[ 2492s] -----------------------------------------------------------------
[ 2503s] + exec rpmbuild -ba --define '_srcdefattr (-,root,root)' --nosignature --define 'disturl obs://private/openEuler:Mainline:RISC-V/advanced_riscv64/a2ea798408539ffd70c54fa52e4a9f91-httpcomponents-asyncclient' /home/abuild/rpmbuild/SOURCES/httpcomponents-asyncclient.spec
[ 2504s] Executing(%prep): /bin/sh -e /var/tmp/rpm-tmp.T8lMLm
[ 2504s] + umask 022
[ 2504s] + cd /home/abuild/rpmbuild/BUILD
[ 2504s] + cd /home/abuild/rpmbuild/BUILD
[ 2504s] + rm -rf httpcomponents-asyncclient-4.1.2
[ 2505s] + /usr/bin/gzip -dc /home/abuild/rpmbuild/SOURCES/httpcomponents-asyncclient-4.1.2-src.tar.gz
[ 2505s] + /usr/bin/tar -xof -
[ 2505s] + STATUS=0
[ 2505s] + '[' 0 -ne 0 ']'
[ 2505s] + cd httpcomponents-asyncclient-4.1.2
[ 2505s] + /usr/bin/chmod -Rf a+rX,u+w,g-w,o-w .
[ 2505s] + find . -name '*.class' -delete
[ 2506s] + find . -name '*.jar' -type f -delete
[ 2506s] + /usr/bin/python3 /usr/share/java-utils/pom_editor.py pom_remove_plugin :maven-checkstyle-plugin
[ 2510s] + /usr/bin/python3 /usr/share/java-utils/pom_editor.py pom_remove_plugin :maven-site-plugin
[ 2512s] + /usr/bin/python3 /usr/share/java-utils/pom_editor.py pom_remove_plugin :maven-source-plugin
[ 2515s] + /usr/bin/python3 /usr/share/java-utils/pom_editor.py pom_remove_plugin :clirr-maven-plugin
[ 2519s] + /usr/bin/python3 /usr/share/java-utils/pom_editor.py pom_disable_module httpasyncclient-osgi
[ 2522s] + /usr/bin/python3 /usr/share/java-utils/pom_editor.py pom_remove_plugin -r :apache-rat-plugin
[ 2525s] + /usr/bin/python3 /usr/share/java-utils/pom_editor.py pom_xpath_remove 'pom:dependency[pom:type = '\''test-jar'\'']' httpasyncclient-cache
[ 2528s] + /usr/bin/python3 /usr/share/java-utils/pom_editor.py pom_xpath_remove 'pom:dependency[pom:scope = '\''test'\'']' httpasyncclient-cache
[ 2531s] + rm -r httpasyncclient-cache/src/test/java
[ 2532s] + rm -f httpasyncclient/src/test/java/org/apache/http/impl/nio/conn/TestPoolingHttpClientAsyncConnectionManager.java
[ 2532s] + rm -f httpasyncclient/src/test/java/org/apache/http/nio/client/integration/TestHttpAsyncPrematureTermination.java
[ 2532s] + for p in httpasyncclient httpasyncclient-cache
[ 2532s] + /usr/bin/python3 /usr/share/java-utils/pom_editor.py pom_xpath_set pom:project/pom:packaging bundle httpasyncclient
[ 2535s] + /usr/bin/python3 /usr/share/java-utils/pom_editor.py pom_add_plugin org.apache.felix:maven-bundle-plugin:2.3.7 httpasyncclient '
[ 2535s] 
[ 2535s]  <extensions>true</extensions>
[ 2535s]  <configuration>
[ 2535s]   <instructions>
[ 2535s]     <Export-Package>*</Export-Package>
[ 2535s]   </instructions>
[ 2535s]   <excludeDependencies>true</excludeDependencies>
[ 2535s]  </configuration>'
[ 2537s] + for p in httpasyncclient httpasyncclient-cache
[ 2537s] + /usr/bin/python3 /usr/share/java-utils/pom_editor.py pom_xpath_set pom:project/pom:packaging bundle httpasyncclient-cache
[ 2540s] + /usr/bin/python3 /usr/share/java-utils/pom_editor.py pom_add_plugin org.apache.felix:maven-bundle-plugin:2.3.7 httpasyncclient-cache '
[ 2540s] 
[ 2540s]  <extensions>true</extensions>
[ 2540s]  <configuration>
[ 2540s]   <instructions>
[ 2540s]     <Export-Package>*</Export-Package>
[ 2540s]   </instructions>
[ 2540s]   <excludeDependencies>true</excludeDependencies>
[ 2540s]  </configuration>'
[ 2543s] + /usr/bin/python3 /usr/share/java-utils/mvn_file.py org.apache.httpcomponents:httpasyncclient httpasyncclient
[ 2546s] + /usr/bin/python3 /usr/share/java-utils/mvn_file.py org.apache.httpcomponents:httpasyncclient-cache httpasyncclient-cache
[ 2551s] + RPM_EC=0
[ 2551s] ++ jobs -p
[ 2551s] + exit 0
[ 2551s] Executing(%build): /bin/sh -e /var/tmp/rpm-tmp.BFpCLK
[ 2551s] + umask 022
[ 2551s] + cd /home/abuild/rpmbuild/BUILD
[ 2551s] + cd httpcomponents-asyncclient-4.1.2
[ 2551s] + /usr/bin/python3 /usr/share/java-utils/mvn_build.py -s -- -Dproject.build.sourceEncoding=UTF-8
[ 2554s] Executing: xmvn --batch-mode --offline -Dproject.build.sourceEncoding=UTF-8 verify org.fedoraproject.xmvn:xmvn-mojo:install org.apache.maven.plugins:maven-javadoc-plugin:aggregate org.fedoraproject.xmvn:xmvn-mojo:builddep
[ 2554s] ['xmvn', '--batch-mode', '--offline', '-Dproject.build.sourceEncoding=UTF-8', 'verify', 'org.fedoraproject.xmvn:xmvn-mojo:install', 'org.apache.maven.plugins:maven-javadoc-plugin:aggregate', 'org.fedoraproject.xmvn:xmvn-mojo:builddep']
[ 2652s] [INFO] Scanning for projects...
[ 2761s] [WARNING] 
[ 2761s] [WARNING] Some problems were encountered while building the effective model for org.apache.httpcomponents:httpcomponents-asyncclient:pom:4.1.2
[ 2761s] [WARNING] 'build.pluginManagement.plugins.plugin.(groupId:artifactId)' must be unique but found duplicate declaration of plugin org.apache.maven.plugins:maven-project-info-reports-plugin @ org.apache.httpcomponents:httpcomponents-parent:9, /usr/share/maven-poms/httpcomponents-project.pom, line 629, column 17
[ 2761s] [WARNING] 
[ 2762s] [WARNING] It is highly recommended to fix these problems because they threaten the stability of your build.
[ 2762s] [WARNING] 
[ 2762s] [WARNING] For this reason, future Maven versions might no longer support building such malformed projects.
[ 2762s] [WARNING] 
[ 2762s] [INFO] ------------------------------------------------------------------------
[ 2762s] [INFO] Reactor Build Order:
[ 2762s] [INFO] 
[ 2762s] [INFO] Apache HttpComponents AsyncClient                                  [pom]
[ 2762s] [INFO] Apache HttpAsyncClient                                          [bundle]
[ 2763s] [INFO] Apache HttpAsyncClient Cache                                    [bundle]
[ 2793s] [INFO] 
[ 2793s] [INFO] --------< org.apache.httpcomponents:httpcomponents-asyncclient >--------
[ 2793s] [INFO] Building Apache HttpComponents AsyncClient 4.1.2                   [1/3]
[ 2793s] [INFO] --------------------------------[ pom ]---------------------------------
[ 2801s] [INFO] 
[ 2801s] [INFO] --- maven-enforcer-plugin:1.4.1:enforce (enforce-maven-version) @ httpcomponents-asyncclient ---
[ 2838s] [INFO] 
[ 2838s] [INFO] --- build-helper-maven-plugin:1.9.1:parse-version (parse-version) @ httpcomponents-asyncclient ---
[ 2853s] [INFO] 
[ 2853s] [INFO] --- maven-remote-resources-plugin:1.5:process (process-resource-bundles) @ httpcomponents-asyncclient ---
[ 2879s] [INFO] 
[ 2879s] [INFO] -------------< org.apache.httpcomponents:httpasyncclient >--------------
[ 2879s] [INFO] Building Apache HttpAsyncClient 4.1.2                              [2/3]
[ 2879s] [INFO] -------------------------------[ bundle ]-------------------------------
[ 2899s] [INFO] 
[ 2899s] [INFO] --- maven-enforcer-plugin:1.4.1:enforce (enforce-maven-version) @ httpasyncclient ---
[ 2926s] [INFO] 
[ 2927s] [INFO] --- build-helper-maven-plugin:1.9.1:parse-version (parse-version) @ httpasyncclient ---
[ 2936s] [INFO] 
[ 2936s] [INFO] --- build-helper-maven-plugin:1.9.1:add-source (add-source) @ httpasyncclient ---
[ 2936s] [INFO] Source directory: /home/abuild/rpmbuild/BUILD/httpcomponents-asyncclient-4.1.2/httpasyncclient/src/main/java-deprecated added.
[ 2936s] [INFO] 
[ 2937s] [INFO] --- maven-remote-resources-plugin:1.5:process (process-resource-bundles) @ httpasyncclient ---
[ 2971s] [INFO] 
[ 2971s] [INFO] --- maven-resources-plugin:3.1.0:resources (default-resources) @ httpasyncclient ---
[ 2980s] [INFO] Using 'UTF-8' encoding to copy filtered resources.
[ 2980s] [INFO] Copying 1 resource
[ 2982s] [INFO] Copying 5 resources
[ 2982s] [INFO] 
[ 2982s] [INFO] --- maven-compiler-plugin:3.8.0:compile (default-compile) @ httpasyncclient ---
[ 2998s] [INFO] Changes detected - recompiling the module!
[ 2999s] [INFO] Compiling 76 source files to /home/abuild/rpmbuild/BUILD/httpcomponents-asyncclient-4.1.2/httpasyncclient/target/classes
[ 3246s] [WARNING] bootstrap class path not set in conjunction with -source 1.6
[ 3247s] [WARNING] /home/abuild/rpmbuild/BUILD/httpcomponents-asyncclient-4.1.2/httpasyncclient/src/main/java-deprecated/org/apache/http/impl/nio/client/AbstractHttpAsyncClient.java:[43,28] org.apache.http.auth.AuthSchemeRegistry in org.apache.http.auth has been deprecated
[ 3247s] [WARNING] /home/abuild/rpmbuild/BUILD/httpcomponents-asyncclient-4.1.2/httpasyncclient/src/main/java-deprecated/org/apache/http/impl/nio/client/AbstractHttpAsyncClient.java:[51,37] org.apache.http.client.params.AuthPolicy in org.apache.http.client.params has been deprecated
[ 3247s] [WARNING] /home/abuild/rpmbuild/BUILD/httpcomponents-asyncclient-4.1.2/httpasyncclient/src/main/java-deprecated/org/apache/http/impl/nio/client/AbstractHttpAsyncClient.java:[52,37] org.apache.http.client.params.CookiePolicy in org.apache.http.client.params has been deprecated
[ 3247s] [WARNING] /home/abuild/rpmbuild/BUILD/httpcomponents-asyncclient-4.1.2/httpasyncclient/src/main/java-deprecated/org/apache/http/impl/nio/client/AbstractHttpAsyncClient.java:[53,39] org.apache.http.client.protocol.ClientContext in org.apache.http.client.protocol has been deprecated
[ 3247s] [WARNING] /home/abuild/rpmbuild/BUILD/httpcomponents-asyncclient-4.1.2/httpasyncclient/src/main/java-deprecated/org/apache/http/impl/nio/client/AbstractHttpAsyncClient.java:[59,30] org.apache.http.cookie.CookieSpecRegistry in org.apache.http.cookie has been deprecated
[ 3248s] [WARNING] /home/abuild/rpmbuild/BUILD/httpcomponents-asyncclient-4.1.2/httpasyncclient/src/main/java-deprecated/org/apache/http/impl/nio/client/AbstractHttpAsyncClient.java:[73,35] org.apache.http.impl.cookie.BestMatchSpecFactory in org.apache.http.impl.cookie has been deprecated
[ 3248s] [WARNING] /home/abuild/rpmbuild/BUILD/httpcomponents-asyncclient-4.1.2/httpasyncclient/src/main/java-deprecated/org/apache/http/impl/nio/client/AbstractHttpAsyncClient.java:[74,35] org.apache.http.impl.cookie.BrowserCompatSpecFactory in org.apache.http.impl.cookie has been deprecated
[ 3248s] [WARNING] /home/abuild/rpmbuild/BUILD/httpcomponents-asyncclient-4.1.2/httpasyncclient/src/main/java-deprecated/org/apache/http/impl/nio/client/AbstractHttpAsyncClient.java:[75,35] org.apache.http.impl.cookie.IgnoreSpecFactory in org.apache.http.impl.cookie has been deprecated
[ 3248s] [WARNING] /home/abuild/rpmbuild/BUILD/httpcomponents-asyncclient-4.1.2/httpasyncclient/src/main/java-deprecated/org/apache/http/impl/nio/client/AbstractHttpAsyncClient.java:[76,35] org.apache.http.impl.cookie.NetscapeDraftSpecFactory in org.apache.http.impl.cookie has been deprecated
[ 3248s] [WARNING] /home/abuild/rpmbuild/BUILD/httpcomponents-asyncclient-4.1.2/httpasyncclient/src/main/java-deprecated/org/apache/http/impl/nio/client/AbstractHttpAsyncClient.java:[77,35] org.apache.http.impl.cookie.RFC2109SpecFactory in org.apache.http.impl.cookie has been deprecated
[ 3248s] [WARNING] /home/abuild/rpmbuild/BUILD/httpcomponents-asyncclient-4.1.2/httpasyncclient/src/main/java-deprecated/org/apache/http/impl/nio/client/AbstractHttpAsyncClient.java:[78,35] org.apache.http.impl.cookie.RFC2965SpecFactory in org.apache.http.impl.cookie has been deprecated
[ 3249s] [WARNING] /home/abuild/rpmbuild/BUILD/httpcomponents-asyncclient-4.1.2/httpasyncclient/src/main/java-deprecated/org/apache/http/impl/nio/client/AbstractHttpAsyncClient.java:[87,36] org.apache.http.nio.protocol.HttpAsyncRequestExecutionHandler in org.apache.http.nio.protocol has been deprecated
[ 3249s] [WARNING] /home/abuild/rpmbuild/BUILD/httpcomponents-asyncclient-4.1.2/httpasyncclient/src/main/java-deprecated/org/apache/http/impl/nio/client/AbstractHttpAsyncClient.java:[94,30] org.apache.http.params.HttpParams in org.apache.http.params has been deprecated
[ 3249s] [WARNING] /home/abuild/rpmbuild/BUILD/httpcomponents-asyncclient-4.1.2/httpasyncclient/src/main/java-deprecated/org/apache/http/impl/nio/client/AbstractHttpAsyncClient.java:[96,32] org.apache.http.protocol.BasicHttpProcessor in org.apache.http.protocol has been deprecated
[ 3249s] [WARNING] /home/abuild/rpmbuild/BUILD/httpcomponents-asyncclient-4.1.2/httpasyncclient/src/main/java-deprecated/org/apache/http/impl/nio/client/AbstractHttpAsyncClient.java:[97,32] org.apache.http.protocol.DefaultedHttpContext in org.apache.http.protocol has been deprecated
[ 3249s] [WARNING] /home/abuild/rpmbuild/BUILD/httpcomponents-asyncclient-4.1.2/httpasyncclient/src/main/java-deprecated/org/apache/http/nio/conn/ManagedClientAsyncConnection.java:[34,28] org.apache.http.conn.HttpRoutedConnection in org.apache.http.conn has been deprecated
[ 3249s] [WARNING] /home/abuild/rpmbuild/BUILD/httpcomponents-asyncclient-4.1.2/httpasyncclient/src/main/java-deprecated/org/apache/http/nio/conn/ManagedClientAsyncConnection.java:[37,30] org.apache.http.params.HttpParams in org.apache.http.params has been deprecated
[ 3249s] [WARNING] /home/abuild/rpmbuild/BUILD/httpcomponents-asyncclient-4.1.2/httpasyncclient/src/main/java-deprecated/org/apache/http/nio/conn/ClientAsyncConnectionFactory.java:[30,30] org.apache.http.params.HttpParams in org.apache.http.params has been deprecated
[ 3250s] [WARNING] /home/abuild/rpmbuild/BUILD/httpcomponents-asyncclient-4.1.2/httpasyncclient/src/main/java-deprecated/org/apache/http/impl/nio/client/ParamConfig.java:[31,35] org.apache.http.auth.params.AuthPNames in org.apache.http.auth.params has been deprecated
[ 3250s] [WARNING] /home/abuild/rpmbuild/BUILD/httpcomponents-asyncclient-4.1.2/httpasyncclient/src/main/java-deprecated/org/apache/http/impl/nio/client/ParamConfig.java:[33,37] org.apache.http.client.params.ClientPNames in org.apache.http.client.params has been deprecated
[ 3250s] [WARNING] /home/abuild/rpmbuild/BUILD/httpcomponents-asyncclient-4.1.2/httpasyncclient/src/main/java-deprecated/org/apache/http/impl/nio/client/ParamConfig.java:[34,37] org.apache.http.client.params.HttpClientParams in org.apache.http.client.params has been deprecated
[ 3250s] [WARNING] /home/abuild/rpmbuild/BUILD/httpcomponents-asyncclient-4.1.2/httpasyncclient/src/main/java-deprecated/org/apache/http/impl/nio/client/ParamConfig.java:[35,35] org.apache.http.conn.params.ConnRouteParams in org.apache.http.conn.params has been deprecated
[ 3251s] [WARNING] /home/abuild/rpmbuild/BUILD/httpcomponents-asyncclient-4.1.2/httpasyncclient/src/main/java-deprecated/org/apache/http/impl/nio/client/ParamConfig.java:[36,30] org.apache.http.params.HttpConnectionParams in org.apache.http.params has been deprecated
[ 3251s] [WARNING] /home/abuild/rpmbuild/BUILD/httpcomponents-asyncclient-4.1.2/httpasyncclient/src/main/java-deprecated/org/apache/http/impl/nio/client/ParamConfig.java:[37,30] org.apache.http.params.HttpParams in org.apache.http.params has been deprecated
[ 3251s] [WARNING] /home/abuild/rpmbuild/BUILD/httpcomponents-asyncclient-4.1.2/httpasyncclient/src/main/java-deprecated/org/apache/http/impl/nio/client/ParamConfig.java:[38,30] org.apache.http.params.HttpProtocolParams in org.apache.http.params has been deprecated
[ 3251s] [WARNING] /home/abuild/rpmbuild/BUILD/httpcomponents-asyncclient-4.1.2/httpasyncclient/src/main/java-deprecated/org/apache/http/impl/nio/conn/ManagedClientAsyncConnectionImpl.java:[40,39] org.apache.http.client.protocol.ClientContext in org.apache.http.client.protocol has been deprecated
[ 3251s] [WARNING] /home/abuild/rpmbuild/BUILD/httpcomponents-asyncclient-4.1.2/httpasyncclient/src/main/java-deprecated/org/apache/http/impl/nio/conn/ManagedClientAsyncConnectionImpl.java:[44,32] org.apache.http.nio.conn.ClientAsyncConnection in org.apache.http.nio.conn has been deprecated
[ 3252s] [WARNING] /home/abuild/rpmbuild/BUILD/httpcomponents-asyncclient-4.1.2/httpasyncclient/src/main/java-deprecated/org/apache/http/impl/nio/conn/ManagedClientAsyncConnectionImpl.java:[45,32] org.apache.http.nio.conn.ClientAsyncConnectionFactory in org.apache.http.nio.conn has been deprecated
[ 3252s] [WARNING] /home/abuild/rpmbuild/BUILD/httpcomponents-asyncclient-4.1.2/httpasyncclient/src/main/java-deprecated/org/apache/http/impl/nio/conn/ManagedClientAsyncConnectionImpl.java:[46,32] org.apache.http.nio.conn.ClientAsyncConnectionManager in org.apache.http.nio.conn has been deprecated
[ 3252s] [WARNING] /home/abuild/rpmbuild/BUILD/httpcomponents-asyncclient-4.1.2/httpasyncclient/src/main/java-deprecated/org/apache/http/impl/nio/conn/ManagedClientAsyncConnectionImpl.java:[47,32] org.apache.http.nio.conn.ManagedClientAsyncConnection in org.apache.http.nio.conn has been deprecated
[ 3252s] [WARNING] /home/abuild/rpmbuild/BUILD/httpcomponents-asyncclient-4.1.2/httpasyncclient/src/main/java-deprecated/org/apache/http/impl/nio/conn/ManagedClientAsyncConnectionImpl.java:[48,39] org.apache.http.nio.conn.scheme.AsyncScheme in org.apache.http.nio.conn.scheme has been deprecated
[ 3253s] [WARNING] /home/abuild/rpmbuild/BUILD/httpcomponents-asyncclient-4.1.2/httpasyncclient/src/main/java-deprecated/org/apache/http/impl/nio/conn/ManagedClientAsyncConnectionImpl.java:[49,39] org.apache.http.nio.conn.scheme.AsyncSchemeRegistry in org.apache.http.nio.conn.scheme has been deprecated
[ 3253s] [WARNING] /home/abuild/rpmbuild/BUILD/httpcomponents-asyncclient-4.1.2/httpasyncclient/src/main/java-deprecated/org/apache/http/impl/nio/conn/ManagedClientAsyncConnectionImpl.java:[50,39] org.apache.http.nio.conn.scheme.LayeringStrategy in org.apache.http.nio.conn.scheme has been deprecated
[ 3253s] [WARNING] /home/abuild/rpmbuild/BUILD/httpcomponents-asyncclient-4.1.2/httpasyncclient/src/main/java-deprecated/org/apache/http/impl/nio/conn/ManagedClientAsyncConnectionImpl.java:[54,30] org.apache.http.params.HttpParams in org.apache.http.params has been deprecated
[ 3253s] [WARNING] /home/abuild/rpmbuild/BUILD/httpcomponents-asyncclient-4.1.2/httpasyncclient/src/main/java-deprecated/org/apache/http/impl/nio/conn/HttpPoolEntry.java:[36,32] org.apache.http.nio.conn.ClientAsyncConnection in org.apache.http.nio.conn has been deprecated
[ 3254s] [WARNING] /home/abuild/rpmbuild/BUILD/httpcomponents-asyncclient-4.1.2/httpasyncclient/src/main/java-deprecated/org/apache/http/impl/nio/conn/DefaultClientAsyncConnection.java:[36,32] org.apache.http.nio.conn.ClientAsyncConnection in org.apache.http.nio.conn has been deprecated
[ 3254s] [WARNING] /home/abuild/rpmbuild/BUILD/httpcomponents-asyncclient-4.1.2/httpasyncclient/src/main/java-deprecated/org/apache/http/impl/nio/conn/DefaultClientAsyncConnection.java:[39,30] org.apache.http.params.HttpParams in org.apache.http.params has been deprecated
[ 3254s] [WARNING] /home/abuild/rpmbuild/BUILD/httpcomponents-asyncclient-4.1.2/httpasyncclient/src/main/java-deprecated/org/apache/http/impl/nio/conn/DefaultClientAsyncConnectionFactory.java:[44,32] org.apache.http.nio.conn.ClientAsyncConnection in org.apache.http.nio.conn has been deprecated
[ 3254s] [WARNING] /home/abuild/rpmbuild/BUILD/httpcomponents-asyncclient-4.1.2/httpasyncclient/src/main/java-deprecated/org/apache/http/impl/nio/conn/DefaultClientAsyncConnectionFactory.java:[45,32] org.apache.http.nio.conn.ClientAsyncConnectionFactory in org.apache.http.nio.conn has been deprecated
[ 3255s] [WARNING] /home/abuild/rpmbuild/BUILD/httpcomponents-asyncclient-4.1.2/httpasyncclient/src/main/java-deprecated/org/apache/http/impl/nio/conn/DefaultClientAsyncConnectionFactory.java:[52,30] org.apache.http.params.HttpParams in org.apache.http.params has been deprecated
[ 3255s] [WARNING] /home/abuild/rpmbuild/BUILD/httpcomponents-asyncclient-4.1.2/httpasyncclient/src/main/java-deprecated/org/apache/http/impl/nio/conn/HttpNIOConnPool.java:[37,39] org.apache.http.nio.conn.scheme.AsyncScheme in org.apache.http.nio.conn.scheme has been deprecated
[ 3255s] [WARNING] /home/abuild/rpmbuild/BUILD/httpcomponents-asyncclient-4.1.2/httpasyncclient/src/main/java-deprecated/org/apache/http/impl/nio/conn/HttpNIOConnPool.java:[38,39] org.apache.http.nio.conn.scheme.AsyncSchemeRegistry in org.apache.http.nio.conn.scheme has been deprecated
[ 3255s] [WARNING] /home/abuild/rpmbuild/BUILD/httpcomponents-asyncclient-4.1.2/httpasyncclient/src/main/java-deprecated/org/apache/http/impl/nio/client/DefaultResultCallback.java:[32,36] org.apache.http.nio.protocol.HttpAsyncRequestExecutionHandler in org.apache.http.nio.protocol has been deprecated
[ 3255s] [WARNING] /home/abuild/rpmbuild/BUILD/httpcomponents-asyncclient-4.1.2/httpasyncclient/src/main/java-deprecated/org/apache/http/impl/nio/client/ResultCallback.java:[29,36] org.apache.http.nio.protocol.HttpAsyncRequestExecutionHandler in org.apache.http.nio.protocol has been deprecated
[ 3255s] [WARNING] /home/abuild/rpmbuild/BUILD/httpcomponents-asyncclient-4.1.2/httpasyncclient/src/main/java-deprecated/org/apache/http/impl/nio/conn/DefaultHttpAsyncRoutePlanner.java:[35,39] org.apache.http.client.protocol.ClientContext in org.apache.http.client.protocol has been deprecated
[ 3256s] [WARNING] /home/abuild/rpmbuild/BUILD/httpcomponents-asyncclient-4.1.2/httpasyncclient/src/main/java-deprecated/org/apache/http/impl/nio/conn/DefaultHttpAsyncRoutePlanner.java:[36,35] org.apache.http.conn.params.ConnRouteParams in org.apache.http.conn.params has been deprecated
[ 3256s] [WARNING] /home/abuild/rpmbuild/BUILD/httpcomponents-asyncclient-4.1.2/httpasyncclient/src/main/java-deprecated/org/apache/http/impl/nio/conn/DefaultHttpAsyncRoutePlanner.java:[39,39] org.apache.http.nio.conn.scheme.AsyncScheme in org.apache.http.nio.conn.scheme has been deprecated
[ 3256s] [WARNING] /home/abuild/rpmbuild/BUILD/httpcomponents-asyncclient-4.1.2/httpasyncclient/src/main/java-deprecated/org/apache/http/impl/nio/conn/DefaultHttpAsyncRoutePlanner.java:[40,39] org.apache.http.nio.conn.scheme.AsyncSchemeRegistry in org.apache.http.nio.conn.scheme has been deprecated
[ 3256s] [WARNING] /home/abuild/rpmbuild/BUILD/httpcomponents-asyncclient-4.1.2/httpasyncclient/src/main/java-deprecated/org/apache/http/impl/nio/conn/DefaultHttpAsyncRoutePlanner.java:[41,39] org.apache.http.nio.conn.scheme.LayeringStrategy in org.apache.http.nio.conn.scheme has been deprecated
[ 3257s] [WARNING] /home/abuild/rpmbuild/BUILD/httpcomponents-asyncclient-4.1.2/httpasyncclient/src/main/java-deprecated/org/apache/http/nio/conn/ssl/SSLLayeringStrategy.java:[50,32] org.apache.http.conn.ssl.BrowserCompatHostnameVerifier in org.apache.http.conn.ssl has been deprecated
[ 3257s] [WARNING] /home/abuild/rpmbuild/BUILD/httpcomponents-asyncclient-4.1.2/httpasyncclient/src/main/java-deprecated/org/apache/http/nio/conn/ssl/SSLLayeringStrategy.java:[51,32] org.apache.http.conn.ssl.SSLContexts in org.apache.http.conn.ssl has been deprecated
[ 3257s] [WARNING] /home/abuild/rpmbuild/BUILD/httpcomponents-asyncclient-4.1.2/httpasyncclient/src/main/java-deprecated/org/apache/http/nio/conn/ssl/SSLLayeringStrategy.java:[53,32] org.apache.http.conn.ssl.X509HostnameVerifier in org.apache.http.conn.ssl has been deprecated
[ 3257s] [WARNING] /home/abuild/rpmbuild/BUILD/httpcomponents-asyncclient-4.1.2/httpasyncclient/src/main/java-deprecated/org/apache/http/nio/conn/ssl/SSLLayeringStrategy.java:[54,39] org.apache.http.nio.conn.scheme.LayeringStrategy in org.apache.http.nio.conn.scheme has been deprecated
[ 3257s] [WARNING] /home/abuild/rpmbuild/BUILD/httpcomponents-asyncclient-4.1.2/httpasyncclient/src/main/java/org/apache/http/impl/nio/client/HttpAsyncClientBuilder.java:[66,32] org.apache.http.conn.ssl.X509HostnameVerifier in org.apache.http.conn.ssl has been deprecated
[ 3257s] [WARNING] /home/abuild/rpmbuild/BUILD/httpcomponents-asyncclient-4.1.2/httpasyncclient/src/main/java-deprecated/org/apache/http/impl/nio/client/DefaultHttpAsyncClient.java:[34,39] org.apache.http.client.protocol.RequestProxyAuthentication in org.apache.http.client.protocol has been deprecated
[ 3258s] [WARNING] /home/abuild/rpmbuild/BUILD/httpcomponents-asyncclient-4.1.2/httpasyncclient/src/main/java-deprecated/org/apache/http/impl/nio/client/DefaultHttpAsyncClient.java:[35,39] org.apache.http.client.protocol.RequestTargetAuthentication in org.apache.http.client.protocol has been deprecated
[ 3258s] [WARNING] /home/abuild/rpmbuild/BUILD/httpcomponents-asyncclient-4.1.2/httpasyncclient/src/main/java-deprecated/org/apache/http/impl/nio/client/DefaultHttpAsyncClient.java:[38,32] org.apache.http.nio.conn.ClientAsyncConnectionManager in org.apache.http.nio.conn has been deprecated
[ 3258s] [WARNING] /home/abuild/rpmbuild/BUILD/httpcomponents-asyncclient-4.1.2/httpasyncclient/src/main/java-deprecated/org/apache/http/impl/nio/client/DefaultHttpAsyncClient.java:[40,30] org.apache.http.params.HttpConnectionParams in org.apache.http.params has been deprecated
[ 3258s] [WARNING] /home/abuild/rpmbuild/BUILD/httpcomponents-asyncclient-4.1.2/httpasyncclient/src/main/java-deprecated/org/apache/http/impl/nio/client/DefaultHttpAsyncClient.java:[41,30] org.apache.http.params.HttpParams in org.apache.http.params has been deprecated
[ 3258s] [WARNING] /home/abuild/rpmbuild/BUILD/httpcomponents-asyncclient-4.1.2/httpasyncclient/src/main/java-deprecated/org/apache/http/impl/nio/client/DefaultHttpAsyncClient.java:[42,30] org.apache.http.params.HttpProtocolParams in org.apache.http.params has been deprecated
[ 3258s] [WARNING] /home/abuild/rpmbuild/BUILD/httpcomponents-asyncclient-4.1.2/httpasyncclient/src/main/java-deprecated/org/apache/http/impl/nio/client/DefaultHttpAsyncClient.java:[43,30] org.apache.http.params.SyncBasicHttpParams in org.apache.http.params has been deprecated
[ 3259s] [WARNING] /home/abuild/rpmbuild/BUILD/httpcomponents-asyncclient-4.1.2/httpasyncclient/src/main/java-deprecated/org/apache/http/impl/nio/client/DefaultHttpAsyncClient.java:[44,32] org.apache.http.protocol.BasicHttpProcessor in org.apache.http.protocol has been deprecated
[ 3259s] [WARNING] /home/abuild/rpmbuild/BUILD/httpcomponents-asyncclient-4.1.2/httpasyncclient/src/main/java-deprecated/org/apache/http/impl/nio/conn/AsyncSchemeRegistryFactory.java:[32,39] org.apache.http.nio.conn.scheme.AsyncScheme in org.apache.http.nio.conn.scheme has been deprecated
[ 3259s] [WARNING] /home/abuild/rpmbuild/BUILD/httpcomponents-asyncclient-4.1.2/httpasyncclient/src/main/java-deprecated/org/apache/http/impl/nio/conn/AsyncSchemeRegistryFactory.java:[33,39] org.apache.http.nio.conn.scheme.AsyncSchemeRegistry in org.apache.http.nio.conn.scheme has been deprecated
[ 3259s] [WARNING] /home/abuild/rpmbuild/BUILD/httpcomponents-asyncclient-4.1.2/httpasyncclient/src/main/java-deprecated/org/apache/http/impl/nio/conn/AsyncSchemeRegistryFactory.java:[34,36] org.apache.http.nio.conn.ssl.SSLLayeringStrategy in org.apache.http.nio.conn.ssl has been deprecated
[ 3259s] [WARNING] /home/abuild/rpmbuild/BUILD/httpcomponents-asyncclient-4.1.2/httpasyncclient/src/main/java-deprecated/org/apache/http/impl/nio/conn/PoolingClientAsyncConnectionManager.java:[38,32] org.apache.http.nio.conn.ClientAsyncConnectionFactory in org.apache.http.nio.conn has been deprecated
[ 3260s] [WARNING] /home/abuild/rpmbuild/BUILD/httpcomponents-asyncclient-4.1.2/httpasyncclient/src/main/java-deprecated/org/apache/http/impl/nio/conn/PoolingClientAsyncConnectionManager.java:[39,32] org.apache.http.nio.conn.ClientAsyncConnectionManager in org.apache.http.nio.conn has been deprecated
[ 3260s] [WARNING] /home/abuild/rpmbuild/BUILD/httpcomponents-asyncclient-4.1.2/httpasyncclient/src/main/java-deprecated/org/apache/http/impl/nio/conn/PoolingClientAsyncConnectionManager.java:[40,32] org.apache.http.nio.conn.ManagedClientAsyncConnection in org.apache.http.nio.conn has been deprecated
[ 3260s] [WARNING] /home/abuild/rpmbuild/BUILD/httpcomponents-asyncclient-4.1.2/httpasyncclient/src/main/java-deprecated/org/apache/http/impl/nio/conn/PoolingClientAsyncConnectionManager.java:[41,39] org.apache.http.nio.conn.scheme.AsyncSchemeRegistry in org.apache.http.nio.conn.scheme has been deprecated
[ 3260s] [WARNING] /home/abuild/rpmbuild/BUILD/httpcomponents-asyncclient-4.1.2/httpasyncclient/src/main/java-deprecated/org/apache/http/impl/nio/client/DefaultAsyncRequestDirector.java:[58,38] org.apache.http.client.methods.AbortableHttpRequest in org.apache.http.client.methods has been deprecated
[ 3260s] [WARNING] /home/abuild/rpmbuild/BUILD/httpcomponents-asyncclient-4.1.2/httpasyncclient/src/main/java-deprecated/org/apache/http/impl/nio/client/DefaultAsyncRequestDirector.java:[60,37] org.apache.http.client.params.ClientPNames in org.apache.http.client.params has been deprecated
[ 3260s] [WARNING] /home/abuild/rpmbuild/BUILD/httpcomponents-asyncclient-4.1.2/httpasyncclient/src/main/java-deprecated/org/apache/http/impl/nio/client/DefaultAsyncRequestDirector.java:[61,37] org.apache.http.client.params.HttpClientParams in org.apache.http.client.params has been deprecated
[ 3261s] [WARNING] /home/abuild/rpmbuild/BUILD/httpcomponents-asyncclient-4.1.2/httpasyncclient/src/main/java-deprecated/org/apache/http/impl/nio/client/DefaultAsyncRequestDirector.java:[62,39] org.apache.http.client.protocol.ClientContext in org.apache.http.client.protocol has been deprecated
[ 3261s] [WARNING] /home/abuild/rpmbuild/BUILD/httpcomponents-asyncclient-4.1.2/httpasyncclient/src/main/java-deprecated/org/apache/http/impl/nio/client/DefaultAsyncRequestDirector.java:[72,35] org.apache.http.impl.client.ClientParamsStack in org.apache.http.impl.client has been deprecated
[ 3261s] [WARNING] /home/abuild/rpmbuild/BUILD/httpcomponents-asyncclient-4.1.2/httpasyncclient/src/main/java-deprecated/org/apache/http/impl/nio/client/DefaultAsyncRequestDirector.java:[73,35] org.apache.http.impl.client.EntityEnclosingRequestWrapper in org.apache.http.impl.client has been deprecated
[ 3261s] [WARNING] /home/abuild/rpmbuild/BUILD/httpcomponents-asyncclient-4.1.2/httpasyncclient/src/main/java-deprecated/org/apache/http/impl/nio/client/DefaultAsyncRequestDirector.java:[74,35] org.apache.http.impl.client.HttpAuthenticator in org.apache.http.impl.client has been deprecated
[ 3261s] [WARNING] /home/abuild/rpmbuild/BUILD/httpcomponents-asyncclient-4.1.2/httpasyncclient/src/main/java-deprecated/org/apache/http/impl/nio/client/DefaultAsyncRequestDirector.java:[75,35] org.apache.http.impl.client.RequestWrapper in org.apache.http.impl.client has been deprecated
[ 3261s] [WARNING] /home/abuild/rpmbuild/BUILD/httpcomponents-asyncclient-4.1.2/httpasyncclient/src/main/java-deprecated/org/apache/http/impl/nio/client/DefaultAsyncRequestDirector.java:[76,35] org.apache.http.impl.client.RoutedRequest in org.apache.http.impl.client has been deprecated
[ 3262s] [WARNING] /home/abuild/rpmbuild/BUILD/httpcomponents-asyncclient-4.1.2/httpasyncclient/src/main/java-deprecated/org/apache/http/impl/nio/client/DefaultAsyncRequestDirector.java:[81,32] org.apache.http.nio.conn.ClientAsyncConnectionManager in org.apache.http.nio.conn has been deprecated
[ 3262s] [WARNING] /home/abuild/rpmbuild/BUILD/httpcomponents-asyncclient-4.1.2/httpasyncclient/src/main/java-deprecated/org/apache/http/impl/nio/client/DefaultAsyncRequestDirector.java:[82,32] org.apache.http.nio.conn.ManagedClientAsyncConnection in org.apache.http.nio.conn has been deprecated
[ 3262s] [WARNING] /home/abuild/rpmbuild/BUILD/httpcomponents-asyncclient-4.1.2/httpasyncclient/src/main/java-deprecated/org/apache/http/impl/nio/client/DefaultAsyncRequestDirector.java:[83,39] org.apache.http.nio.conn.scheme.AsyncScheme in org.apache.http.nio.conn.scheme has been deprecated
[ 3262s] [WARNING] /home/abuild/rpmbuild/BUILD/httpcomponents-asyncclient-4.1.2/httpasyncclient/src/main/java-deprecated/org/apache/http/impl/nio/client/DefaultAsyncRequestDirector.java:[84,39] org.apache.http.nio.conn.scheme.AsyncSchemeRegistry in org.apache.http.nio.conn.scheme has been deprecated
[ 3263s] [WARNING] /home/abuild/rpmbuild/BUILD/httpcomponents-asyncclient-4.1.2/httpasyncclient/src/main/java-deprecated/org/apache/http/impl/nio/client/DefaultAsyncRequestDirector.java:[85,36] org.apache.http.nio.protocol.HttpAsyncRequestExecutionHandler in org.apache.http.nio.protocol has been deprecated
[ 3263s] [WARNING] /home/abuild/rpmbuild/BUILD/httpcomponents-asyncclient-4.1.2/httpasyncclient/src/main/java-deprecated/org/apache/http/impl/nio/client/DefaultAsyncRequestDirector.java:[89,30] org.apache.http.params.HttpConnectionParams in org.apache.http.params has been deprecated
[ 3263s] [WARNING] /home/abuild/rpmbuild/BUILD/httpcomponents-asyncclient-4.1.2/httpasyncclient/src/main/java-deprecated/org/apache/http/impl/nio/client/DefaultAsyncRequestDirector.java:[90,30] org.apache.http.params.HttpParams in org.apache.http.params has been deprecated
[ 3263s] [WARNING] /home/abuild/rpmbuild/BUILD/httpcomponents-asyncclient-4.1.2/httpasyncclient/src/main/java-deprecated/org/apache/http/impl/nio/client/DefaultAsyncRequestDirector.java:[91,30] org.apache.http.params.HttpProtocolParams in org.apache.http.params has been deprecated
[ 3263s] [WARNING] /home/abuild/rpmbuild/BUILD/httpcomponents-asyncclient-4.1.2/httpasyncclient/src/main/java-deprecated/org/apache/http/impl/nio/client/DefaultAsyncRequestDirector.java:[92,32] org.apache.http.protocol.ExecutionContext in org.apache.http.protocol has been deprecated
[ 3263s] [WARNING] /home/abuild/rpmbuild/BUILD/httpcomponents-asyncclient-4.1.2/httpasyncclient/src/main/java/org/apache/http/nio/conn/ssl/SSLIOSessionStrategy.java:[43,32] org.apache.http.conn.ssl.AllowAllHostnameVerifier in org.apache.http.conn.ssl has been deprecated
[ 3263s] [WARNING] /home/abuild/rpmbuild/BUILD/httpcomponents-asyncclient-4.1.2/httpasyncclient/src/main/java/org/apache/http/nio/conn/ssl/SSLIOSessionStrategy.java:[44,32] org.apache.http.conn.ssl.BrowserCompatHostnameVerifier in org.apache.http.conn.ssl has been deprecated
[ 3264s] [WARNING] /home/abuild/rpmbuild/BUILD/httpcomponents-asyncclient-4.1.2/httpasyncclient/src/main/java/org/apache/http/nio/conn/ssl/SSLIOSessionStrategy.java:[46,32] org.apache.http.conn.ssl.StrictHostnameVerifier in org.apache.http.conn.ssl has been deprecated
[ 3264s] [WARNING] /home/abuild/rpmbuild/BUILD/httpcomponents-asyncclient-4.1.2/httpasyncclient/src/main/java/org/apache/http/nio/conn/ssl/SSLIOSessionStrategy.java:[47,32] org.apache.http.conn.ssl.X509HostnameVerifier in org.apache.http.conn.ssl has been deprecated
[ 3264s] [WARNING] /home/abuild/rpmbuild/BUILD/httpcomponents-asyncclient-4.1.2/httpasyncclient/src/main/java/org/apache/http/impl/nio/client/MainClientExec.java:[513,25] UsernamePasswordCredentials(java.lang.String) in org.apache.http.auth.UsernamePasswordCredentials has been deprecated
[ 3264s] [INFO] /home/abuild/rpmbuild/BUILD/httpcomponents-asyncclient-4.1.2/httpasyncclient/src/main/java-deprecated/org/apache/http/impl/nio/client/AbstractHttpAsyncClient.java: Some input files use unchecked or unsafe operations.
[ 3264s] [INFO] /home/abuild/rpmbuild/BUILD/httpcomponents-asyncclient-4.1.2/httpasyncclient/src/main/java-deprecated/org/apache/http/impl/nio/client/AbstractHttpAsyncClient.java: Recompile with -Xlint:unchecked for details.
[ 3265s] [INFO] 
[ 3265s] [INFO] --- maven-resources-plugin:3.1.0:testResources (default-testResources) @ httpasyncclient ---
[ 3265s] [INFO] Using 'UTF-8' encoding to copy filtered resources.
[ 3265s] [INFO] Copying 2 resources
[ 3265s] [INFO] Copying 5 resources
[ 3265s] [INFO] 
[ 3265s] [INFO] --- maven-compiler-plugin:3.8.0:testCompile (default-testCompile) @ httpasyncclient ---
[ 3267s] [INFO] Changes detected - recompiling the module!
[ 3267s] [INFO] Compiling 18 source files to /home/abuild/rpmbuild/BUILD/httpcomponents-asyncclient-4.1.2/httpasyncclient/target/test-classes
[ 3361s] [WARNING] bootstrap class path not set in conjunction with -source 1.6
[ 3361s] [INFO] 
[ 3361s] [INFO] --- maven-surefire-plugin:2.22.0:test (default-test) @ httpasyncclient ---
[ 3391s] [INFO] 
[ 3391s] [INFO] -------------------------------------------------------
[ 3391s] [INFO]  T E S T S
[ 3391s] [INFO] -------------------------------------------------------
[ 3404s] [INFO] Running org.apache.http.nio.client.methods.TestAsyncConsumers
[ 3466s] [INFO] Tests run: 7, Failures: 0, Errors: 0, Skipped: 0, Time elapsed: 59.511 s - in org.apache.http.nio.client.methods.TestAsyncConsumers
[ 3466s] [INFO] Running org.apache.http.nio.client.methods.TestZeroCopy
[ 3471s] [INFO] Tests run: 2, Failures: 0, Errors: 0, Skipped: 0, Time elapsed: 3.229 s - in org.apache.http.nio.client.methods.TestZeroCopy
[ 3471s] [INFO] Running org.apache.http.nio.client.integration.TestRedirects
[ 3534s] [ERROR] Tests run: 46, Failures: 0, Errors: 23, Skipped: 0, Time elapsed: 57.797 s <<< FAILURE! - in org.apache.http.nio.client.integration.TestRedirects
[ 3534s] [ERROR] testRepeatRequestRedirect[https](org.apache.http.nio.client.integration.TestRedirects)  Time elapsed: 8.951 s  <<< ERROR!
[ 3534s] java.util.concurrent.ExecutionException: org.apache.http.ConnectionClosedException: Connection closed
[ 3534s] 	at org.apache.http.nio.client.integration.TestRedirects.testRepeatRequestRedirect(TestRedirects.java:808)
[ 3534s] Caused by: org.apache.http.ConnectionClosedException: Connection closed
[ 3534s] 
[ 3534s] [ERROR] testDefaultHeadersRedirect[https](org.apache.http.nio.client.integration.TestRedirects)  Time elapsed: 2.472 s  <<< ERROR!
[ 3534s] java.util.concurrent.ExecutionException: org.apache.http.ConnectionClosedException: Connection closed
[ 3535s] 	at org.apache.http.nio.client.integration.TestRedirects.testDefaultHeadersRedirect(TestRedirects.java:688)
[ 3535s] Caused by: org.apache.http.ConnectionClosedException: Connection closed
[ 3535s] 
[ 3535s] [ERROR] testBasicRedirect302NoLocation[https](org.apache.http.nio.client.integration.TestRedirects)  Time elapsed: 1.784 s  <<< ERROR!
[ 3535s] java.util.concurrent.ExecutionException: org.apache.http.ConnectionClosedException: Connection closed
[ 3535s] 	at org.apache.http.nio.client.integration.TestRedirects.testBasicRedirect302NoLocation(TestRedirects.java:356)
[ 3535s] Caused by: org.apache.http.ConnectionClosedException: Connection closed
[ 3535s] 
[ 3535s] [ERROR] testMaxRedirectCheck[https](org.apache.http.nio.client.integration.TestRedirects)  Time elapsed: 1.6 s  <<< ERROR!
[ 3535s] java.lang.Exception: Unexpected exception, expected<java.util.concurrent.ExecutionException> but was<java.lang.AssertionError>
[ 3535s] 	at org.apache.http.nio.client.integration.TestRedirects.testMaxRedirectCheck(TestRedirects.java:466)
[ 3535s] 
[ 3535s] [ERROR] testRelativeRedirect[https](org.apache.http.nio.client.integration.TestRedirects)  Time elapsed: 1.61 s  <<< ERROR!
[ 3535s] java.util.concurrent.ExecutionException: org.apache.http.ConnectionClosedException: Connection closed
[ 3536s] 	at org.apache.http.nio.client.integration.TestRedirects.testRelativeRedirect(TestRedirects.java:551)
[ 3536s] Caused by: org.apache.http.ConnectionClosedException: Connection closed
[ 3536s] 
[ 3536s] [ERROR] testPostRedirectSeeOther[https](org.apache.http.nio.client.integration.TestRedirects)  Time elapsed: 1.877 s  <<< ERROR!
[ 3536s] java.util.concurrent.ExecutionException: org.apache.http.ConnectionClosedException: Connection closed
[ 3536s] 	at org.apache.http.nio.client.integration.TestRedirects.testPostRedirectSeeOther(TestRedirects.java:526)
[ 3536s] Caused by: org.apache.http.ConnectionClosedException: Connection closed
[ 3536s] 
[ 3536s] [ERROR] testRejectBogusRedirectLocation[https](org.apache.http.nio.client.integration.TestRedirects)  Time elapsed: 1.717 s  <<< ERROR!
[ 3536s] java.lang.Exception: Unexpected exception, expected<java.util.concurrent.ExecutionException> but was<java.lang.AssertionError>
[ 3536s] 	at org.apache.http.nio.client.integration.TestRedirects.testRejectBogusRedirectLocation(TestRedirects.java:620)
[ 3536s] 
[ 3536s] [ERROR] testRedirectWithCookie[https](org.apache.http.nio.client.integration.TestRedirects)  Time elapsed: 1.597 s  <<< ERROR!
[ 3536s] java.util.concurrent.ExecutionException: org.apache.http.ConnectionClosedException: Connection closed
[ 3536s] 	at org.apache.http.nio.client.integration.TestRedirects.testRedirectWithCookie(TestRedirects.java:660)
[ 3536s] Caused by: org.apache.http.ConnectionClosedException: Connection closed
[ 3536s] 
[ 3537s] [ERROR] testRejectInvalidRedirectLocation[https](org.apache.http.nio.client.integration.TestRedirects)  Time elapsed: 1.686 s  <<< ERROR!
[ 3537s] java.lang.Exception: Unexpected exception, expected<java.util.concurrent.ExecutionException> but was<java.lang.AssertionError>
[ 3537s] 	at org.apache.http.nio.client.integration.TestRedirects.testRejectInvalidRedirectLocation(TestRedirects.java:636)
[ 3537s] 
[ 3537s] [ERROR] testRelativeRedirect2[https](org.apache.http.nio.client.integration.TestRedirects)  Time elapsed: 1.652 s  <<< ERROR!
[ 3537s] java.util.concurrent.ExecutionException: org.apache.http.ConnectionClosedException: Connection closed
[ 3537s] 	at org.apache.http.nio.client.integration.TestRedirects.testRelativeRedirect2(TestRedirects.java:577)
[ 3537s] Caused by: org.apache.http.ConnectionClosedException: Connection closed
[ 3537s] 
[ 3537s] [ERROR] testRepeatRequest[https](org.apache.http.nio.client.integration.TestRedirects)  Time elapsed: 1.504 s  <<< ERROR!
[ 3537s] java.util.concurrent.ExecutionException: org.apache.http.ConnectionClosedException: Connection closed
[ 3537s] 	at org.apache.http.nio.client.integration.TestRedirects.testRepeatRequest(TestRedirects.java:778)
[ 3537s] Caused by: org.apache.http.ConnectionClosedException: Connection closed
[ 3537s] 
[ 3537s] [ERROR] testDifferentRequestSameRedirect[https](org.apache.http.nio.client.integration.TestRedirects)  Time elapsed: 1.638 s  <<< ERROR!
[ 3537s] java.util.concurrent.ExecutionException: org.apache.http.ConnectionClosedException: Connection closed
[ 3538s] 	at org.apache.http.nio.client.integration.TestRedirects.testDifferentRequestSameRedirect(TestRedirects.java:838)
[ 3538s] Caused by: org.apache.http.ConnectionClosedException: Connection closed
[ 3538s] 
[ 3538s] [ERROR] testBasicRedirect300[https](org.apache.http.nio.client.integration.TestRedirects)  Time elapsed: 1.581 s  <<< ERROR!
[ 3538s] java.util.concurrent.ExecutionException: org.apache.http.ConnectionClosedException: Connection closed
[ 3538s] 	at org.apache.http.nio.client.integration.TestRedirects.testBasicRedirect300(TestRedirects.java:283)
[ 3538s] Caused by: org.apache.http.ConnectionClosedException: Connection closed
[ 3538s] 
[ 3538s] [ERROR] testBasicRedirect301[https](org.apache.http.nio.client.integration.TestRedirects)  Time elapsed: 1.52 s  <<< ERROR!
[ 3538s] java.util.concurrent.ExecutionException: org.apache.http.ConnectionClosedException: Connection closed
[ 3538s] 	at org.apache.http.nio.client.integration.TestRedirects.testBasicRedirect301(TestRedirects.java:303)
[ 3538s] Caused by: org.apache.http.ConnectionClosedException: Connection closed
[ 3538s] 
[ 3538s] [ERROR] testBasicRedirect302[https](org.apache.http.nio.client.integration.TestRedirects)  Time elapsed: 1.741 s  <<< ERROR!
[ 3538s] java.util.concurrent.ExecutionException: org.apache.http.ConnectionClosedException: Connection closed
[ 3538s] 	at org.apache.http.nio.client.integration.TestRedirects.testBasicRedirect302(TestRedirects.java:325)
[ 3538s] Caused by: org.apache.http.ConnectionClosedException: Connection closed
[ 3538s] 
[ 3539s] [ERROR] testBasicRedirect303[https](org.apache.http.nio.client.integration.TestRedirects)  Time elapsed: 1.451 s  <<< ERROR!
[ 3539s] java.util.concurrent.ExecutionException: org.apache.http.ConnectionClosedException: Connection closed
[ 3539s] 	at org.apache.http.nio.client.integration.TestRedirects.testBasicRedirect303(TestRedirects.java:378)
[ 3539s] Caused by: org.apache.http.ConnectionClosedException: Connection closed
[ 3539s] 
[ 3539s] [ERROR] testBasicRedirect304[https](org.apache.http.nio.client.integration.TestRedirects)  Time elapsed: 1.721 s  <<< ERROR!
[ 3539s] java.util.concurrent.ExecutionException: org.apache.http.ConnectionClosedException: Connection closed
[ 3539s] 	at org.apache.http.nio.client.integration.TestRedirects.testBasicRedirect304(TestRedirects.java:400)
[ 3539s] Caused by: org.apache.http.ConnectionClosedException: Connection closed
[ 3539s] 
[ 3540s] [ERROR] testBasicRedirect305[https](org.apache.http.nio.client.integration.TestRedirects)  Time elapsed: 1.427 s  <<< ERROR!
[ 3540s] java.util.concurrent.ExecutionException: org.apache.http.ConnectionClosedException: Connection closed
[ 3540s] 	at org.apache.http.nio.client.integration.TestRedirects.testBasicRedirect305(TestRedirects.java:420)
[ 3540s] Caused by: org.apache.http.ConnectionClosedException: Connection closed
[ 3540s] 
[ 3541s] [ERROR] testBasicRedirect307[https](org.apache.http.nio.client.integration.TestRedirects)  Time elapsed: 1.355 s  <<< ERROR!
[ 3541s] java.util.concurrent.ExecutionException: org.apache.http.ConnectionClosedException: Connection closed
[ 3541s] 	at org.apache.http.nio.client.integration.TestRedirects.testBasicRedirect307(TestRedirects.java:440)
[ 3541s] Caused by: org.apache.http.ConnectionClosedException: Connection closed
[ 3541s] 
[ 3541s] [ERROR] testCrossSiteRedirect[https](org.apache.http.nio.client.integration.TestRedirects)  Time elapsed: 2.22 s  <<< ERROR!
[ 3542s] java.util.concurrent.ExecutionException: org.apache.http.ConnectionClosedException: Connection closed
[ 3542s] 	at org.apache.http.nio.client.integration.TestRedirects.testCrossSiteRedirect(TestRedirects.java:757)
[ 3542s] Caused by: org.apache.http.ConnectionClosedException: Connection closed
[ 3542s] 
[ 3542s] [ERROR] testRejectRelativeRedirect[https](org.apache.http.nio.client.integration.TestRedirects)  Time elapsed: 1.555 s  <<< ERROR!
[ 3542s] java.lang.Exception: Unexpected exception, expected<java.util.concurrent.ExecutionException> but was<java.lang.AssertionError>
[ 3542s] 	at org.apache.http.nio.client.integration.TestRedirects.testRejectRelativeRedirect(TestRedirects.java:603)
[ 3542s] 
[ 3542s] [ERROR] testCircularRedirect[https](org.apache.http.nio.client.integration.TestRedirects)  Time elapsed: 1.814 s  <<< ERROR!
[ 3542s] java.lang.Exception: Unexpected exception, expected<java.util.concurrent.ExecutionException> but was<java.lang.AssertionError>
[ 3542s] 	at org.apache.http.nio.client.integration.TestRedirects.testCircularRedirect(TestRedirects.java:487)
[ 3542s] 
[ 3542s] [ERROR] testPostNoRedirect[https](org.apache.http.nio.client.integration.TestRedirects)  Time elapsed: 1.653 s  <<< ERROR!
[ 3542s] java.util.concurrent.ExecutionException: org.apache.http.ConnectionClosedException: Connection closed
[ 3542s] 	at org.apache.http.nio.client.integration.TestRedirects.testPostNoRedirect(TestRedirects.java:504)
[ 3543s] Caused by: org.apache.http.ConnectionClosedException: Connection closed
[ 3543s] 
[ 3543s] [INFO] Running org.apache.http.nio.client.integration.TestStatefulConnManagement
[ 3545s] [INFO] Tests run: 2, Failures: 0, Errors: 0, Skipped: 0, Time elapsed: 0.256 s - in org.apache.http.nio.client.integration.TestStatefulConnManagement
[ 3545s] [INFO] Running org.apache.http.nio.client.integration.TestHttpAsyncMinimal
[ 3548s] [ERROR] Tests run: 8, Failures: 0, Errors: 4, Skipped: 0, Time elapsed: 1.2 s <<< FAILURE! - in org.apache.http.nio.client.integration.TestHttpAsyncMinimal
[ 3549s] [ERROR] testMultiplePostsOverSingleConnection[https](org.apache.http.nio.client.integration.TestHttpAsyncMinimal)  Time elapsed: 0.034 s  <<< ERROR!
[ 3549s] java.util.concurrent.ExecutionException: org.apache.http.ConnectionClosedException: Connection closed
[ 3549s] 	at org.apache.http.nio.client.integration.TestHttpAsyncMinimal.testMultiplePostsOverSingleConnection(TestHttpAsyncMinimal.java:182)
[ 3549s] Caused by: org.apache.http.ConnectionClosedException: Connection closed
[ 3549s] 
[ 3549s] [ERROR] testSingleGet[https](org.apache.http.nio.client.integration.TestHttpAsyncMinimal)  Time elapsed: 0.031 s  <<< ERROR!
[ 3549s] java.util.concurrent.ExecutionException: org.apache.http.ConnectionClosedException: Connection closed
[ 3549s] 	at org.apache.http.nio.client.integration.TestHttpAsyncMinimal.testSingleGet(TestHttpAsyncMinimal.java:103)
[ 3549s] Caused by: org.apache.http.ConnectionClosedException: Connection closed
[ 3549s] 
[ 3549s] [ERROR] testMultiplePostsOverMultipleConnections[https](org.apache.http.nio.client.integration.TestHttpAsyncMinimal)  Time elapsed: 0.038 s  <<< ERROR!
[ 3549s] java.util.concurrent.ExecutionException: org.apache.http.ConnectionClosedException: Connection closed
[ 3549s] 	at org.apache.http.nio.client.integration.TestHttpAsyncMinimal.testMultiplePostsOverMultipleConnections(TestHttpAsyncMinimal.java:150)
[ 3549s] Caused by: org.apache.http.ConnectionClosedException: Connection closed
[ 3550s] 
[ 3550s] [ERROR] testSinglePost[https](org.apache.http.nio.client.integration.TestHttpAsyncMinimal)  Time elapsed: 0.941 s  <<< ERROR!
[ 3550s] java.util.concurrent.ExecutionException: org.apache.http.ConnectionClosedException: Connection closed
[ 3550s] 	at org.apache.http.nio.client.integration.TestHttpAsyncMinimal.testSinglePost(TestHttpAsyncMinimal.java:119)
[ 3550s] Caused by: org.apache.http.ConnectionClosedException: Connection closed
[ 3550s] 
[ 3550s] [INFO] Running org.apache.http.nio.client.integration.TestClientReauthentication
[ 3552s] [INFO] Tests run: 1, Failures: 0, Errors: 0, Skipped: 0, Time elapsed: 0.122 s - in org.apache.http.nio.client.integration.TestClientReauthentication
[ 3552s] [INFO] Running org.apache.http.nio.client.integration.TestHttpAsync
[ 3575s] [ERROR] Tests run: 14, Failures: 1, Errors: 6, Skipped: 0, Time elapsed: 20.268 s <<< FAILURE! - in org.apache.http.nio.client.integration.TestHttpAsync
[ 3575s] [ERROR] testMultiplePostsOverSingleConnection[https](org.apache.http.nio.client.integration.TestHttpAsync)  Time elapsed: 1.815 s  <<< ERROR!
[ 3575s] java.util.concurrent.ExecutionException: org.apache.http.ConnectionClosedException: Connection closed
[ 3575s] 	at org.apache.http.nio.client.integration.TestHttpAsync.testMultiplePostsOverSingleConnection(TestHttpAsync.java:169)
[ 3575s] Caused by: org.apache.http.ConnectionClosedException: Connection closed
[ 3575s] 
[ 3575s] [ERROR] testSingleGet[https](org.apache.http.nio.client.integration.TestHttpAsync)  Time elapsed: 1.562 s  <<< ERROR!
[ 3575s] java.util.concurrent.ExecutionException: org.apache.http.ConnectionClosedException: Connection closed
[ 3575s] 	at org.apache.http.nio.client.integration.TestHttpAsync.testSingleGet(TestHttpAsync.java:90)
[ 3575s] Caused by: org.apache.http.ConnectionClosedException: Connection closed
[ 3575s] 
[ 3576s] [ERROR] testMultiplePostsOverMultipleConnections[https](org.apache.http.nio.client.integration.TestHttpAsync)  Time elapsed: 6.061 s  <<< ERROR!
[ 3576s] java.util.concurrent.ExecutionException: org.apache.http.ConnectionClosedException: Connection closed
[ 3576s] 	at org.apache.http.nio.client.integration.TestHttpAsync.testMultiplePostsOverMultipleConnections(TestHttpAsync.java:137)
[ 3576s] Caused by: org.apache.http.ConnectionClosedException: Connection closed
[ 3576s] 
[ 3576s] [ERROR] testRequestFailure[https](org.apache.http.nio.client.integration.TestHttpAsync)  Time elapsed: 1.652 s  <<< FAILURE!
[ 3576s] org.junit.ComparisonFailure: expected:<[Kaboom]> but was:<[Connection closed]>
[ 3576s] 	at org.apache.http.nio.client.integration.TestHttpAsync.testRequestFailure(TestHttpAsync.java:201)
[ 3576s] 
[ 3576s] [ERROR] testSinglePost[https](org.apache.http.nio.client.integration.TestHttpAsync)  Time elapsed: 2.588 s  <<< ERROR!
[ 3576s] java.util.concurrent.ExecutionException: org.apache.http.ConnectionClosedException: Connection closed
[ 3576s] 	at org.apache.http.nio.client.integration.TestHttpAsync.testSinglePost(TestHttpAsync.java:106)
[ 3576s] Caused by: org.apache.http.ConnectionClosedException: Connection closed
[ 3576s] 
[ 3576s] [ERROR] testSharedPool[https](org.apache.http.nio.client.integration.TestHttpAsync)  Time elapsed: 1.722 s  <<< ERROR!
[ 3576s] java.util.concurrent.ExecutionException: org.apache.http.ConnectionClosedException: Connection closed
[ 3577s] 	at org.apache.http.nio.client.integration.TestHttpAsync.testSharedPool(TestHttpAsync.java:210)
[ 3577s] Caused by: org.apache.http.ConnectionClosedException: Connection closed
[ 3577s] 
[ 3577s] [ERROR] testClientCloseloseQuietly[https](org.apache.http.nio.client.integration.TestHttpAsync)  Time elapsed: 1.663 s  <<< ERROR!
[ 3577s] java.util.concurrent.ExecutionException: org.apache.http.ConnectionClosedException: Connection closed
[ 3577s] 	at org.apache.http.nio.client.integration.TestHttpAsync.testClientCloseloseQuietly(TestHttpAsync.java:243)
[ 3577s] Caused by: org.apache.http.ConnectionClosedException: Connection closed
[ 3577s] 
[ 3577s] [INFO] Running org.apache.http.nio.client.integration.TestHttpAsyncPipelining
[ 3583s] [ERROR] Tests run: 4, Failures: 0, Errors: 2, Skipped: 0, Time elapsed: 3.813 s <<< FAILURE! - in org.apache.http.nio.client.integration.TestHttpAsyncPipelining
[ 3583s] [ERROR] testPipelinedGets[https](org.apache.http.nio.client.integration.TestHttpAsyncPipelining)  Time elapsed: 1.539 s  <<< ERROR!
[ 3583s] java.util.concurrent.ExecutionException: org.apache.http.ConnectionClosedException: Connection closed
[ 3583s] 	at org.apache.http.nio.client.integration.TestHttpAsyncPipelining.testPipelinedGets(TestHttpAsyncPipelining.java:114)
[ 3583s] Caused by: org.apache.http.ConnectionClosedException: Connection closed
[ 3583s] 
[ 3583s] [ERROR] testPipelinedPostsAndGets[https](org.apache.http.nio.client.integration.TestHttpAsyncPipelining)  Time elapsed: 2.091 s  <<< ERROR!
[ 3583s] java.util.concurrent.ExecutionException: org.apache.http.ConnectionClosedException: Connection closed
[ 3583s] 	at org.apache.http.nio.client.integration.TestHttpAsyncPipelining.testPipelinedPostsAndGets(TestHttpAsyncPipelining.java:152)
[ 3583s] Caused by: org.apache.http.ConnectionClosedException: Connection closed
[ 3583s] 
[ 3584s] [INFO] Running org.apache.http.nio.client.integration.TestClientAuthenticationFallBack
[ 3585s] [INFO] Tests run: 1, Failures: 0, Errors: 0, Skipped: 0, Time elapsed: 0.09 s - in org.apache.http.nio.client.integration.TestClientAuthenticationFallBack
[ 3585s] [INFO] Running org.apache.http.nio.client.integration.TestClientAuthentication
[ 3608s] [ERROR] Tests run: 22, Failures: 0, Errors: 10, Skipped: 0, Time elapsed: 19.835 s <<< FAILURE! - in org.apache.http.nio.client.integration.TestClientAuthentication
[ 3608s] [ERROR] testAuthenticationUserinfoInRedirectSuccess[https](org.apache.http.nio.client.integration.TestClientAuthentication)  Time elapsed: 1.586 s  <<< ERROR!
[ 3608s] java.util.concurrent.ExecutionException: org.apache.http.ConnectionClosedException: Connection closed
[ 3608s] 	at org.apache.http.nio.client.integration.TestClientAuthentication.testAuthenticationUserinfoInRedirectSuccess(TestClientAuthentication.java:467)
[ 3608s] Caused by: org.apache.http.ConnectionClosedException: Connection closed
[ 3608s] 
[ 3608s] [ERROR] testBasicAuthenticationNoCreds[https](org.apache.http.nio.client.integration.TestClientAuthentication)  Time elapsed: 1.491 s  <<< ERROR!
[ 3608s] java.util.concurrent.ExecutionException: org.apache.http.ConnectionClosedException: Connection closed
[ 3609s] 	at org.apache.http.nio.client.integration.TestClientAuthentication.testBasicAuthenticationNoCreds(TestClientAuthentication.java:232)
[ 3609s] Caused by: org.apache.http.ConnectionClosedException: Connection closed
[ 3609s] 
[ 3609s] [ERROR] testBasicAuthenticationCredentialsCaching[https](org.apache.http.nio.client.integration.TestClientAuthentication)  Time elapsed: 1.499 s  <<< ERROR!
[ 3609s] java.util.concurrent.ExecutionException: org.apache.http.ConnectionClosedException: Connection closed
[ 3609s] 	at org.apache.http.nio.client.integration.TestClientAuthentication.testBasicAuthenticationCredentialsCaching(TestClientAuthentication.java:398)
[ 3609s] Caused by: org.apache.http.ConnectionClosedException: Connection closed
[ 3609s] 
[ 3609s] [ERROR] testBasicAuthenticationSuccess[https](org.apache.http.nio.client.integration.TestClientAuthentication)  Time elapsed: 1.45 s  <<< ERROR!
[ 3609s] java.util.concurrent.ExecutionException: org.apache.http.ConnectionClosedException: Connection closed
[ 3609s] 	at org.apache.http.nio.client.integration.TestClientAuthentication.testBasicAuthenticationSuccess(TestClientAuthentication.java:270)
[ 3609s] Caused by: org.apache.http.ConnectionClosedException: Connection closed
[ 3609s] 
[ 3609s] [ERROR] testAuthenticationUserinfoInRequestSuccess[https](org.apache.http.nio.client.integration.TestClientAuthentication)  Time elapsed: 1.529 s  <<< ERROR!
[ 3610s] java.util.concurrent.ExecutionException: org.apache.http.ConnectionClosedException: Connection closed
[ 3610s] 	at org.apache.http.nio.client.integration.TestClientAuthentication.testAuthenticationUserinfoInRequestSuccess(TestClientAuthentication.java:418)
[ 3610s] Caused by: org.apache.http.ConnectionClosedException: Connection closed
[ 3610s] 
[ 3610s] [ERROR] testBasicAuthenticationSuccessNonPersistentConnection[https](org.apache.http.nio.client.integration.TestClientAuthentication)  Time elapsed: 1.956 s  <<< ERROR!
[ 3610s] java.util.concurrent.ExecutionException: org.apache.http.ConnectionClosedException: Connection closed
[ 3610s] 	at org.apache.http.nio.client.integration.TestClientAuthentication.testBasicAuthenticationSuccessNonPersistentConnection(TestClientAuthentication.java:290)
[ 3610s] Caused by: org.apache.http.ConnectionClosedException: Connection closed
[ 3610s] 
[ 3610s] [ERROR] testBasicAuthenticationFailure[https](org.apache.http.nio.client.integration.TestClientAuthentication)  Time elapsed: 1.623 s  <<< ERROR!
[ 3610s] java.util.concurrent.ExecutionException: org.apache.http.ConnectionClosedException: Connection closed
[ 3610s] 	at org.apache.http.nio.client.integration.TestClientAuthentication.testBasicAuthenticationFailure(TestClientAuthentication.java:251)
[ 3610s] Caused by: org.apache.http.ConnectionClosedException: Connection closed
[ 3610s] 
[ 3611s] [ERROR] testAuthenticationUserinfoInRequestFailure[https](org.apache.http.nio.client.integration.TestClientAuthentication)  Time elapsed: 2.351 s  <<< ERROR!
[ 3611s] java.util.concurrent.ExecutionException: org.apache.http.ConnectionClosedException: Connection closed
[ 3611s] 	at org.apache.http.nio.client.integration.TestClientAuthentication.testAuthenticationUserinfoInRequestFailure(TestClientAuthentication.java:433)
[ 3611s] Caused by: org.apache.http.ConnectionClosedException: Connection closed
[ 3611s] 
[ 3611s] [ERROR] testBasicAuthenticationSuccessWithNonRepeatableExpectContinue[https](org.apache.http.nio.client.integration.TestClientAuthentication)  Time elapsed: 1.676 s  <<< ERROR!
[ 3611s] java.util.concurrent.ExecutionException: org.apache.http.ConnectionClosedException: Connection closed
[ 3611s] 	at org.apache.http.nio.client.integration.TestClientAuthentication.testBasicAuthenticationSuccessWithNonRepeatableExpectContinue(TestClientAuthentication.java:323)
[ 3611s] Caused by: org.apache.http.ConnectionClosedException: Connection closed
[ 3611s] 
[ 3611s] [ERROR] testBasicAuthenticationSuccessOnRepeatablePost[https](org.apache.http.nio.client.integration.TestClientAuthentication)  Time elapsed: 1.489 s  <<< ERROR!
[ 3612s] java.util.concurrent.ExecutionException: org.apache.http.ConnectionClosedException: Connection closed
[ 3612s] 	at org.apache.http.nio.client.integration.TestClientAuthentication.testBasicAuthenticationSuccessOnRepeatablePost(TestClientAuthentication.java:375)
[ 3612s] Caused by: org.apache.http.ConnectionClosedException: Connection closed
[ 3612s] 
[ 3622s] [INFO] 
[ 3622s] [INFO] Results:
[ 3622s] [INFO] 
[ 3622s] [ERROR] Failures: 
[ 3622s] [ERROR]   TestHttpAsync.testRequestFailure:201 expected:<[Kaboom]> but was:<[Connection closed]>
[ 3622s] [ERROR] Errors: 
[ 3622s] [ERROR]   TestClientAuthentication.testAuthenticationUserinfoInRedirectSuccess:467  Execution
[ 3622s] [ERROR]   TestClientAuthentication.testAuthenticationUserinfoInRequestFailure:433  Execution
[ 3622s] [ERROR]   TestClientAuthentication.testAuthenticationUserinfoInRequestSuccess:418  Execution
[ 3622s] [ERROR]   TestClientAuthentication.testBasicAuthenticationCredentialsCaching:398  Execution
[ 3622s] [ERROR]   TestClientAuthentication.testBasicAuthenticationFailure:251  Execution org.ap...
[ 3622s] [ERROR]   TestClientAuthentication.testBasicAuthenticationNoCreds:232  Execution org.ap...
[ 3622s] [ERROR]   TestClientAuthentication.testBasicAuthenticationSuccessNonPersistentConnection:290  Execution
[ 3622s] [ERROR]   TestClientAuthentication.testBasicAuthenticationSuccessOnRepeatablePost:375  Execution
[ 3622s] [ERROR]   TestClientAuthentication.testBasicAuthenticationSuccessWithNonRepeatableExpectContinue:323  Execution
[ 3622s] [ERROR]   TestClientAuthentication.testBasicAuthenticationSuccess:270  Execution org.ap...
[ 3622s] [ERROR]   TestHttpAsync.testClientCloseloseQuietly:243  Execution org.apache.http.Conne...
[ 3623s] [ERROR]   TestHttpAsync.testMultiplePostsOverMultipleConnections:137  Execution org.apa...
[ 3623s] [ERROR]   TestHttpAsync.testMultiplePostsOverSingleConnection:169  Execution org.apache...
[ 3623s] [ERROR]   TestHttpAsync.testSharedPool:210  Execution org.apache.http.ConnectionClosedE...
[ 3623s] [ERROR]   TestHttpAsync.testSingleGet:90  Execution org.apache.http.ConnectionClosedExc...
[ 3623s] [ERROR]   TestHttpAsync.testSinglePost:106  Execution org.apache.http.ConnectionClosedE...
[ 3623s] [ERROR]   TestHttpAsyncMinimal.testMultiplePostsOverMultipleConnections:150  Execution ...
[ 3623s] [ERROR]   TestHttpAsyncMinimal.testMultiplePostsOverSingleConnection:182  Execution org...
[ 3623s] [ERROR]   TestHttpAsyncMinimal.testSingleGet:103  Execution org.apache.http.ConnectionC...
[ 3623s] [ERROR]   TestHttpAsyncMinimal.testSinglePost:119  Execution org.apache.http.Connection...
[ 3623s] [ERROR]   TestHttpAsyncPipelining.testPipelinedGets:114  Execution org.apache.http.Conn...
[ 3623s] [ERROR]   TestHttpAsyncPipelining.testPipelinedPostsAndGets:152  Execution org.apache.h...
[ 3623s] [ERROR]   TestRedirects.testBasicRedirect300:283  Execution org.apache.http.ConnectionC...
[ 3623s] [ERROR]   TestRedirects.testBasicRedirect301:303  Execution org.apache.http.ConnectionC...
[ 3623s] [ERROR]   TestRedirects.testBasicRedirect302NoLocation:356  Execution org.apache.http.C...
[ 3623s] [ERROR]   TestRedirects.testBasicRedirect302:325  Execution org.apache.http.ConnectionC...
[ 3623s] [ERROR]   TestRedirects.testBasicRedirect303:378  Execution org.apache.http.ConnectionC...
[ 3623s] [ERROR]   TestRedirects.testBasicRedirect304:400  Execution org.apache.http.ConnectionC...
[ 3623s] [ERROR]   TestRedirects.testBasicRedirect305:420  Execution org.apache.http.ConnectionC...
[ 3624s] [ERROR]   TestRedirects.testBasicRedirect307:440  Execution org.apache.http.ConnectionC...
[ 3624s] [ERROR]   TestRedirects.testCircularRedirect[https]   Unexpected exception, expected<ja...
[ 3624s] [ERROR]   TestRedirects.testCrossSiteRedirect:757  Execution org.apache.http.Connection...
[ 3624s] [ERROR]   TestRedirects.testDefaultHeadersRedirect:688  Execution org.apache.http.Conne...
[ 3624s] [ERROR]   TestRedirects.testDifferentRequestSameRedirect:838  Execution org.apache.http...
[ 3624s] [ERROR]   TestRedirects.testMaxRedirectCheck[https]   Unexpected exception, expected<ja...
[ 3624s] [ERROR]   TestRedirects.testPostNoRedirect:504  Execution org.apache.http.ConnectionClo...
[ 3624s] [ERROR]   TestRedirects.testPostRedirectSeeOther:526  Execution org.apache.http.Connect...
[ 3624s] [ERROR]   TestRedirects.testRedirectWithCookie:660  Execution org.apache.http.Connectio...
[ 3624s] [ERROR]   TestRedirects.testRejectBogusRedirectLocation[https]   Unexpected exception, ...
[ 3624s] [ERROR]   TestRedirects.testRejectInvalidRedirectLocation[https]   Unexpected exception...
[ 3624s] [ERROR]   TestRedirects.testRejectRelativeRedirect[https]   Unexpected exception, expec...
[ 3624s] [ERROR]   TestRedirects.testRelativeRedirect2:577  Execution org.apache.http.Connection...
[ 3624s] [ERROR]   TestRedirects.testRelativeRedirect:551  Execution org.apache.http.ConnectionC...
[ 3624s] [ERROR]   TestRedirects.testRepeatRequestRedirect:808  Execution org.apache.http.Connec...
[ 3624s] [ERROR]   TestRedirects.testRepeatRequest:778  Execution org.apache.http.ConnectionClos...
[ 3624s] [INFO] 
[ 3624s] [ERROR] Tests run: 107, Failures: 1, Errors: 45, Skipped: 0
[ 3624s] [INFO] 
[ 3625s] [INFO] 
[ 3625s] [INFO] ------------------------------------------------------------------------
[ 3625s] [INFO] Skipping Apache HttpComponents AsyncClient
[ 3625s] [INFO] This project has been banned from the build due to previous failures.
[ 3625s] [INFO] ------------------------------------------------------------------------
[ 3625s] [INFO] ------------------------------------------------------------------------
[ 3625s] [INFO] Reactor Summary:
[ 3625s] [INFO] 
[ 3625s] [INFO] Apache HttpComponents AsyncClient 4.1.2 ............ SUCCESS [01:25 min]
[ 3625s] [INFO] Apache HttpAsyncClient ............................. FAILURE [12:25 min]
[ 3625s] [INFO] Apache HttpAsyncClient Cache 4.1.2 ................. SKIPPED
[ 3625s] [INFO] ------------------------------------------------------------------------
[ 3625s] [INFO] BUILD FAILURE
[ 3625s] [INFO] ------------------------------------------------------------------------
[ 3625s] [INFO] Total time: 16:16 min
[ 3625s] [INFO] Finished at: 2022-04-17T02:08:43Z
[ 3625s] [INFO] ------------------------------------------------------------------------
[ 3626s] [ERROR] Failed to execute goal org.apache.maven.plugins:maven-surefire-plugin:2.22.0:test (default-test) on project httpasyncclient: There are test failures.
[ 3626s] [ERROR] 
[ 3626s] [ERROR] Please refer to /home/abuild/rpmbuild/BUILD/httpcomponents-asyncclient-4.1.2/httpasyncclient/target/surefire-reports for the individual test results.
[ 3626s] [ERROR] Please refer to dump files (if any exist) [date]-jvmRun[N].dump, [date].dumpstream and [date]-jvmRun[N].dumpstream.
[ 3626s] [ERROR] -> [Help 1]
[ 3626s] [ERROR] 
[ 3627s] [ERROR] To see the full stack trace of the errors, re-run Maven with the -e switch.
[ 3627s] [ERROR] Re-run Maven using the -X switch to enable full debug logging.
[ 3627s] [ERROR] 
[ 3627s] [ERROR] For more information about the errors and possible solutions, please read the following articles:
[ 3627s] [ERROR] [Help 1] http://cwiki.apache.org/confluence/display/MAVEN/MojoFailureException
[ 3627s] [ERROR] 
[ 3627s] [ERROR] After correcting the problems, you can resume the build with the command
[ 3627s] [ERROR]   mvn <goals> -rf :httpasyncclient
[ 3630s] error: Bad exit status from /var/tmp/rpm-tmp.BFpCLK (%build)
[ 3630s] 
[ 3630s] 
[ 3630s] RPM build errors:
[ 3630s]     Bad exit status from /var/tmp/rpm-tmp.BFpCLK (%build)
[ 3631s] 
[ 3631s] oe-RISCV-worker24 failed "build httpcomponents-asyncclient.spec" at Sun Apr 17 02:08:49 UTC 2022.
[ 3631s] 
